Mplus VERSION 8
MUTHEN & MUTHEN
07/31/2019   8:47 AM

INPUT INSTRUCTIONS

  TITLE: Your title goes here
  DATA: FILE = "try.dat";
  VARIABLE:
  NAMES = we_id weighting clus municipality region province urbanity corop inpsecj
       age age_categories sex education_level origin income_quintile household_type
       emp_status marital_status phqsum phqlevel pss_sum pa_normal pa_7days
       working_hours work_location length_home noise traffic traveltime green blue
       coh_total alpha1 alpha2 alpha3 alpha4 alpha5 alpha6 alpha7 alpha8 alpha9
       alpha10 alpha11 coh1 coh2 coh3 coh4 coh4_rev coh5 coh5_rev inside outside park
       play sport forest river lake beach pss1 pss2 pss3 pss4 pss5 pss6 pss7 pss8 pss9
       pss10 phq1 phq2 phq3 phq4 phq5 phq6 phq7 phq8 phq9 alpha1rev alpha3rev
       pleasantness safety blue300 blue1000 green300 green1000 frag16 depri16 area_ha
       adr_dec18 address_density trafficrev;
  MISSING=.;
  USEVARIABLES = phq1;

  MODEL:
  phq1;	



*** WARNING in MODEL command
  All variables are uncorrelated with all other variables in the model.
  Check that this is what is intended.
*** WARNING
  Data set contains cases with missing on all variables.
  These cases were not included in the analysis.
  Number of cases with missing on all variables:  6
   2 WARNING(S) FOUND IN THE INPUT INSTRUCTIONS



Your title goes here

SUMMARY OF ANALYSIS

Number of groups                                                 1
Number of observations                                         551

Number of dependent variables                                    1
Number of independent variables                                  0
Number of continuous latent variables                            0

Observed dependent variables

  Continuous
   PHQ1


Estimator                                                       ML
Information matrix                                        OBSERVED
Maximum number of iterations                                  1000
Convergence criterion                                    0.500D-04
Maximum number of steepest descent iterations                   20
Maximum number of iterations for H1                           2000
Convergence criterion for H1                             0.100D-03

Input data file(s)
  try.dat

Input data format  FREE


SUMMARY OF DATA

     Number of missing data patterns             1


COVARIANCE COVERAGE OF DATA

Minimum covariance coverage value   0.100


     PROPORTION OF DATA PRESENT


           Covariance Coverage
              PHQ1
              ________
 PHQ1           1.000



UNIVARIATE SAMPLE STATISTICS


     UNIVARIATE HIGHER-ORDER MOMENT DESCRIPTIVE STATISTICS

         Variable/         Mean/     Skewness/   Minimum/ % with                Percentiles
        Sample Size      Variance    Kurtosis    Maximum  Min/Max      20%/60%    40%/80%    Median

     PHQ1                  0.624       1.139       0.000   49.00%       0.000      0.000      1.000
             551.000       0.518       1.346       3.000    2.72%       1.000      1.000


THE MODEL ESTIMATION TERMINATED NORMALLY



MODEL FIT INFORMATION

Number of Free Parameters                        2

Loglikelihood

          H0 Value                        -600.439
          H1 Value                        -600.439

Information Criteria

          Akaike (AIC)                    1204.878
          Bayesian (BIC)                  1213.502
          Sample-Size Adjusted BIC        1207.153
            (n* = (n + 2) / 24)

Chi-Square Test of Model Fit

          Value                              0.000
          Degrees of Freedom                     0
          P-Value                           0.0000

RMSEA (Root Mean Square Error Of Approximation)

          Estimate                           0.000
          90 Percent C.I.                    0.000  0.000
          Probability RMSEA <= .05           0.000

CFI/TLI

          CFI                                0.000
          TLI                                1.000

Chi-Square Test of Model Fit for the Baseline Model

          Value                              0.000
          Degrees of Freedom                     0
          P-Value                           0.0000

SRMR (Standardized Root Mean Square Residual)

          Value                              0.000



MODEL RESULTS

                                                    Two-Tailed
                    Estimate       S.E.  Est./S.E.    P-Value

 Means
    PHQ1               0.624      0.031     20.368      0.000

 Variances
    PHQ1               0.518      0.031     16.598      0.000


QUALITY OF NUMERICAL RESULTS

     Condition Number for the Information Matrix              0.966E+00
       (ratio of smallest to largest eigenvalue)


DIAGRAM INFORMATION

  Use View Diagram under the Diagram menu in the Mplus Editor to view the diagram.
  If running Mplus from the Mplus Diagrammer, the diagram opens automatically.

  Diagram output
    c:\git_repositories\hroberts_cbs\center_lv.dgm

     Beginning Time:  08:47:40
        Ending Time:  08:47:41
       Elapsed Time:  00:00:01



MUTHEN & MUTHEN
3463 Stoner Ave.
Los Angeles, CA  90066

Tel: (310) 391-9971
Fax: (310) 391-8971
Web: www.StatModel.com
Support: Support@StatModel.com

Copyright (c) 1998-2017 Muthen & Muthen
