Mplus VERSION 8
MUTHEN & MUTHEN
10/04/2019  11:37 AM

INPUT INSTRUCTIONS

  DATA:
  FILE = "cfa_all_update_update_36d9a751b1b0d531c9ba2032ea79424a.dat";

  VARIABLE:
  NAMES = Pcoh1 Pcoh2 Pcoh3 Ppss1 Ppss2 Ppss3 Ppss4 Ppss5 Pphq1 Pphq2 Pphq3 Pphq4
       Pphq5 Pplea1 Pplea2 Psafe1 Psafe2 Psafe3 Pgreen1 Pgreen2 river lake beach
       traffic inside outside;
   MISSING=.;

  MODEL:
  coh BY Pcoh1*;

  coh BY Pcoh2;

  coh BY Pcoh3;

  [coh@0];

  coh@1;

  pss BY Ppss1*;

  pss BY Ppss2;

  pss BY Ppss3;

  pss BY Ppss4;

  pss BY Ppss5;

  [pss@0];

  pss@1;

  phq BY Pphq1*;

  phq BY Pphq2;

  phq BY Pphq3;

  phq BY Pphq4;

  phq BY Pphq5;

  [phq@0];

  phq@1;

  plea BY Pplea1*;

  plea BY Pplea2;

  [plea@0];

  plea@1;

  safe BY Psafe1*;

  safe BY Psafe2;

  safe BY Psafe3;

  [safe@0];

  safe@1;

  green BY Pgreen1*;

  green BY Pgreen2;

  [green@0];

  green@1;

  blue BY river*;

  blue BY lake;

  blue BY beach;

  [blue@0];

  blue@1;

  noi BY traffic*;

  noi BY inside;

  noi BY outside;

  [noi@0];

  noi@1;

  OUTPUT:
  standardized tech4 modindices;



*** WARNING
  Data set contains cases with missing on all variables.
  These cases were not included in the analysis.
  Number of cases with missing on all variables:  8
   1 WARNING(S) FOUND IN THE INPUT INSTRUCTIONS




SUMMARY OF ANALYSIS

Number of groups                                                 1
Number of observations                                        5867

Number of dependent variables                                   26
Number of independent variables                                  0
Number of continuous latent variables                            8

Observed dependent variables

  Continuous
   PCOH1       PCOH2       PCOH3       PPSS1       PPSS2       PPSS3
   PPSS4       PPSS5       PPHQ1       PPHQ2       PPHQ3       PPHQ4
   PPHQ5       PPLEA1      PPLEA2      PSAFE1      PSAFE2      PSAFE3
   PGREEN1     PGREEN2     RIVER       LAKE        BEACH       TRAFFIC
   INSIDE      OUTSIDE

Continuous latent variables
   COH         PSS         PHQ         PLEA        SAFE        GREEN
   BLUE        NOI


Estimator                                                       ML
Information matrix                                        OBSERVED
Maximum number of iterations                                  1000
Convergence criterion                                    0.500D-04
Maximum number of steepest descent iterations                   20
Maximum number of iterations for H1                           2000
Convergence criterion for H1                             0.100D-03

Input data file(s)
  cfa_all_update_update_36d9a751b1b0d531c9ba2032ea79424a.dat

Input data format  FREE


SUMMARY OF DATA

     Number of missing data patterns           208


COVARIANCE COVERAGE OF DATA

Minimum covariance coverage value   0.100


     PROPORTION OF DATA PRESENT


           Covariance Coverage
              PCOH1         PCOH2         PCOH3         PPSS1         PPSS2
              ________      ________      ________      ________      ________
 PCOH1          0.978
 PCOH2          0.976         0.990
 PCOH3          0.961         0.968         0.970
 PPSS1          0.969         0.979         0.960         0.987
 PPSS2          0.970         0.982         0.962         0.986         0.990
 PPSS3          0.969         0.980         0.961         0.986         0.987
 PPSS4          0.972         0.983         0.963         0.987         0.989
 PPSS5          0.972         0.983         0.963         0.987         0.990
 PPHQ1          0.972         0.983         0.964         0.984         0.987
 PPHQ2          0.970         0.981         0.962         0.983         0.986
 PPHQ3          0.972         0.983         0.963         0.984         0.987
 PPHQ4          0.972         0.983         0.963         0.984         0.987
 PPHQ5          0.968         0.979         0.960         0.980         0.983
 PPLEA1         0.977         0.988         0.968         0.985         0.988
 PPLEA2         0.977         0.988         0.968         0.985         0.988
 PSAFE1         0.975         0.986         0.966         0.983         0.986
 PSAFE2         0.975         0.987         0.967         0.984         0.986
 PSAFE3         0.972         0.983         0.963         0.980         0.982
 PGREEN1        0.972         0.983         0.964         0.980         0.983
 PGREEN2        0.969         0.981         0.961         0.978         0.980
 RIVER          0.934         0.944         0.925         0.941         0.944
 LAKE           0.929         0.939         0.920         0.937         0.938
 BEACH          0.934         0.944         0.925         0.942         0.944
 TRAFFIC        0.971         0.982         0.963         0.980         0.983
 INSIDE         0.973         0.984         0.965         0.982         0.984
 OUTSIDE        0.971         0.982         0.963         0.979         0.982


           Covariance Coverage
              PPSS3         PPSS4         PPSS5         PPHQ1         PPHQ2
              ________      ________      ________      ________      ________
 PPSS3          0.988
 PPSS4          0.988         0.991
 PPSS5          0.988         0.990         0.991
 PPHQ1          0.986         0.988         0.988         0.992
 PPHQ2          0.985         0.986         0.987         0.989         0.990
 PPHQ3          0.986         0.988         0.988         0.991         0.989
 PPHQ4          0.986         0.988         0.988         0.991         0.989
 PPHQ5          0.982         0.983         0.983         0.987         0.985
 PPLEA1         0.987         0.989         0.989         0.990         0.988
 PPLEA2         0.987         0.989         0.989         0.990         0.988
 PSAFE1         0.984         0.987         0.987         0.988         0.986
 PSAFE2         0.985         0.987         0.988         0.988         0.986
 PSAFE3         0.981         0.983         0.984         0.984         0.982
 PGREEN1        0.981         0.984         0.984         0.984         0.982
 PGREEN2        0.979         0.981         0.981         0.982         0.980
 RIVER          0.943         0.944         0.945         0.945         0.944
 LAKE           0.937         0.939         0.939         0.940         0.939
 BEACH          0.943         0.945         0.945         0.946         0.945
 TRAFFIC        0.981         0.983         0.984         0.984         0.982
 INSIDE         0.983         0.985         0.986         0.986         0.984
 OUTSIDE        0.981         0.983         0.983         0.984         0.982


           Covariance Coverage
              PPHQ3         PPHQ4         PPHQ5         PPLEA1        PPLEA2
              ________      ________      ________      ________      ________
 PPHQ3          0.991
 PPHQ4          0.991         0.991
 PPHQ5          0.986         0.986         0.987
 PPLEA1         0.989         0.989         0.985         0.997
 PPLEA2         0.989         0.989         0.985         0.996         0.997
 PSAFE1         0.987         0.987         0.983         0.993         0.993
 PSAFE2         0.988         0.988         0.984         0.994         0.994
 PSAFE3         0.983         0.983         0.979         0.989         0.989
 PGREEN1        0.984         0.984         0.980         0.989         0.989
 PGREEN2        0.981         0.981         0.977         0.986         0.987
 RIVER          0.945         0.945         0.941         0.949         0.949
 LAKE           0.939         0.939         0.936         0.943         0.944
 BEACH          0.945         0.945         0.942         0.950         0.950
 TRAFFIC        0.984         0.984         0.980         0.989         0.989
 INSIDE         0.986         0.986         0.981         0.990         0.990
 OUTSIDE        0.983         0.983         0.979         0.988         0.988


           Covariance Coverage
              PSAFE1        PSAFE2        PSAFE3        PGREEN1       PGREEN2
              ________      ________      ________      ________      ________
 PSAFE1         0.994
 PSAFE2         0.993         0.995
 PSAFE3         0.988         0.989         0.990
 PGREEN1        0.987         0.988         0.983         0.991
 PGREEN2        0.984         0.985         0.981         0.986         0.988
 RIVER          0.948         0.948         0.945         0.949         0.948
 LAKE           0.942         0.943         0.939         0.944         0.943
 BEACH          0.948         0.949         0.946         0.949         0.948
 TRAFFIC        0.987         0.987         0.983         0.983         0.981
 INSIDE         0.988         0.988         0.984         0.985         0.982
 OUTSIDE        0.986         0.986         0.982         0.983         0.980


           Covariance Coverage
              RIVER         LAKE          BEACH         TRAFFIC       INSIDE
              ________      ________      ________      ________      ________
 RIVER          0.951
 LAKE           0.927         0.945
 BEACH          0.920         0.918         0.951
 TRAFFIC        0.944         0.938         0.945         0.992
 INSIDE         0.945         0.939         0.946         0.985         0.993
 OUTSIDE        0.943         0.938         0.944         0.983         0.988


           Covariance Coverage
              OUTSIDE
              ________
 OUTSIDE        0.991



UNIVARIATE SAMPLE STATISTICS


     UNIVARIATE HIGHER-ORDER MOMENT DESCRIPTIVE STATISTICS

         Variable/         Mean/     Skewness/   Minimum/ % with                Percentiles
        Sample Size      Variance    Kurtosis    Maximum  Min/Max      20%/60%    40%/80%    Median

     PCOH1                 3.720      -0.607       1.000    0.68%       3.000      3.500      4.000
            5739.000       0.591       0.626       5.000    8.59%       4.000      4.500
     PCOH2                 3.862      -0.586       1.000    0.36%       3.500      4.000      4.000
            5808.000       0.534       0.626       5.000   11.90%       4.000      4.500
     PCOH3                 4.047      -0.902       1.000    1.02%       4.000      4.000      4.000
            5689.000       0.618       1.546       5.000   27.74%       4.000      5.000
     PPSS1                 1.628       0.596       0.000    0.62%       1.000      1.500      1.500
            5791.000       0.687      -0.054       5.000    0.02%       1.500      2.500
     PPSS2                 1.646       0.529       0.000    0.36%       1.000      1.500      1.500
            5808.000       0.600       0.029       4.500    0.22%       2.000      2.500
     PPSS3                 1.839       0.337       0.000    0.22%       1.000      1.500      2.000
            5799.000       0.562       0.085       5.000    0.02%       2.000      2.500
     PPSS4                 2.057       0.288       0.000    0.09%       1.500      2.000      2.000
            5813.000       0.587      -0.085       4.500    0.36%       2.000      2.500
     PPSS5                 1.302       0.367       0.000   12.33%       0.500      1.000      1.000
            5816.000       0.727      -0.249       4.000    0.52%       1.500      2.000
     PPHQ1                 0.297       2.499       0.000   63.83%       0.000      0.000      0.000
            5819.000       0.272       7.424       3.000    0.74%       0.000      0.500
     PPHQ2                 0.338       2.166       0.000   63.91%       0.000      0.000      0.000
            5807.000       0.338       4.967       3.000    0.90%       0.000      0.500
     PPHQ3                 0.988       0.859       0.000   18.88%       0.500      0.500      1.000
            5815.000       0.657       0.158       3.000    5.26%       1.000      1.500
     PPHQ4                 0.573       1.422       0.000   45.14%       0.000      0.000      0.500
            5815.000       0.512       1.602       3.000    1.77%       0.500      1.000
     PPHQ5                 0.661       1.173       0.000   48.17%       0.000      0.000      1.000
            5790.000       0.586       1.246       3.000    3.83%       1.000      1.000
     PPLEA1                3.377      -0.833       1.000    0.34%       3.000      3.500      3.500
            5849.000       0.320       0.677       4.000   30.91%       3.500      4.000
     PPLEA2                3.333      -0.921       1.000    0.58%       3.000      3.500      3.500
            5850.000       0.369       0.818       4.000   29.23%       3.500      4.000
     PSAFE1                3.168      -0.436       1.000    0.51%       2.500      3.000      3.000
            5833.000       0.380       0.009       4.000   21.74%       3.500      4.000
     PSAFE2                3.234      -0.540       1.000    0.60%       3.000      3.000      3.000
            5836.000       0.355       0.439       4.000   24.97%       3.500      4.000
     PSAFE3                3.482      -1.061       1.000    0.60%       3.000      3.500      3.500
            5810.000       0.324       1.484       4.000   44.91%       4.000      4.000
     PGREEN1               2.216       0.301       1.000    6.23%       1.500      2.000      2.000
            5813.000       0.398       0.237       4.000    2.05%       2.500      2.500
     PGREEN2               1.997       0.426       1.000   15.71%       1.500      2.000      2.000
            5798.000       0.481      -0.312       4.000    1.12%       2.000      2.500
     RIVER                 2.765      -0.348       1.000   13.52%       2.000      3.000      3.000
            5577.000       0.985      -0.923       4.000   26.75%       3.000      4.000
     LAKE                  2.813      -0.396       1.000   12.66%       2.000      3.000      3.000
            5543.000       0.985      -0.896       4.000   28.96%       3.000      4.000
     BEACH                 3.809      -3.099       1.000    0.99%       4.000      4.000      4.000
            5580.000       0.272      10.135       4.000   85.77%       4.000      4.000
     TRAFFIC               2.173       0.086       1.000   21.28%       1.000      2.000      2.000
            5818.000       0.638      -0.698       4.000    3.45%       2.000      3.000
     INSIDE                1.555       1.293       1.000   55.02%       1.000      1.000      1.000
            5827.000       0.505       1.630       4.000    2.44%       2.000      2.000
     OUTSIDE               1.732       0.888       1.000   40.28%       1.000      1.000      2.000
            5812.000       0.521       0.864       4.000    2.74%       2.000      2.000


THE MODEL ESTIMATION TERMINATED NORMALLY



MODEL FIT INFORMATION

Number of Free Parameters                      106

Loglikelihood

          H0 Value                     -130331.347
          H1 Value                     -128768.553

Information Criteria

          Akaike (AIC)                  260874.694
          Bayesian (BIC)                261582.467
          Sample-Size Adjusted BIC      261245.629
            (n* = (n + 2) / 24)

Chi-Square Test of Model Fit

          Value                           3125.588
          Degrees of Freedom                   271
          P-Value                           0.0000

RMSEA (Root Mean Square Error Of Approximation)

          Estimate                           0.042
          90 Percent C.I.                    0.041  0.044
          Probability RMSEA <= .05           1.000

CFI/TLI

          CFI                                0.956
          TLI                                0.947

Chi-Square Test of Model Fit for the Baseline Model

          Value                          64578.462
          Degrees of Freedom                   325
          P-Value                           0.0000

SRMR (Standardized Root Mean Square Residual)

          Value                              0.036



MODEL RESULTS

                                                    Two-Tailed
                    Estimate       S.E.  Est./S.E.    P-Value

 COH      BY
    PCOH1              0.636      0.009     70.071      0.000
    PCOH2              0.634      0.008     75.743      0.000
    PCOH3              0.557      0.010     57.290      0.000

 PSS      BY
    PPSS1              0.656      0.009     70.506      0.000
    PPSS2              0.639      0.009     75.183      0.000
    PPSS3              0.606      0.008     72.831      0.000
    PPSS4              0.646      0.008     77.954      0.000
    PPSS5              0.679      0.010     71.175      0.000

 PHQ      BY
    PPHQ1              0.435      0.006     75.820      0.000
    PPHQ2              0.480      0.006     74.621      0.000
    PPHQ3              0.594      0.010     62.408      0.000
    PPHQ4              0.565      0.008     69.472      0.000
    PPHQ5              0.525      0.009     57.077      0.000

 PLEA     BY
    PPLEA1             0.335      0.008     42.455      0.000
    PPLEA2             0.484      0.009     54.643      0.000

 SAFE     BY
    PSAFE1             0.529      0.007     71.911      0.000
    PSAFE2             0.433      0.007     59.237      0.000
    PSAFE3             0.395      0.007     54.141      0.000

 GREEN    BY
    PGREEN1            0.437      0.015     29.275      0.000
    PGREEN2            0.407      0.015     27.585      0.000

 BLUE     BY
    RIVER              0.462      0.020     23.342      0.000
    LAKE               0.708      0.026     27.410      0.000
    BEACH              0.107      0.009     11.671      0.000

 NOI      BY
    TRAFFIC            0.244      0.012     20.784      0.000
    INSIDE             0.585      0.010     59.963      0.000
    OUTSIDE            0.553      0.010     56.440      0.000

 PSS      WITH
    COH               -0.310      0.014    -22.650      0.000

 PHQ      WITH
    COH               -0.311      0.014    -22.434      0.000
    PSS                0.803      0.006    127.473      0.000

 PLEA     WITH
    COH                0.609      0.014     44.921      0.000
    PSS               -0.231      0.016    -14.466      0.000
    PHQ               -0.222      0.016    -13.761      0.000

 SAFE     WITH
    COH                0.440      0.013     33.164      0.000
    PSS               -0.247      0.014    -17.170      0.000
    PHQ               -0.186      0.015    -12.467      0.000
    PLEA               0.646      0.014     47.716      0.000

 GREEN    WITH
    COH               -0.094      0.019     -5.083      0.000
    PSS                0.054      0.018      3.037      0.002
    PHQ                0.040      0.018      2.193      0.028
    PLEA              -0.171      0.021     -8.145      0.000
    SAFE              -0.137      0.019     -7.323      0.000

 BLUE     WITH
    COH               -0.027      0.019     -1.414      0.157
    PSS                0.009      0.019      0.494      0.621
    PHQ               -0.018      0.019     -0.974      0.330
    PLEA              -0.077      0.021     -3.610      0.000
    SAFE              -0.076      0.019     -3.911      0.000
    GREEN              0.505      0.024     21.334      0.000

 NOI      WITH
    COH               -0.438      0.014    -31.740      0.000
    PSS                0.245      0.015     16.479      0.000
    PHQ                0.266      0.015     17.824      0.000
    PLEA              -0.473      0.015    -30.572      0.000
    SAFE              -0.393      0.015    -26.618      0.000
    GREEN              0.055      0.020      2.766      0.006
    BLUE               0.029      0.020      1.444      0.149

 Means
    COH                0.000      0.000    999.000    999.000
    PSS                0.000      0.000    999.000    999.000
    PHQ                0.000      0.000    999.000    999.000
    PLEA               0.000      0.000    999.000    999.000
    SAFE               0.000      0.000    999.000    999.000
    GREEN              0.000      0.000    999.000    999.000
    BLUE               0.000      0.000    999.000    999.000
    NOI                0.000      0.000    999.000    999.000

 Intercepts
    PCOH1              3.714      0.010    366.291      0.000
    PCOH2              3.860      0.010    402.827      0.000
    PCOH3              4.039      0.010    388.241      0.000
    PPSS1              1.628      0.011    149.627      0.000
    PPSS2              1.646      0.010    162.146      0.000
    PPSS3              1.838      0.010    187.055      0.000
    PPSS4              2.056      0.010    204.974      0.000
    PPSS5              1.302      0.011    116.541      0.000
    PPHQ1              0.298      0.007     43.581      0.000
    PPHQ2              0.340      0.008     44.545      0.000
    PPHQ3              0.989      0.011     93.065      0.000
    PPHQ4              0.574      0.009     61.145      0.000
    PPHQ5              0.662      0.010     65.830      0.000
    PPLEA1             3.376      0.007    456.096      0.000
    PPLEA2             3.332      0.008    419.626      0.000
    PSAFE1             3.167      0.008    392.478      0.000
    PSAFE2             3.233      0.008    414.685      0.000
    PSAFE3             3.480      0.007    465.786      0.000
    PGREEN1            2.216      0.008    267.830      0.000
    PGREEN2            1.997      0.009    219.303      0.000
    RIVER              2.764      0.013    208.199      0.000
    LAKE               2.811      0.013    211.427      0.000
    BEACH              3.809      0.007    545.929      0.000
    TRAFFIC            2.174      0.010    207.640      0.000
    INSIDE             1.556      0.009    167.142      0.000
    OUTSIDE            1.735      0.009    183.237      0.000

 Variances
    COH                1.000      0.000    999.000    999.000
    PSS                1.000      0.000    999.000    999.000
    PHQ                1.000      0.000    999.000    999.000
    PLEA               1.000      0.000    999.000    999.000
    SAFE               1.000      0.000    999.000    999.000
    GREEN              1.000      0.000    999.000    999.000
    BLUE               1.000      0.000    999.000    999.000
    NOI                1.000      0.000    999.000    999.000

 Residual Variances
    PCOH1              0.192      0.006     32.600      0.000
    PCOH2              0.133      0.005     25.824      0.000
    PCOH3              0.312      0.007     44.890      0.000
    PPSS1              0.257      0.006     45.607      0.000
    PPSS2              0.191      0.004     43.302      0.000
    PPSS3              0.195      0.004     44.543      0.000
    PPSS4              0.168      0.004     41.609      0.000
    PPSS5              0.267      0.006     45.452      0.000
    PPHQ1              0.083      0.002     40.072      0.000
    PPHQ2              0.108      0.003     41.192      0.000
    PPHQ3              0.305      0.007     46.669      0.000
    PPHQ4              0.194      0.004     43.873      0.000
    PPHQ5              0.312      0.006     48.685      0.000
    PPLEA1             0.208      0.005     44.013      0.000
    PPLEA2             0.135      0.006     21.632      0.000
    PSAFE1             0.100      0.004     23.729      0.000
    PSAFE2             0.168      0.004     42.027      0.000
    PSAFE3             0.170      0.004     42.051      0.000
    PGREEN1            0.207      0.012     17.211      0.000
    PGREEN2            0.316      0.011     27.487      0.000
    RIVER              0.773      0.020     38.114      0.000
    LAKE               0.484      0.034     14.235      0.000
    BEACH              0.260      0.005     51.095      0.000
    TRAFFIC            0.579      0.011     52.210      0.000
    INSIDE             0.164      0.008     21.044      0.000
    OUTSIDE            0.217      0.007     29.181      0.000


STANDARDIZED MODEL RESULTS


STDYX Standardization

                                                    Two-Tailed
                    Estimate       S.E.  Est./S.E.    P-Value

 COH      BY
    PCOH1              0.824      0.006    129.126      0.000
    PCOH2              0.867      0.006    148.256      0.000
    PCOH3              0.706      0.008     88.848      0.000

 PSS      BY
    PPSS1              0.791      0.006    140.737      0.000
    PPSS2              0.825      0.005    166.520      0.000
    PPSS3              0.809      0.005    152.897      0.000
    PPSS4              0.844      0.005    184.489      0.000
    PPSS5              0.796      0.006    143.747      0.000

 PHQ      BY
    PPHQ1              0.835      0.005    166.704      0.000
    PPHQ2              0.826      0.005    160.494      0.000
    PPHQ3              0.732      0.007    104.984      0.000
    PPHQ4              0.788      0.006    133.660      0.000
    PPHQ5              0.685      0.008     88.237      0.000

 PLEA     BY
    PPLEA1             0.592      0.011     52.886      0.000
    PPLEA2             0.796      0.011     73.209      0.000

 SAFE     BY
    PSAFE1             0.858      0.007    126.876      0.000
    PSAFE2             0.726      0.008     92.045      0.000
    PSAFE3             0.692      0.009     78.039      0.000

 GREEN    BY
    PGREEN1            0.692      0.022     31.768      0.000
    PGREEN2            0.586      0.020     29.978      0.000

 BLUE     BY
    RIVER              0.465      0.019     24.985      0.000
    LAKE               0.713      0.024     29.480      0.000
    BEACH              0.206      0.017     11.887      0.000

 NOI      BY
    TRAFFIC            0.305      0.014     21.972      0.000
    INSIDE             0.822      0.010     85.622      0.000
    OUTSIDE            0.765      0.010     80.207      0.000

 PSS      WITH
    COH               -0.310      0.014    -22.650      0.000

 PHQ      WITH
    COH               -0.311      0.014    -22.434      0.000
    PSS                0.803      0.006    127.473      0.000

 PLEA     WITH
    COH                0.609      0.014     44.921      0.000
    PSS               -0.231      0.016    -14.466      0.000
    PHQ               -0.222      0.016    -13.761      0.000

 SAFE     WITH
    COH                0.440      0.013     33.164      0.000
    PSS               -0.247      0.014    -17.170      0.000
    PHQ               -0.186      0.015    -12.467      0.000
    PLEA               0.646      0.014     47.716      0.000

 GREEN    WITH
    COH               -0.094      0.019     -5.083      0.000
    PSS                0.054      0.018      3.037      0.002
    PHQ                0.040      0.018      2.193      0.028
    PLEA              -0.171      0.021     -8.145      0.000
    SAFE              -0.137      0.019     -7.323      0.000

 BLUE     WITH
    COH               -0.027      0.019     -1.414      0.157
    PSS                0.009      0.019      0.494      0.621
    PHQ               -0.018      0.019     -0.974      0.330
    PLEA              -0.077      0.021     -3.610      0.000
    SAFE              -0.076      0.019     -3.911      0.000
    GREEN              0.505      0.024     21.334      0.000

 NOI      WITH
    COH               -0.438      0.014    -31.740      0.000
    PSS                0.245      0.015     16.479      0.000
    PHQ                0.266      0.015     17.824      0.000
    PLEA              -0.473      0.015    -30.572      0.000
    SAFE              -0.393      0.015    -26.618      0.000
    GREEN              0.055      0.020      2.766      0.006
    BLUE               0.029      0.020      1.444      0.149

 Means
    COH                0.000      0.000    999.000    999.000
    PSS                0.000      0.000    999.000    999.000
    PHQ                0.000      0.000    999.000    999.000
    PLEA               0.000      0.000    999.000    999.000
    SAFE               0.000      0.000    999.000    999.000
    GREEN              0.000      0.000    999.000    999.000
    BLUE               0.000      0.000    999.000    999.000
    NOI                0.000      0.000    999.000    999.000

 Intercepts
    PCOH1              4.813      0.047    102.554      0.000
    PCOH2              5.277      0.051    104.067      0.000
    PCOH3              5.120      0.050    102.374      0.000
    PPSS1              1.962      0.022     87.377      0.000
    PPSS2              2.125      0.024     89.786      0.000
    PPSS3              2.452      0.026     93.352      0.000
    PPSS4              2.685      0.028     95.463      0.000
    PPSS5              1.527      0.019     79.156      0.000
    PPHQ1              0.571      0.014     40.420      0.000
    PPHQ2              0.584      0.014     41.190      0.000
    PPHQ3              1.219      0.017     70.481      0.000
    PPHQ4              0.801      0.015     53.212      0.000
    PPHQ5              0.864      0.015     56.177      0.000
    PPLEA1             5.962      0.057    105.161      0.000
    PPLEA2             5.484      0.052    104.686      0.000
    PSAFE1             5.134      0.049    104.015      0.000
    PSAFE2             5.425      0.052    104.489      0.000
    PSAFE3             6.102      0.058    104.791      0.000
    PGREEN1            3.512      0.035    100.015      0.000
    PGREEN2            2.879      0.030     96.574      0.000
    RIVER              2.784      0.030     94.060      0.000
    LAKE               2.831      0.030     94.142      0.000
    BEACH              7.305      0.070    103.682      0.000
    TRAFFIC            2.721      0.028     95.746      0.000
    INSIDE             2.187      0.024     90.730      0.000
    OUTSIDE            2.400      0.026     92.969      0.000

 Variances
    COH                1.000      0.000    999.000    999.000
    PSS                1.000      0.000    999.000    999.000
    PHQ                1.000      0.000    999.000    999.000
    PLEA               1.000      0.000    999.000    999.000
    SAFE               1.000      0.000    999.000    999.000
    GREEN              1.000      0.000    999.000    999.000
    BLUE               1.000      0.000    999.000    999.000
    NOI                1.000      0.000    999.000    999.000

 Residual Variances
    PCOH1              0.322      0.011     30.610      0.000
    PCOH2              0.248      0.010     24.445      0.000
    PCOH3              0.502      0.011     44.769      0.000
    PPSS1              0.374      0.009     41.962      0.000
    PPSS2              0.319      0.008     38.992      0.000
    PPSS3              0.346      0.009     40.495      0.000
    PPSS4              0.287      0.008     37.182      0.000
    PPSS5              0.367      0.009     41.691      0.000
    PPHQ1              0.304      0.008     36.333      0.000
    PPHQ2              0.318      0.008     37.404      0.000
    PPHQ3              0.464      0.010     45.433      0.000
    PPHQ4              0.379      0.009     40.704      0.000
    PPHQ5              0.531      0.011     49.910      0.000
    PPLEA1             0.650      0.013     49.125      0.000
    PPLEA2             0.367      0.017     21.181      0.000
    PSAFE1             0.264      0.012     22.702      0.000
    PSAFE2             0.473      0.011     41.347      0.000
    PSAFE3             0.521      0.012     42.522      0.000
    PGREEN1            0.521      0.030     17.244      0.000
    PGREEN2            0.657      0.023     28.649      0.000
    RIVER              0.784      0.017     45.269      0.000
    LAKE               0.491      0.035     14.217      0.000
    BEACH              0.958      0.007    134.464      0.000
    TRAFFIC            0.907      0.008    106.796      0.000
    INSIDE             0.324      0.016     20.494      0.000
    OUTSIDE            0.415      0.015     28.435      0.000


STDY Standardization

                                                    Two-Tailed
                    Estimate       S.E.  Est./S.E.    P-Value

 COH      BY
    PCOH1              0.824      0.006    129.126      0.000
    PCOH2              0.867      0.006    148.256      0.000
    PCOH3              0.706      0.008     88.848      0.000

 PSS      BY
    PPSS1              0.791      0.006    140.737      0.000
    PPSS2              0.825      0.005    166.520      0.000
    PPSS3              0.809      0.005    152.897      0.000
    PPSS4              0.844      0.005    184.489      0.000
    PPSS5              0.796      0.006    143.747      0.000

 PHQ      BY
    PPHQ1              0.835      0.005    166.704      0.000
    PPHQ2              0.826      0.005    160.494      0.000
    PPHQ3              0.732      0.007    104.984      0.000
    PPHQ4              0.788      0.006    133.660      0.000
    PPHQ5              0.685      0.008     88.237      0.000

 PLEA     BY
    PPLEA1             0.592      0.011     52.886      0.000
    PPLEA2             0.796      0.011     73.209      0.000

 SAFE     BY
    PSAFE1             0.858      0.007    126.876      0.000
    PSAFE2             0.726      0.008     92.045      0.000
    PSAFE3             0.692      0.009     78.039      0.000

 GREEN    BY
    PGREEN1            0.692      0.022     31.768      0.000
    PGREEN2            0.586      0.020     29.978      0.000

 BLUE     BY
    RIVER              0.465      0.019     24.985      0.000
    LAKE               0.713      0.024     29.480      0.000
    BEACH              0.206      0.017     11.887      0.000

 NOI      BY
    TRAFFIC            0.305      0.014     21.972      0.000
    INSIDE             0.822      0.010     85.622      0.000
    OUTSIDE            0.765      0.010     80.207      0.000

 PSS      WITH
    COH               -0.310      0.014    -22.650      0.000

 PHQ      WITH
    COH               -0.311      0.014    -22.434      0.000
    PSS                0.803      0.006    127.473      0.000

 PLEA     WITH
    COH                0.609      0.014     44.921      0.000
    PSS               -0.231      0.016    -14.466      0.000
    PHQ               -0.222      0.016    -13.761      0.000

 SAFE     WITH
    COH                0.440      0.013     33.164      0.000
    PSS               -0.247      0.014    -17.170      0.000
    PHQ               -0.186      0.015    -12.467      0.000
    PLEA               0.646      0.014     47.716      0.000

 GREEN    WITH
    COH               -0.094      0.019     -5.083      0.000
    PSS                0.054      0.018      3.037      0.002
    PHQ                0.040      0.018      2.193      0.028
    PLEA              -0.171      0.021     -8.145      0.000
    SAFE              -0.137      0.019     -7.323      0.000

 BLUE     WITH
    COH               -0.027      0.019     -1.414      0.157
    PSS                0.009      0.019      0.494      0.621
    PHQ               -0.018      0.019     -0.974      0.330
    PLEA              -0.077      0.021     -3.610      0.000
    SAFE              -0.076      0.019     -3.911      0.000
    GREEN              0.505      0.024     21.334      0.000

 NOI      WITH
    COH               -0.438      0.014    -31.740      0.000
    PSS                0.245      0.015     16.479      0.000
    PHQ                0.266      0.015     17.824      0.000
    PLEA              -0.473      0.015    -30.572      0.000
    SAFE              -0.393      0.015    -26.618      0.000
    GREEN              0.055      0.020      2.766      0.006
    BLUE               0.029      0.020      1.444      0.149

 Means
    COH                0.000      0.000    999.000    999.000
    PSS                0.000      0.000    999.000    999.000
    PHQ                0.000      0.000    999.000    999.000
    PLEA               0.000      0.000    999.000    999.000
    SAFE               0.000      0.000    999.000    999.000
    GREEN              0.000      0.000    999.000    999.000
    BLUE               0.000      0.000    999.000    999.000
    NOI                0.000      0.000    999.000    999.000

 Intercepts
    PCOH1              4.813      0.047    102.554      0.000
    PCOH2              5.277      0.051    104.067      0.000
    PCOH3              5.120      0.050    102.374      0.000
    PPSS1              1.962      0.022     87.377      0.000
    PPSS2              2.125      0.024     89.786      0.000
    PPSS3              2.452      0.026     93.352      0.000
    PPSS4              2.685      0.028     95.463      0.000
    PPSS5              1.527      0.019     79.156      0.000
    PPHQ1              0.571      0.014     40.420      0.000
    PPHQ2              0.584      0.014     41.190      0.000
    PPHQ3              1.219      0.017     70.481      0.000
    PPHQ4              0.801      0.015     53.212      0.000
    PPHQ5              0.864      0.015     56.177      0.000
    PPLEA1             5.962      0.057    105.161      0.000
    PPLEA2             5.484      0.052    104.686      0.000
    PSAFE1             5.134      0.049    104.015      0.000
    PSAFE2             5.425      0.052    104.489      0.000
    PSAFE3             6.102      0.058    104.791      0.000
    PGREEN1            3.512      0.035    100.015      0.000
    PGREEN2            2.879      0.030     96.574      0.000
    RIVER              2.784      0.030     94.060      0.000
    LAKE               2.831      0.030     94.142      0.000
    BEACH              7.305      0.070    103.682      0.000
    TRAFFIC            2.721      0.028     95.746      0.000
    INSIDE             2.187      0.024     90.730      0.000
    OUTSIDE            2.400      0.026     92.969      0.000

 Variances
    COH                1.000      0.000    999.000    999.000
    PSS                1.000      0.000    999.000    999.000
    PHQ                1.000      0.000    999.000    999.000
    PLEA               1.000      0.000    999.000    999.000
    SAFE               1.000      0.000    999.000    999.000
    GREEN              1.000      0.000    999.000    999.000
    BLUE               1.000      0.000    999.000    999.000
    NOI                1.000      0.000    999.000    999.000

 Residual Variances
    PCOH1              0.322      0.011     30.610      0.000
    PCOH2              0.248      0.010     24.445      0.000
    PCOH3              0.502      0.011     44.769      0.000
    PPSS1              0.374      0.009     41.962      0.000
    PPSS2              0.319      0.008     38.992      0.000
    PPSS3              0.346      0.009     40.495      0.000
    PPSS4              0.287      0.008     37.182      0.000
    PPSS5              0.367      0.009     41.691      0.000
    PPHQ1              0.304      0.008     36.333      0.000
    PPHQ2              0.318      0.008     37.404      0.000
    PPHQ3              0.464      0.010     45.433      0.000
    PPHQ4              0.379      0.009     40.704      0.000
    PPHQ5              0.531      0.011     49.910      0.000
    PPLEA1             0.650      0.013     49.125      0.000
    PPLEA2             0.367      0.017     21.181      0.000
    PSAFE1             0.264      0.012     22.702      0.000
    PSAFE2             0.473      0.011     41.347      0.000
    PSAFE3             0.521      0.012     42.522      0.000
    PGREEN1            0.521      0.030     17.244      0.000
    PGREEN2            0.657      0.023     28.649      0.000
    RIVER              0.784      0.017     45.269      0.000
    LAKE               0.491      0.035     14.217      0.000
    BEACH              0.958      0.007    134.464      0.000
    TRAFFIC            0.907      0.008    106.796      0.000
    INSIDE             0.324      0.016     20.494      0.000
    OUTSIDE            0.415      0.015     28.435      0.000


STD Standardization

                                                    Two-Tailed
                    Estimate       S.E.  Est./S.E.    P-Value

 COH      BY
    PCOH1              0.636      0.009     70.071      0.000
    PCOH2              0.634      0.008     75.743      0.000
    PCOH3              0.557      0.010     57.290      0.000

 PSS      BY
    PPSS1              0.656      0.009     70.506      0.000
    PPSS2              0.639      0.009     75.183      0.000
    PPSS3              0.606      0.008     72.831      0.000
    PPSS4              0.646      0.008     77.954      0.000
    PPSS5              0.679      0.010     71.175      0.000

 PHQ      BY
    PPHQ1              0.435      0.006     75.820      0.000
    PPHQ2              0.480      0.006     74.621      0.000
    PPHQ3              0.594      0.010     62.408      0.000
    PPHQ4              0.565      0.008     69.472      0.000
    PPHQ5              0.525      0.009     57.077      0.000

 PLEA     BY
    PPLEA1             0.335      0.008     42.455      0.000
    PPLEA2             0.484      0.009     54.643      0.000

 SAFE     BY
    PSAFE1             0.529      0.007     71.911      0.000
    PSAFE2             0.433      0.007     59.237      0.000
    PSAFE3             0.395      0.007     54.141      0.000

 GREEN    BY
    PGREEN1            0.437      0.015     29.275      0.000
    PGREEN2            0.407      0.015     27.585      0.000

 BLUE     BY
    RIVER              0.462      0.020     23.342      0.000
    LAKE               0.708      0.026     27.410      0.000
    BEACH              0.107      0.009     11.671      0.000

 NOI      BY
    TRAFFIC            0.244      0.012     20.784      0.000
    INSIDE             0.585      0.010     59.963      0.000
    OUTSIDE            0.553      0.010     56.440      0.000

 PSS      WITH
    COH               -0.310      0.014    -22.650      0.000

 PHQ      WITH
    COH               -0.311      0.014    -22.434      0.000
    PSS                0.803      0.006    127.473      0.000

 PLEA     WITH
    COH                0.609      0.014     44.921      0.000
    PSS               -0.231      0.016    -14.466      0.000
    PHQ               -0.222      0.016    -13.761      0.000

 SAFE     WITH
    COH                0.440      0.013     33.164      0.000
    PSS               -0.247      0.014    -17.170      0.000
    PHQ               -0.186      0.015    -12.467      0.000
    PLEA               0.646      0.014     47.716      0.000

 GREEN    WITH
    COH               -0.094      0.019     -5.083      0.000
    PSS                0.054      0.018      3.037      0.002
    PHQ                0.040      0.018      2.193      0.028
    PLEA              -0.171      0.021     -8.145      0.000
    SAFE              -0.137      0.019     -7.323      0.000

 BLUE     WITH
    COH               -0.027      0.019     -1.414      0.157
    PSS                0.009      0.019      0.494      0.621
    PHQ               -0.018      0.019     -0.974      0.330
    PLEA              -0.077      0.021     -3.610      0.000
    SAFE              -0.076      0.019     -3.911      0.000
    GREEN              0.505      0.024     21.334      0.000

 NOI      WITH
    COH               -0.438      0.014    -31.740      0.000
    PSS                0.245      0.015     16.479      0.000
    PHQ                0.266      0.015     17.824      0.000
    PLEA              -0.473      0.015    -30.572      0.000
    SAFE              -0.393      0.015    -26.618      0.000
    GREEN              0.055      0.020      2.766      0.006
    BLUE               0.029      0.020      1.444      0.149

 Means
    COH                0.000      0.000    999.000    999.000
    PSS                0.000      0.000    999.000    999.000
    PHQ                0.000      0.000    999.000    999.000
    PLEA               0.000      0.000    999.000    999.000
    SAFE               0.000      0.000    999.000    999.000
    GREEN              0.000      0.000    999.000    999.000
    BLUE               0.000      0.000    999.000    999.000
    NOI                0.000      0.000    999.000    999.000

 Intercepts
    PCOH1              3.714      0.010    366.291      0.000
    PCOH2              3.860      0.010    402.827      0.000
    PCOH3              4.039      0.010    388.241      0.000
    PPSS1              1.628      0.011    149.627      0.000
    PPSS2              1.646      0.010    162.146      0.000
    PPSS3              1.838      0.010    187.055      0.000
    PPSS4              2.056      0.010    204.974      0.000
    PPSS5              1.302      0.011    116.541      0.000
    PPHQ1              0.298      0.007     43.581      0.000
    PPHQ2              0.340      0.008     44.545      0.000
    PPHQ3              0.989      0.011     93.065      0.000
    PPHQ4              0.574      0.009     61.145      0.000
    PPHQ5              0.662      0.010     65.830      0.000
    PPLEA1             3.376      0.007    456.096      0.000
    PPLEA2             3.332      0.008    419.626      0.000
    PSAFE1             3.167      0.008    392.478      0.000
    PSAFE2             3.233      0.008    414.685      0.000
    PSAFE3             3.480      0.007    465.786      0.000
    PGREEN1            2.216      0.008    267.830      0.000
    PGREEN2            1.997      0.009    219.303      0.000
    RIVER              2.764      0.013    208.199      0.000
    LAKE               2.811      0.013    211.427      0.000
    BEACH              3.809      0.007    545.929      0.000
    TRAFFIC            2.174      0.010    207.640      0.000
    INSIDE             1.556      0.009    167.142      0.000
    OUTSIDE            1.735      0.009    183.237      0.000

 Variances
    COH                1.000      0.000    999.000    999.000
    PSS                1.000      0.000    999.000    999.000
    PHQ                1.000      0.000    999.000    999.000
    PLEA               1.000      0.000    999.000    999.000
    SAFE               1.000      0.000    999.000    999.000
    GREEN              1.000      0.000    999.000    999.000
    BLUE               1.000      0.000    999.000    999.000
    NOI                1.000      0.000    999.000    999.000

 Residual Variances
    PCOH1              0.192      0.006     32.600      0.000
    PCOH2              0.133      0.005     25.824      0.000
    PCOH3              0.312      0.007     44.890      0.000
    PPSS1              0.257      0.006     45.607      0.000
    PPSS2              0.191      0.004     43.302      0.000
    PPSS3              0.195      0.004     44.543      0.000
    PPSS4              0.168      0.004     41.609      0.000
    PPSS5              0.267      0.006     45.452      0.000
    PPHQ1              0.083      0.002     40.072      0.000
    PPHQ2              0.108      0.003     41.192      0.000
    PPHQ3              0.305      0.007     46.669      0.000
    PPHQ4              0.194      0.004     43.873      0.000
    PPHQ5              0.312      0.006     48.685      0.000
    PPLEA1             0.208      0.005     44.013      0.000
    PPLEA2             0.135      0.006     21.632      0.000
    PSAFE1             0.100      0.004     23.729      0.000
    PSAFE2             0.168      0.004     42.027      0.000
    PSAFE3             0.170      0.004     42.051      0.000
    PGREEN1            0.207      0.012     17.211      0.000
    PGREEN2            0.316      0.011     27.487      0.000
    RIVER              0.773      0.020     38.114      0.000
    LAKE               0.484      0.034     14.235      0.000
    BEACH              0.260      0.005     51.095      0.000
    TRAFFIC            0.579      0.011     52.210      0.000
    INSIDE             0.164      0.008     21.044      0.000
    OUTSIDE            0.217      0.007     29.181      0.000


R-SQUARE

    Observed                                        Two-Tailed
    Variable        Estimate       S.E.  Est./S.E.    P-Value

    PCOH1              0.678      0.011     64.563      0.000
    PCOH2              0.752      0.010     74.128      0.000
    PCOH3              0.498      0.011     44.424      0.000
    PPSS1              0.626      0.009     70.369      0.000
    PPSS2              0.681      0.008     83.260      0.000
    PPSS3              0.654      0.009     76.449      0.000
    PPSS4              0.713      0.008     92.244      0.000
    PPSS5              0.633      0.009     71.874      0.000
    PPHQ1              0.696      0.008     83.352      0.000
    PPHQ2              0.682      0.008     80.247      0.000
    PPHQ3              0.536      0.010     52.492      0.000
    PPHQ4              0.621      0.009     66.830      0.000
    PPHQ5              0.469      0.011     44.118      0.000
    PPLEA1             0.350      0.013     26.443      0.000
    PPLEA2             0.633      0.017     36.604      0.000
    PSAFE1             0.736      0.012     63.438      0.000
    PSAFE2             0.527      0.011     46.022      0.000
    PSAFE3             0.479      0.012     39.019      0.000
    PGREEN1            0.479      0.030     15.884      0.000
    PGREEN2            0.343      0.023     14.989      0.000
    RIVER              0.216      0.017     12.493      0.000
    LAKE               0.509      0.035     14.740      0.000
    BEACH              0.042      0.007      5.943      0.000
    TRAFFIC            0.093      0.008     10.986      0.000
    INSIDE             0.676      0.016     42.811      0.000
    OUTSIDE            0.585      0.015     40.104      0.000


QUALITY OF NUMERICAL RESULTS

     Condition Number for the Information Matrix              0.179E-02
       (ratio of smallest to largest eigenvalue)


MODEL MODIFICATION INDICES

NOTE:  Modification indices for direct effects of observed dependent variables
regressed on covariates may not be included.  To include these, request
MODINDICES (ALL).

Minimum M.I. value for printing the modification index    10.000

                                   M.I.     E.P.C.  Std E.P.C.  StdYX E.P.C.

BY Statements

COH      BY PPHQ5                 11.722    -0.031     -0.031       -0.040
COH      BY PSAFE2                91.320    -0.076     -0.076       -0.128
COH      BY PSAFE3               186.595     0.106      0.106        0.186
COH      BY PGREEN1               20.927    -0.050     -0.050       -0.080
COH      BY PGREEN2               20.932     0.047      0.047        0.068
COH      BY TRAFFIC               74.304    -0.110     -0.110       -0.138
COH      BY OUTSIDE               18.610     0.058      0.058        0.080
PSS      BY PCOH1                 11.582    -0.028     -0.028       -0.036
PSS      BY PPHQ4                 13.649    -0.052     -0.052       -0.072
PSS      BY PSAFE2                13.131     0.024      0.024        0.041
PSS      BY PSAFE3                11.958    -0.023     -0.023       -0.040
PSS      BY TRAFFIC               44.708     0.074      0.074        0.093
PHQ      BY PPSS2                 28.692    -0.075     -0.075       -0.097
PHQ      BY PPSS3                 47.332    -0.095     -0.095       -0.127
PHQ      BY PPSS4                 57.675     0.103      0.103        0.135
PHQ      BY PSAFE2                26.421     0.034      0.034        0.057
PHQ      BY PSAFE3                13.368    -0.024     -0.024       -0.042
PHQ      BY TRAFFIC               16.184     0.045      0.045        0.057
PLEA     BY PCOH1                108.563     0.135      0.135        0.174
PLEA     BY PCOH2                 47.647    -0.086     -0.086       -0.118
PLEA     BY PCOH3                 15.768    -0.054     -0.054       -0.068
PLEA     BY PSAFE1                68.294    -0.112     -0.112       -0.182
PLEA     BY PSAFE2                67.655    -0.098     -0.098       -0.164
PLEA     BY PSAFE3               315.987     0.201      0.201        0.352
PLEA     BY PGREEN1               58.300    -0.094     -0.094       -0.149
PLEA     BY PGREEN2               58.308     0.088      0.088        0.126
PLEA     BY TRAFFIC              469.441    -0.309     -0.309       -0.387
PLEA     BY INSIDE                13.675     0.064      0.064        0.090
PLEA     BY OUTSIDE               51.773     0.117      0.117        0.162
SAFE     BY PCOH1                 57.556     0.072      0.072        0.094
SAFE     BY PCOH3                 28.836    -0.056     -0.056       -0.071
SAFE     BY PPSS3                 13.336    -0.027     -0.027       -0.036
SAFE     BY PGREEN1               19.232    -0.051     -0.051       -0.080
SAFE     BY PGREEN2               19.234     0.047      0.047        0.068
SAFE     BY TRAFFIC              699.278    -0.332     -0.332       -0.416
SAFE     BY INSIDE                65.771     0.103      0.103        0.145
GREEN    BY PSAFE1                11.096     0.028      0.028        0.045
GREEN    BY PSAFE2                27.397    -0.042     -0.042       -0.070
GREEN    BY LAKE                  10.412    -0.222     -0.222       -0.224
GREEN    BY TRAFFIC              104.449     0.132      0.132        0.166
GREEN    BY INSIDE                10.103    -0.034     -0.034       -0.047
BLUE     BY PSAFE2                23.338    -0.039     -0.039       -0.065
BLUE     BY PGREEN1               39.881    -0.276     -0.276       -0.438
BLUE     BY PGREEN2               39.866     0.257      0.257        0.371
BLUE     BY TRAFFIC               29.685     0.072      0.072        0.090
NOI      BY PCOH1                 66.718    -0.080     -0.080       -0.104
NOI      BY PCOH2                 35.631     0.056      0.056        0.077
NOI      BY PPSS1                 27.158    -0.045     -0.045       -0.054
NOI      BY PPHQ1                 18.978    -0.023     -0.023       -0.044
NOI      BY PPHQ2                 12.010    -0.021     -0.021       -0.035
NOI      BY PPHQ3                 44.411     0.062      0.062        0.076
NOI      BY PPLEA1                31.677     0.059      0.059        0.104
NOI      BY PPLEA2                31.683    -0.085     -0.085       -0.140
NOI      BY PSAFE2                11.590     0.027      0.027        0.046
NOI      BY PSAFE3                27.171    -0.041     -0.041       -0.071
NOI      BY PGREEN1               27.811     0.060      0.060        0.094
NOI      BY PGREEN2               27.815    -0.055     -0.055       -0.080

WITH Statements

PCOH2    WITH PCOH1               15.861    -0.034     -0.034       -0.213
PCOH3    WITH PCOH1               74.167    -0.054     -0.054       -0.222
PCOH3    WITH PCOH2              148.774     0.078      0.078        0.385
PPSS3    WITH PPSS1               35.789     0.022      0.022        0.100
PPSS3    WITH PPSS2               56.636     0.025      0.025        0.131
PPSS4    WITH PPSS2               34.627    -0.020     -0.020       -0.109
PPSS4    WITH PPSS3               16.823    -0.013     -0.013       -0.074
PPSS5    WITH PPSS1               50.565    -0.031     -0.031       -0.117
PPSS5    WITH PPSS2               30.502     0.021      0.021        0.094
PPSS5    WITH PPSS3               15.104    -0.015     -0.015       -0.065
PPHQ1    WITH PCOH3               11.767    -0.009     -0.009       -0.055
PPHQ1    WITH PPSS1               58.381     0.018      0.018        0.123
PPHQ2    WITH PPSS1               25.821     0.013      0.013        0.081
PPHQ2    WITH PPHQ1              260.077     0.031      0.031        0.326
PPHQ3    WITH PPSS1               45.989    -0.029     -0.029       -0.102
PPHQ3    WITH PPSS4               76.477     0.031      0.031        0.137
PPHQ3    WITH PPHQ1               95.009    -0.027     -0.027       -0.169
PPHQ3    WITH PPHQ2              149.023    -0.038     -0.038       -0.209
PPHQ4    WITH PPSS1               24.649    -0.017     -0.017       -0.077
PPHQ4    WITH PPSS3               12.283    -0.011     -0.011       -0.055
PPHQ4    WITH PPSS5               10.393     0.011      0.011        0.050
PPHQ4    WITH PPHQ1              148.856    -0.029     -0.029       -0.228
PPHQ4    WITH PPHQ3              325.519     0.071      0.071        0.292
PPHQ5    WITH PPHQ1               21.214     0.012      0.012        0.077
PPHQ5    WITH PPHQ2               63.937    -0.024     -0.024       -0.132
PPHQ5    WITH PPHQ3               10.859     0.015      0.015        0.050
PPLEA1   WITH PPHQ3               10.340     0.012      0.012        0.048
PPLEA2   WITH PCOH1               13.905     0.013      0.013        0.079
PPLEA2   WITH PCOH2               21.054    -0.015     -0.015       -0.110
PSAFE1   WITH PPLEA1              11.399    -0.010     -0.010       -0.067
PSAFE1   WITH PPLEA2              15.952    -0.012     -0.012       -0.105
PSAFE2   WITH PCOH1               21.462    -0.014     -0.014       -0.080
PSAFE2   WITH PCOH3               11.440    -0.012     -0.012       -0.053
PSAFE2   WITH PPLEA2              26.476    -0.015     -0.015       -0.101
PSAFE2   WITH PSAFE1             295.286     0.093      0.093        0.718
PSAFE3   WITH PCOH1               46.930     0.021      0.021        0.116
PSAFE3   WITH PPLEA2             104.768     0.030      0.030        0.196
PSAFE3   WITH PSAFE1              64.207    -0.038     -0.038       -0.293
PSAFE3   WITH PSAFE2              65.947    -0.030     -0.030       -0.178
PGREEN1  WITH PPLEA2              20.649    -0.019     -0.019       -0.113
PGREEN2  WITH PPLEA2              48.706     0.030      0.030        0.143
PGREEN2  WITH PSAFE2              29.897    -0.021     -0.021       -0.089
PGREEN2  WITH PSAFE3              11.888     0.013      0.013        0.055
LAKE     WITH PSAFE2              11.516    -0.019     -0.019       -0.067
LAKE     WITH PGREEN1             35.926    -0.074     -0.074       -0.233
LAKE     WITH PGREEN2             19.154     0.053      0.053        0.134
TRAFFIC  WITH PCOH2               14.268     0.018      0.018        0.065
TRAFFIC  WITH PPLEA2              41.958    -0.031     -0.031       -0.112
TRAFFIC  WITH PSAFE1              36.312    -0.026     -0.026       -0.107
TRAFFIC  WITH PSAFE2             200.083    -0.065     -0.065       -0.207
TRAFFIC  WITH PGREEN1             29.672     0.031      0.031        0.090
INSIDE   WITH PSAFE2              38.074     0.020      0.020        0.119
INSIDE   WITH TRAFFIC             70.708    -0.057     -0.057       -0.186
OUTSIDE  WITH PPSS1               10.404    -0.013     -0.013       -0.054
OUTSIDE  WITH PPHQ3               14.460     0.016      0.016        0.063
OUTSIDE  WITH PPLEA1              25.044     0.018      0.018        0.085
OUTSIDE  WITH TRAFFIC             22.138    -0.031     -0.031       -0.087
OUTSIDE  WITH INSIDE             415.625     0.493      0.493        2.617


TECHNICAL 4 OUTPUT


     ESTIMATES DERIVED FROM THE MODEL


           ESTIMATED MEANS FOR THE LATENT VARIABLES
              COH           PSS           PHQ           PLEA          SAFE
              ________      ________      ________      ________      ________
                0.000         0.000         0.000         0.000         0.000


           ESTIMATED MEANS FOR THE LATENT VARIABLES
              GREEN         BLUE          NOI
              ________      ________      ________
                0.000         0.000         0.000


           S.E. FOR ESTIMATED MEANS FOR THE LATENT VARIABLES
              COH           PSS           PHQ           PLEA          SAFE
              ________      ________      ________      ________      ________
                0.000         0.000         0.000         0.000         0.000


           S.E. FOR ESTIMATED MEANS FOR THE LATENT VARIABLES
              GREEN         BLUE          NOI
              ________      ________      ________
                0.000         0.000         0.000


           EST./S.E. FOR ESTIMATED MEANS FOR THE LATENT VARIABLES
              COH           PSS           PHQ           PLEA          SAFE
              ________      ________      ________      ________      ________
                0.000         0.000         0.000         0.000         0.000


           EST./S.E. FOR ESTIMATED MEANS FOR THE LATENT VARIABLES
              GREEN         BLUE          NOI
              ________      ________      ________
                0.000         0.000         0.000


           TWO-TAILED P-VALUE FOR ESTIMATED MEANS FOR THE LATENT VARIABLES
              COH           PSS           PHQ           PLEA          SAFE
              ________      ________      ________      ________      ________
                1.000         1.000         1.000         1.000         1.000


           TWO-TAILED P-VALUE FOR ESTIMATED MEANS FOR THE LATENT VARIABLES
              GREEN         BLUE          NOI
              ________      ________      ________
                1.000         1.000         1.000


           ESTIMATED COVARIANCE MATRIX FOR THE LATENT VARIABLES
              COH           PSS           PHQ           PLEA          SAFE
              ________      ________      ________      ________      ________
 COH            1.000
 PSS           -0.310         1.000
 PHQ           -0.311         0.803         1.000
 PLEA           0.609        -0.231        -0.222         1.000
 SAFE           0.440        -0.247        -0.186         0.646         1.000
 GREEN         -0.094         0.054         0.040        -0.171        -0.137
 BLUE          -0.027         0.009        -0.018        -0.077        -0.076
 NOI           -0.438         0.245         0.266        -0.473        -0.393


           ESTIMATED COVARIANCE MATRIX FOR THE LATENT VARIABLES
              GREEN         BLUE          NOI
              ________      ________      ________
 GREEN          1.000
 BLUE           0.505         1.000
 NOI            0.055         0.029         1.000


           S.E. FOR ESTIMATED COVARIANCE MATRIX FOR THE LATENT VARIABLES
              COH           PSS           PHQ           PLEA          SAFE
              ________      ________      ________      ________      ________
 COH            0.000
 PSS            0.014         0.000
 PHQ            0.014         0.006         0.000
 PLEA           0.014         0.016         0.016         0.000
 SAFE           0.013         0.014         0.015         0.014         0.000
 GREEN          0.019         0.018         0.018         0.021         0.019
 BLUE           0.019         0.019         0.019         0.021         0.019
 NOI            0.014         0.015         0.015         0.015         0.015


           S.E. FOR ESTIMATED COVARIANCE MATRIX FOR THE LATENT VARIABLES
              GREEN         BLUE          NOI
              ________      ________      ________
 GREEN          0.000
 BLUE           0.024         0.000
 NOI            0.020         0.020         0.000


           EST./S.E. FOR ESTIMATED COVARIANCE MATRIX FOR THE LATENT VARIABLES
              COH           PSS           PHQ           PLEA          SAFE
              ________      ________      ________      ________      ________
 COH      ***********
 PSS          -22.650   ***********
 PHQ          -22.434       127.473   ***********
 PLEA          44.921       -14.466       -13.761   ***********
 SAFE          33.164       -17.170       -12.467        47.716   ***********
 GREEN         -5.083         3.037         2.193        -8.145        -7.323
 BLUE          -1.414         0.494        -0.974        -3.610        -3.911
 NOI          -31.740        16.479        17.824       -30.572       -26.618


           EST./S.E. FOR ESTIMATED COVARIANCE MATRIX FOR THE LATENT VARIABLES
              GREEN         BLUE          NOI
              ________      ________      ________
 GREEN    ***********
 BLUE          21.334   ***********
 NOI            2.766         1.444   ***********


           TWO-TAILED P-VALUE FOR ESTIMATED COVARIANCE MATRIX FOR THE LATENT VARIABLES
              COH           PSS           PHQ           PLEA          SAFE
              ________      ________      ________      ________      ________
 COH            0.000
 PSS            0.000         0.000
 PHQ            0.000         0.000         0.000
 PLEA           0.000         0.000         0.000         0.000
 SAFE           0.000         0.000         0.000         0.000         0.000
 GREEN          0.000         0.002         0.028         0.000         0.000
 BLUE           0.157         0.621         0.330         0.000         0.000
 NOI            0.000         0.000         0.000         0.000         0.000


           TWO-TAILED P-VALUE FOR ESTIMATED COVARIANCE MATRIX FOR THE LATENT VARIABLES
              GREEN         BLUE          NOI
              ________      ________      ________
 GREEN          0.000
 BLUE           0.000         0.000
 NOI            0.006         0.149         0.000


           ESTIMATED CORRELATION MATRIX FOR THE LATENT VARIABLES
              COH           PSS           PHQ           PLEA          SAFE
              ________      ________      ________      ________      ________
 COH            1.000
 PSS           -0.310         1.000
 PHQ           -0.311         0.803         1.000
 PLEA           0.609        -0.231        -0.222         1.000
 SAFE           0.440        -0.247        -0.186         0.646         1.000
 GREEN         -0.094         0.054         0.040        -0.171        -0.137
 BLUE          -0.027         0.009        -0.018        -0.077        -0.076
 NOI           -0.438         0.245         0.266        -0.473        -0.393


           ESTIMATED CORRELATION MATRIX FOR THE LATENT VARIABLES
              GREEN         BLUE          NOI
              ________      ________      ________
 GREEN          1.000
 BLUE           0.505         1.000
 NOI            0.055         0.029         1.000


           S.E. FOR ESTIMATED CORRELATION MATRIX FOR THE LATENT VARIABLES
              COH           PSS           PHQ           PLEA          SAFE
              ________      ________      ________      ________      ________
 COH            0.000
 PSS            0.014         0.000
 PHQ            0.014         0.006         0.000
 PLEA           0.014         0.016         0.016         0.000
 SAFE           0.013         0.014         0.015         0.014         0.000
 GREEN          0.019         0.018         0.018         0.021         0.019
 BLUE           0.019         0.019         0.019         0.021         0.019
 NOI            0.014         0.015         0.015         0.015         0.015


           S.E. FOR ESTIMATED CORRELATION MATRIX FOR THE LATENT VARIABLES
              GREEN         BLUE          NOI
              ________      ________      ________
 GREEN          0.000
 BLUE           0.024         0.000
 NOI            0.020         0.020         0.000


           EST./S.E. FOR ESTIMATED CORRELATION MATRIX FOR THE LATENT VARIABLES
              COH           PSS           PHQ           PLEA          SAFE
              ________      ________      ________      ________      ________
 COH          999.000
 PSS          -22.650       999.000
 PHQ          -22.434       127.473       999.000
 PLEA          44.921       -14.466       -13.761       999.000
 SAFE          33.164       -17.170       -12.467        47.716       999.000
 GREEN         -5.083         3.037         2.193        -8.145        -7.323
 BLUE          -1.414         0.494        -0.974        -3.610        -3.911
 NOI          -31.740        16.479        17.824       -30.572       -26.618


           EST./S.E. FOR ESTIMATED CORRELATION MATRIX FOR THE LATENT VARIABLES
              GREEN         BLUE          NOI
              ________      ________      ________
 GREEN        999.000
 BLUE          21.334       999.000
 NOI            2.766         1.444       999.000


           TWO-TAILED P-VALUE FOR ESTIMATED CORRELATION MATRIX FOR THE LATENT VARIABLES
              COH           PSS           PHQ           PLEA          SAFE
              ________      ________      ________      ________      ________
 COH            0.000
 PSS            0.000         0.000
 PHQ            0.000         0.000         0.000
 PLEA           0.000         0.000         0.000         0.000
 SAFE           0.000         0.000         0.000         0.000         0.000
 GREEN          0.000         0.002         0.028         0.000         0.000
 BLUE           0.157         0.621         0.330         0.000         0.000
 NOI            0.000         0.000         0.000         0.000         0.000


           TWO-TAILED P-VALUE FOR ESTIMATED CORRELATION MATRIX FOR THE LATENT VARIABLES
              GREEN         BLUE          NOI
              ________      ________      ________
 GREEN          0.000
 BLUE           0.000         0.000
 NOI            0.006         0.149         0.000


     Beginning Time:  11:37:20
        Ending Time:  11:37:26
       Elapsed Time:  00:00:06



MUTHEN & MUTHEN
3463 Stoner Ave.
Los Angeles, CA  90066

Tel: (310) 391-9971
Fax: (310) 391-8971
Web: www.StatModel.com
Support: Support@StatModel.com

Copyright (c) 1998-2017 Muthen & Muthen
