Mplus VERSION 8
MUTHEN & MUTHEN
10/04/2019  11:38 AM

INPUT INSTRUCTIONS

  DATA:
  FILE = "cfa_clus_update_7c018aa31c0e5e7f6963ee2188607ceb.dat";

  VARIABLE:
  NAMES = Pcoh1 Pcoh2 Pcoh3 Ppss1 Ppss2 Ppss3 Ppss4 Ppss5 Pphq1 Pphq2 Pphq3 Pphq4
       Pphq5 Pplea1 Pplea2 Psafe1 Psafe2 Psafe3 Pgreen1 Pgreen2 river lake beach
       traffic inside outside clus;
   MISSING=.;
   CLUSTER = clus;

  ANALYSIS:
  TYPE = COMPLEX;

  MODEL:
  coh BY Pcoh1*;

  coh BY Pcoh2;

  coh BY Pcoh3;

  [coh@0];

  coh@1;

  pss BY Ppss1*;

  pss BY Ppss2;

  pss BY Ppss3;

  pss BY Ppss4;

  pss BY Ppss5;

  [pss@0];

  pss@1;

  phq BY Pphq1*;

  phq BY Pphq2;

  phq BY Pphq3;

  phq BY Pphq4;

  phq BY Pphq5;

  [phq@0];

  phq@1;

  plea BY Pplea1*;

  plea BY Pplea2;

  [plea@0];

  plea@1;

  safe BY Psafe1*;

  safe BY Psafe2;

  safe BY Psafe3;

  [safe@0];

  safe@1;

  green BY Pgreen1*;

  green BY Pgreen2;

  [green@0];

  green@1;

  blue BY river*;

  blue BY lake;

  blue BY beach;

  [blue@0];

  blue@1;

  noi BY traffic*;

  noi BY inside;

  noi BY outside;

  [noi@0];

  noi@1;

  OUTPUT:
  standardized tech4 modindices;



*** WARNING
  Data set contains cases with missing on all variables.
  These cases were not included in the analysis.
  Number of cases with missing on all variables:  8
   1 WARNING(S) FOUND IN THE INPUT INSTRUCTIONS




SUMMARY OF ANALYSIS

Number of groups                                                 1
Number of observations                                        5867

Number of dependent variables                                   26
Number of independent variables                                  0
Number of continuous latent variables                            8

Observed dependent variables

  Continuous
   PCOH1       PCOH2       PCOH3       PPSS1       PPSS2       PPSS3
   PPSS4       PPSS5       PPHQ1       PPHQ2       PPHQ3       PPHQ4
   PPHQ5       PPLEA1      PPLEA2      PSAFE1      PSAFE2      PSAFE3
   PGREEN1     PGREEN2     RIVER       LAKE        BEACH       TRAFFIC
   INSIDE      OUTSIDE

Continuous latent variables
   COH         PSS         PHQ         PLEA        SAFE        GREEN
   BLUE        NOI

Variables with special functions

  Cluster variable      CLUS

Estimator                                                      MLR
Information matrix                                        OBSERVED
Maximum number of iterations                                  1000
Convergence criterion                                    0.500D-04
Maximum number of steepest descent iterations                   20
Maximum number of iterations for H1                           2000
Convergence criterion for H1                             0.100D-03

Input data file(s)
  cfa_clus_update_7c018aa31c0e5e7f6963ee2188607ceb.dat

Input data format  FREE


SUMMARY OF DATA

     Number of missing data patterns           208
     Number of clusters        1387



COVARIANCE COVERAGE OF DATA

Minimum covariance coverage value   0.100


     PROPORTION OF DATA PRESENT


           Covariance Coverage
              PCOH1         PCOH2         PCOH3         PPSS1         PPSS2
              ________      ________      ________      ________      ________
 PCOH1          0.978
 PCOH2          0.976         0.990
 PCOH3          0.961         0.968         0.970
 PPSS1          0.969         0.979         0.960         0.987
 PPSS2          0.970         0.982         0.962         0.986         0.990
 PPSS3          0.969         0.980         0.961         0.986         0.987
 PPSS4          0.972         0.983         0.963         0.987         0.989
 PPSS5          0.972         0.983         0.963         0.987         0.990
 PPHQ1          0.972         0.983         0.964         0.984         0.987
 PPHQ2          0.970         0.981         0.962         0.983         0.986
 PPHQ3          0.972         0.983         0.963         0.984         0.987
 PPHQ4          0.972         0.983         0.963         0.984         0.987
 PPHQ5          0.968         0.979         0.960         0.980         0.983
 PPLEA1         0.977         0.988         0.968         0.985         0.988
 PPLEA2         0.977         0.988         0.968         0.985         0.988
 PSAFE1         0.975         0.986         0.966         0.983         0.986
 PSAFE2         0.975         0.987         0.967         0.984         0.986
 PSAFE3         0.972         0.983         0.963         0.980         0.982
 PGREEN1        0.972         0.983         0.964         0.980         0.983
 PGREEN2        0.969         0.981         0.961         0.978         0.980
 RIVER          0.934         0.944         0.925         0.941         0.944
 LAKE           0.929         0.939         0.920         0.937         0.938
 BEACH          0.934         0.944         0.925         0.942         0.944
 TRAFFIC        0.971         0.982         0.963         0.980         0.983
 INSIDE         0.973         0.984         0.965         0.982         0.984
 OUTSIDE        0.971         0.982         0.963         0.979         0.982


           Covariance Coverage
              PPSS3         PPSS4         PPSS5         PPHQ1         PPHQ2
              ________      ________      ________      ________      ________
 PPSS3          0.988
 PPSS4          0.988         0.991
 PPSS5          0.988         0.990         0.991
 PPHQ1          0.986         0.988         0.988         0.992
 PPHQ2          0.985         0.986         0.987         0.989         0.990
 PPHQ3          0.986         0.988         0.988         0.991         0.989
 PPHQ4          0.986         0.988         0.988         0.991         0.989
 PPHQ5          0.982         0.983         0.983         0.987         0.985
 PPLEA1         0.987         0.989         0.989         0.990         0.988
 PPLEA2         0.987         0.989         0.989         0.990         0.988
 PSAFE1         0.984         0.987         0.987         0.988         0.986
 PSAFE2         0.985         0.987         0.988         0.988         0.986
 PSAFE3         0.981         0.983         0.984         0.984         0.982
 PGREEN1        0.981         0.984         0.984         0.984         0.982
 PGREEN2        0.979         0.981         0.981         0.982         0.980
 RIVER          0.943         0.944         0.945         0.945         0.944
 LAKE           0.937         0.939         0.939         0.940         0.939
 BEACH          0.943         0.945         0.945         0.946         0.945
 TRAFFIC        0.981         0.983         0.984         0.984         0.982
 INSIDE         0.983         0.985         0.986         0.986         0.984
 OUTSIDE        0.981         0.983         0.983         0.984         0.982


           Covariance Coverage
              PPHQ3         PPHQ4         PPHQ5         PPLEA1        PPLEA2
              ________      ________      ________      ________      ________
 PPHQ3          0.991
 PPHQ4          0.991         0.991
 PPHQ5          0.986         0.986         0.987
 PPLEA1         0.989         0.989         0.985         0.997
 PPLEA2         0.989         0.989         0.985         0.996         0.997
 PSAFE1         0.987         0.987         0.983         0.993         0.993
 PSAFE2         0.988         0.988         0.984         0.994         0.994
 PSAFE3         0.983         0.983         0.979         0.989         0.989
 PGREEN1        0.984         0.984         0.980         0.989         0.989
 PGREEN2        0.981         0.981         0.977         0.986         0.987
 RIVER          0.945         0.945         0.941         0.949         0.949
 LAKE           0.939         0.939         0.936         0.943         0.944
 BEACH          0.945         0.945         0.942         0.950         0.950
 TRAFFIC        0.984         0.984         0.980         0.989         0.989
 INSIDE         0.986         0.986         0.981         0.990         0.990
 OUTSIDE        0.983         0.983         0.979         0.988         0.988


           Covariance Coverage
              PSAFE1        PSAFE2        PSAFE3        PGREEN1       PGREEN2
              ________      ________      ________      ________      ________
 PSAFE1         0.994
 PSAFE2         0.993         0.995
 PSAFE3         0.988         0.989         0.990
 PGREEN1        0.987         0.988         0.983         0.991
 PGREEN2        0.984         0.985         0.981         0.986         0.988
 RIVER          0.948         0.948         0.945         0.949         0.948
 LAKE           0.942         0.943         0.939         0.944         0.943
 BEACH          0.948         0.949         0.946         0.949         0.948
 TRAFFIC        0.987         0.987         0.983         0.983         0.981
 INSIDE         0.988         0.988         0.984         0.985         0.982
 OUTSIDE        0.986         0.986         0.982         0.983         0.980


           Covariance Coverage
              RIVER         LAKE          BEACH         TRAFFIC       INSIDE
              ________      ________      ________      ________      ________
 RIVER          0.951
 LAKE           0.927         0.945
 BEACH          0.920         0.918         0.951
 TRAFFIC        0.944         0.938         0.945         0.992
 INSIDE         0.945         0.939         0.946         0.985         0.993
 OUTSIDE        0.943         0.938         0.944         0.983         0.988


           Covariance Coverage
              OUTSIDE
              ________
 OUTSIDE        0.991



UNIVARIATE SAMPLE STATISTICS


     UNIVARIATE HIGHER-ORDER MOMENT DESCRIPTIVE STATISTICS

         Variable/         Mean/     Skewness/   Minimum/ % with                Percentiles
        Sample Size      Variance    Kurtosis    Maximum  Min/Max      20%/60%    40%/80%    Median

     PCOH1                 3.720      -0.607       1.000    0.68%       3.000      3.500      4.000
            5739.000       0.591       0.626       5.000    8.59%       4.000      4.500
     PCOH2                 3.862      -0.586       1.000    0.36%       3.500      4.000      4.000
            5808.000       0.534       0.626       5.000   11.90%       4.000      4.500
     PCOH3                 4.047      -0.902       1.000    1.02%       4.000      4.000      4.000
            5689.000       0.618       1.546       5.000   27.74%       4.000      5.000
     PPSS1                 1.628       0.596       0.000    0.62%       1.000      1.500      1.500
            5791.000       0.687      -0.054       5.000    0.02%       1.500      2.500
     PPSS2                 1.646       0.529       0.000    0.36%       1.000      1.500      1.500
            5808.000       0.600       0.029       4.500    0.22%       2.000      2.500
     PPSS3                 1.839       0.337       0.000    0.22%       1.000      1.500      2.000
            5799.000       0.562       0.085       5.000    0.02%       2.000      2.500
     PPSS4                 2.057       0.288       0.000    0.09%       1.500      2.000      2.000
            5813.000       0.587      -0.085       4.500    0.36%       2.000      2.500
     PPSS5                 1.302       0.367       0.000   12.33%       0.500      1.000      1.000
            5816.000       0.727      -0.249       4.000    0.52%       1.500      2.000
     PPHQ1                 0.297       2.499       0.000   63.83%       0.000      0.000      0.000
            5819.000       0.272       7.424       3.000    0.74%       0.000      0.500
     PPHQ2                 0.338       2.166       0.000   63.91%       0.000      0.000      0.000
            5807.000       0.338       4.967       3.000    0.90%       0.000      0.500
     PPHQ3                 0.988       0.859       0.000   18.88%       0.500      0.500      1.000
            5815.000       0.657       0.158       3.000    5.26%       1.000      1.500
     PPHQ4                 0.573       1.422       0.000   45.14%       0.000      0.000      0.500
            5815.000       0.512       1.602       3.000    1.77%       0.500      1.000
     PPHQ5                 0.661       1.173       0.000   48.17%       0.000      0.000      1.000
            5790.000       0.586       1.246       3.000    3.83%       1.000      1.000
     PPLEA1                3.377      -0.833       1.000    0.34%       3.000      3.500      3.500
            5849.000       0.320       0.677       4.000   30.91%       3.500      4.000
     PPLEA2                3.333      -0.921       1.000    0.58%       3.000      3.500      3.500
            5850.000       0.369       0.818       4.000   29.23%       3.500      4.000
     PSAFE1                3.168      -0.436       1.000    0.51%       2.500      3.000      3.000
            5833.000       0.380       0.009       4.000   21.74%       3.500      4.000
     PSAFE2                3.234      -0.540       1.000    0.60%       3.000      3.000      3.000
            5836.000       0.355       0.439       4.000   24.97%       3.500      4.000
     PSAFE3                3.482      -1.061       1.000    0.60%       3.000      3.500      3.500
            5810.000       0.324       1.484       4.000   44.91%       4.000      4.000
     PGREEN1               2.216       0.301       1.000    6.23%       1.500      2.000      2.000
            5813.000       0.398       0.237       4.000    2.05%       2.500      2.500
     PGREEN2               1.997       0.426       1.000   15.71%       1.500      2.000      2.000
            5798.000       0.481      -0.312       4.000    1.12%       2.000      2.500
     RIVER                 2.765      -0.348       1.000   13.52%       2.000      3.000      3.000
            5577.000       0.985      -0.923       4.000   26.75%       3.000      4.000
     LAKE                  2.813      -0.396       1.000   12.66%       2.000      3.000      3.000
            5543.000       0.985      -0.896       4.000   28.96%       3.000      4.000
     BEACH                 3.809      -3.099       1.000    0.99%       4.000      4.000      4.000
            5580.000       0.272      10.135       4.000   85.77%       4.000      4.000
     TRAFFIC               2.173       0.086       1.000   21.28%       1.000      2.000      2.000
            5818.000       0.638      -0.698       4.000    3.45%       2.000      3.000
     INSIDE                1.555       1.293       1.000   55.02%       1.000      1.000      1.000
            5827.000       0.505       1.630       4.000    2.44%       2.000      2.000
     OUTSIDE               1.732       0.888       1.000   40.28%       1.000      1.000      2.000
            5812.000       0.521       0.864       4.000    2.74%       2.000      2.000


THE MODEL ESTIMATION TERMINATED NORMALLY



MODEL FIT INFORMATION

Number of Free Parameters                      106

Loglikelihood

          H0 Value                     -130331.347
          H0 Scaling Correction Factor      1.5692
            for MLR
          H1 Value                     -128768.553
          H1 Scaling Correction Factor      1.2518
            for MLR

Information Criteria

          Akaike (AIC)                  260874.694
          Bayesian (BIC)                261582.467
          Sample-Size Adjusted BIC      261245.629
            (n* = (n + 2) / 24)

Chi-Square Test of Model Fit

          Value                           2771.809*
          Degrees of Freedom                   271
          P-Value                           0.0000
          Scaling Correction Factor         1.1276
            for MLR

*   The chi-square value for MLM, MLMV, MLR, ULSMV, WLSM and WLSMV cannot be used
    for chi-square difference testing in the regular way.  MLM, MLR and WLSM
    chi-square difference testing is described on the Mplus website.  MLMV, WLSMV,
    and ULSMV difference testing is done using the DIFFTEST option.

RMSEA (Root Mean Square Error Of Approximation)

          Estimate                           0.040
          90 Percent C.I.                    0.038  0.041
          Probability RMSEA <= .05           1.000

CFI/TLI

          CFI                                0.954
          TLI                                0.945

Chi-Square Test of Model Fit for the Baseline Model

          Value                          55207.409
          Degrees of Freedom                   325
          P-Value                           0.0000

SRMR (Standardized Root Mean Square Residual)

          Value                              0.036



MODEL RESULTS

                                                    Two-Tailed
                    Estimate       S.E.  Est./S.E.    P-Value

 COH      BY
    PCOH1              0.636      0.012     54.263      0.000
    PCOH2              0.634      0.010     63.404      0.000
    PCOH3              0.557      0.012     46.604      0.000

 PSS      BY
    PPSS1              0.656      0.010     66.694      0.000
    PPSS2              0.639      0.009     71.166      0.000
    PPSS3              0.606      0.009     68.127      0.000
    PPSS4              0.646      0.008     78.727      0.000
    PPSS5              0.679      0.009     71.717      0.000

 PHQ      BY
    PPHQ1              0.435      0.011     41.154      0.000
    PPHQ2              0.480      0.011     44.526      0.000
    PPHQ3              0.594      0.010     58.398      0.000
    PPHQ4              0.565      0.011     51.361      0.000
    PPHQ5              0.525      0.012     44.501      0.000

 PLEA     BY
    PPLEA1             0.335      0.009     37.028      0.000
    PPLEA2             0.484      0.011     43.741      0.000

 SAFE     BY
    PSAFE1             0.529      0.009     61.268      0.000
    PSAFE2             0.433      0.008     51.547      0.000
    PSAFE3             0.395      0.009     41.542      0.000

 GREEN    BY
    PGREEN1            0.437      0.017     25.440      0.000
    PGREEN2            0.407      0.018     23.207      0.000

 BLUE     BY
    RIVER              0.462      0.022     20.820      0.000
    LAKE               0.708      0.027     26.208      0.000
    BEACH              0.107      0.012      8.894      0.000

 NOI      BY
    TRAFFIC            0.244      0.014     17.443      0.000
    INSIDE             0.585      0.013     44.893      0.000
    OUTSIDE            0.553      0.012     45.528      0.000

 PSS      WITH
    COH               -0.310      0.016    -19.549      0.000

 PHQ      WITH
    COH               -0.311      0.017    -18.417      0.000
    PSS                0.803      0.007    112.673      0.000

 PLEA     WITH
    COH                0.609      0.016     36.945      0.000
    PSS               -0.231      0.017    -13.865      0.000
    PHQ               -0.222      0.018    -12.451      0.000

 SAFE     WITH
    COH                0.440      0.016     27.814      0.000
    PSS               -0.247      0.015    -15.953      0.000
    PHQ               -0.186      0.017    -10.965      0.000
    PLEA               0.646      0.016     39.859      0.000

 GREEN    WITH
    COH               -0.094      0.021     -4.603      0.000
    PSS                0.054      0.018      2.980      0.003
    PHQ                0.040      0.019      2.046      0.041
    PLEA              -0.171      0.024     -7.094      0.000
    SAFE              -0.137      0.020     -6.903      0.000

 BLUE     WITH
    COH               -0.027      0.020     -1.338      0.181
    PSS                0.009      0.019      0.484      0.628
    PHQ               -0.018      0.019     -0.966      0.334
    PLEA              -0.077      0.023     -3.308      0.001
    SAFE              -0.076      0.020     -3.725      0.000
    GREEN              0.505      0.027     18.859      0.000

 NOI      WITH
    COH               -0.438      0.017    -26.312      0.000
    PSS                0.245      0.017     14.761      0.000
    PHQ                0.266      0.018     15.147      0.000
    PLEA              -0.473      0.019    -25.541      0.000
    SAFE              -0.393      0.018    -21.421      0.000
    GREEN              0.055      0.022      2.429      0.015
    BLUE               0.029      0.021      1.366      0.172

 Means
    COH                0.000      0.000    999.000    999.000
    PSS                0.000      0.000    999.000    999.000
    PHQ                0.000      0.000    999.000    999.000
    PLEA               0.000      0.000    999.000    999.000
    SAFE               0.000      0.000    999.000    999.000
    GREEN              0.000      0.000    999.000    999.000
    BLUE               0.000      0.000    999.000    999.000
    NOI                0.000      0.000    999.000    999.000

 Intercepts
    PCOH1              3.714      0.012    297.134      0.000
    PCOH2              3.860      0.011    347.620      0.000
    PCOH3              4.039      0.012    339.995      0.000
    PPSS1              1.628      0.011    146.841      0.000
    PPSS2              1.646      0.010    159.393      0.000
    PPSS3              1.838      0.010    180.077      0.000
    PPSS4              2.056      0.010    197.664      0.000
    PPSS5              1.302      0.012    110.728      0.000
    PPHQ1              0.298      0.007     42.284      0.000
    PPHQ2              0.340      0.008     43.957      0.000
    PPHQ3              0.989      0.011     89.268      0.000
    PPHQ4              0.574      0.010     58.387      0.000
    PPHQ5              0.662      0.010     64.227      0.000
    PPLEA1             3.376      0.009    357.608      0.000
    PPLEA2             3.332      0.012    283.382      0.000
    PSAFE1             3.167      0.010    315.208      0.000
    PSAFE2             3.233      0.009    376.347      0.000
    PSAFE3             3.480      0.009    367.624      0.000
    PGREEN1            2.216      0.011    197.084      0.000
    PGREEN2            1.997      0.011    187.357      0.000
    RIVER              2.764      0.019    145.509      0.000
    LAKE               2.811      0.016    176.421      0.000
    BEACH              3.809      0.012    313.601      0.000
    TRAFFIC            2.174      0.013    171.564      0.000
    INSIDE             1.556      0.011    143.064      0.000
    OUTSIDE            1.735      0.011    164.805      0.000

 Variances
    COH                1.000      0.000    999.000    999.000
    PSS                1.000      0.000    999.000    999.000
    PHQ                1.000      0.000    999.000    999.000
    PLEA               1.000      0.000    999.000    999.000
    SAFE               1.000      0.000    999.000    999.000
    GREEN              1.000      0.000    999.000    999.000
    BLUE               1.000      0.000    999.000    999.000
    NOI                1.000      0.000    999.000    999.000

 Residual Variances
    PCOH1              0.192      0.007     25.900      0.000
    PCOH2              0.133      0.007     19.071      0.000
    PCOH3              0.312      0.011     29.669      0.000
    PPSS1              0.257      0.008     33.451      0.000
    PPSS2              0.191      0.007     29.069      0.000
    PPSS3              0.195      0.005     38.384      0.000
    PPSS4              0.168      0.005     35.372      0.000
    PPSS5              0.267      0.007     37.662      0.000
    PPHQ1              0.083      0.003     23.811      0.000
    PPHQ2              0.108      0.004     26.381      0.000
    PPHQ3              0.305      0.008     40.039      0.000
    PPHQ4              0.194      0.006     30.984      0.000
    PPHQ5              0.312      0.011     29.306      0.000
    PPLEA1             0.208      0.007     31.681      0.000
    PPLEA2             0.135      0.007     18.281      0.000
    PSAFE1             0.100      0.005     18.583      0.000
    PSAFE2             0.168      0.006     29.445      0.000
    PSAFE3             0.170      0.006     26.252      0.000
    PGREEN1            0.207      0.014     14.432      0.000
    PGREEN2            0.316      0.014     22.995      0.000
    RIVER              0.773      0.024     32.681      0.000
    LAKE               0.484      0.038     12.641      0.000
    BEACH              0.260      0.020     12.940      0.000
    TRAFFIC            0.579      0.010     58.879      0.000
    INSIDE             0.164      0.010     16.997      0.000
    OUTSIDE            0.217      0.009     25.083      0.000


STANDARDIZED MODEL RESULTS


STDYX Standardization

                                                    Two-Tailed
                    Estimate       S.E.  Est./S.E.    P-Value

 COH      BY
    PCOH1              0.824      0.008     99.380      0.000
    PCOH2              0.867      0.008    113.931      0.000
    PCOH3              0.706      0.010     70.216      0.000

 PSS      BY
    PPSS1              0.791      0.007    108.446      0.000
    PPSS2              0.825      0.007    123.597      0.000
    PPSS3              0.809      0.006    132.507      0.000
    PPSS4              0.844      0.005    165.825      0.000
    PPSS5              0.796      0.006    122.962      0.000

 PHQ      BY
    PPHQ1              0.835      0.007    121.234      0.000
    PPHQ2              0.826      0.007    113.927      0.000
    PPHQ3              0.732      0.008     92.579      0.000
    PPHQ4              0.788      0.008     97.429      0.000
    PPHQ5              0.685      0.012     58.827      0.000

 PLEA     BY
    PPLEA1             0.592      0.013     43.902      0.000
    PPLEA2             0.796      0.013     63.098      0.000

 SAFE     BY
    PSAFE1             0.858      0.009     98.675      0.000
    PSAFE2             0.726      0.010     72.010      0.000
    PSAFE3             0.692      0.012     57.017      0.000

 GREEN    BY
    PGREEN1            0.692      0.026     27.106      0.000
    PGREEN2            0.586      0.024     24.640      0.000

 BLUE     BY
    RIVER              0.465      0.022     21.186      0.000
    LAKE               0.713      0.027     26.748      0.000
    BEACH              0.206      0.022      9.499      0.000

 NOI      BY
    TRAFFIC            0.305      0.017     18.149      0.000
    INSIDE             0.822      0.012     68.927      0.000
    OUTSIDE            0.765      0.012     66.255      0.000

 PSS      WITH
    COH               -0.310      0.016    -19.549      0.000

 PHQ      WITH
    COH               -0.311      0.017    -18.417      0.000
    PSS                0.803      0.007    112.673      0.000

 PLEA     WITH
    COH                0.609      0.016     36.945      0.000
    PSS               -0.231      0.017    -13.865      0.000
    PHQ               -0.222      0.018    -12.451      0.000

 SAFE     WITH
    COH                0.440      0.016     27.814      0.000
    PSS               -0.247      0.015    -15.953      0.000
    PHQ               -0.186      0.017    -10.965      0.000
    PLEA               0.646      0.016     39.859      0.000

 GREEN    WITH
    COH               -0.094      0.021     -4.603      0.000
    PSS                0.054      0.018      2.980      0.003
    PHQ                0.040      0.019      2.046      0.041
    PLEA              -0.171      0.024     -7.094      0.000
    SAFE              -0.137      0.020     -6.903      0.000

 BLUE     WITH
    COH               -0.027      0.020     -1.338      0.181
    PSS                0.009      0.019      0.484      0.628
    PHQ               -0.018      0.019     -0.966      0.334
    PLEA              -0.077      0.023     -3.308      0.001
    SAFE              -0.076      0.020     -3.725      0.000
    GREEN              0.505      0.027     18.859      0.000

 NOI      WITH
    COH               -0.438      0.017    -26.312      0.000
    PSS                0.245      0.017     14.761      0.000
    PHQ                0.266      0.018     15.147      0.000
    PLEA              -0.473      0.019    -25.541      0.000
    SAFE              -0.393      0.018    -21.421      0.000
    GREEN              0.055      0.022      2.429      0.015
    BLUE               0.029      0.021      1.366      0.172

 Means
    COH                0.000      0.000    999.000    999.000
    PSS                0.000      0.000    999.000    999.000
    PHQ                0.000      0.000    999.000    999.000
    PLEA               0.000      0.000    999.000    999.000
    SAFE               0.000      0.000    999.000    999.000
    GREEN              0.000      0.000    999.000    999.000
    BLUE               0.000      0.000    999.000    999.000
    NOI                0.000      0.000    999.000    999.000

 Intercepts
    PCOH1              4.813      0.066     73.157      0.000
    PCOH2              5.277      0.066     79.952      0.000
    PCOH3              5.120      0.076     67.803      0.000
    PPSS1              1.962      0.017    114.179      0.000
    PPSS2              2.125      0.019    111.426      0.000
    PPSS3              2.452      0.024    100.225      0.000
    PPSS4              2.685      0.025    106.245      0.000
    PPSS5              1.527      0.016     96.689      0.000
    PPHQ1              0.571      0.008     72.398      0.000
    PPHQ2              0.584      0.008     76.090      0.000
    PPHQ3              1.219      0.012    102.956      0.000
    PPHQ4              0.801      0.009     88.208      0.000
    PPHQ5              0.864      0.010     83.957      0.000
    PPLEA1             5.962      0.080     74.078      0.000
    PPLEA2             5.484      0.086     63.915      0.000
    PSAFE1             5.134      0.060     86.035      0.000
    PSAFE2             5.425      0.066     82.218      0.000
    PSAFE3             6.102      0.094     64.669      0.000
    PGREEN1            3.512      0.040     88.699      0.000
    PGREEN2            2.879      0.025    115.961      0.000
    RIVER              2.784      0.034     81.622      0.000
    LAKE               2.831      0.032     88.399      0.000
    BEACH              7.305      0.302     24.160      0.000
    TRAFFIC            2.721      0.024    111.848      0.000
    INSIDE             2.187      0.021    103.368      0.000
    OUTSIDE            2.400      0.022    110.052      0.000

 Variances
    COH                1.000      0.000    999.000    999.000
    PSS                1.000      0.000    999.000    999.000
    PHQ                1.000      0.000    999.000    999.000
    PLEA               1.000      0.000    999.000    999.000
    SAFE               1.000      0.000    999.000    999.000
    GREEN              1.000      0.000    999.000    999.000
    BLUE               1.000      0.000    999.000    999.000
    NOI                1.000      0.000    999.000    999.000

 Residual Variances
    PCOH1              0.322      0.014     23.558      0.000
    PCOH2              0.248      0.013     18.785      0.000
    PCOH3              0.502      0.014     35.380      0.000
    PPSS1              0.374      0.012     32.334      0.000
    PPSS2              0.319      0.011     28.941      0.000
    PPSS3              0.346      0.010     35.095      0.000
    PPSS4              0.287      0.009     33.421      0.000
    PPSS5              0.367      0.010     35.663      0.000
    PPHQ1              0.304      0.011     26.423      0.000
    PPHQ2              0.318      0.012     26.552      0.000
    PPHQ3              0.464      0.012     40.065      0.000
    PPHQ4              0.379      0.013     29.671      0.000
    PPHQ5              0.531      0.016     33.275      0.000
    PPLEA1             0.650      0.016     40.780      0.000
    PPLEA2             0.367      0.020     18.255      0.000
    PSAFE1             0.264      0.015     17.656      0.000
    PSAFE2             0.473      0.015     32.347      0.000
    PSAFE3             0.521      0.017     31.068      0.000
    PGREEN1            0.521      0.035     14.714      0.000
    PGREEN2            0.657      0.028     23.548      0.000
    RIVER              0.784      0.020     38.386      0.000
    LAKE               0.491      0.038     12.900      0.000
    BEACH              0.958      0.009    107.460      0.000
    TRAFFIC            0.907      0.010     88.212      0.000
    INSIDE             0.324      0.020     16.498      0.000
    OUTSIDE            0.415      0.018     23.488      0.000


STDY Standardization

                                                    Two-Tailed
                    Estimate       S.E.  Est./S.E.    P-Value

 COH      BY
    PCOH1              0.824      0.008     99.380      0.000
    PCOH2              0.867      0.008    113.931      0.000
    PCOH3              0.706      0.010     70.216      0.000

 PSS      BY
    PPSS1              0.791      0.007    108.446      0.000
    PPSS2              0.825      0.007    123.597      0.000
    PPSS3              0.809      0.006    132.507      0.000
    PPSS4              0.844      0.005    165.825      0.000
    PPSS5              0.796      0.006    122.962      0.000

 PHQ      BY
    PPHQ1              0.835      0.007    121.234      0.000
    PPHQ2              0.826      0.007    113.927      0.000
    PPHQ3              0.732      0.008     92.579      0.000
    PPHQ4              0.788      0.008     97.429      0.000
    PPHQ5              0.685      0.012     58.827      0.000

 PLEA     BY
    PPLEA1             0.592      0.013     43.902      0.000
    PPLEA2             0.796      0.013     63.098      0.000

 SAFE     BY
    PSAFE1             0.858      0.009     98.675      0.000
    PSAFE2             0.726      0.010     72.010      0.000
    PSAFE3             0.692      0.012     57.017      0.000

 GREEN    BY
    PGREEN1            0.692      0.026     27.106      0.000
    PGREEN2            0.586      0.024     24.640      0.000

 BLUE     BY
    RIVER              0.465      0.022     21.186      0.000
    LAKE               0.713      0.027     26.748      0.000
    BEACH              0.206      0.022      9.499      0.000

 NOI      BY
    TRAFFIC            0.305      0.017     18.149      0.000
    INSIDE             0.822      0.012     68.927      0.000
    OUTSIDE            0.765      0.012     66.255      0.000

 PSS      WITH
    COH               -0.310      0.016    -19.549      0.000

 PHQ      WITH
    COH               -0.311      0.017    -18.417      0.000
    PSS                0.803      0.007    112.673      0.000

 PLEA     WITH
    COH                0.609      0.016     36.945      0.000
    PSS               -0.231      0.017    -13.865      0.000
    PHQ               -0.222      0.018    -12.451      0.000

 SAFE     WITH
    COH                0.440      0.016     27.814      0.000
    PSS               -0.247      0.015    -15.953      0.000
    PHQ               -0.186      0.017    -10.965      0.000
    PLEA               0.646      0.016     39.859      0.000

 GREEN    WITH
    COH               -0.094      0.021     -4.603      0.000
    PSS                0.054      0.018      2.980      0.003
    PHQ                0.040      0.019      2.046      0.041
    PLEA              -0.171      0.024     -7.094      0.000
    SAFE              -0.137      0.020     -6.903      0.000

 BLUE     WITH
    COH               -0.027      0.020     -1.338      0.181
    PSS                0.009      0.019      0.484      0.628
    PHQ               -0.018      0.019     -0.966      0.334
    PLEA              -0.077      0.023     -3.308      0.001
    SAFE              -0.076      0.020     -3.725      0.000
    GREEN              0.505      0.027     18.859      0.000

 NOI      WITH
    COH               -0.438      0.017    -26.312      0.000
    PSS                0.245      0.017     14.761      0.000
    PHQ                0.266      0.018     15.147      0.000
    PLEA              -0.473      0.019    -25.541      0.000
    SAFE              -0.393      0.018    -21.421      0.000
    GREEN              0.055      0.022      2.429      0.015
    BLUE               0.029      0.021      1.366      0.172

 Means
    COH                0.000      0.000    999.000    999.000
    PSS                0.000      0.000    999.000    999.000
    PHQ                0.000      0.000    999.000    999.000
    PLEA               0.000      0.000    999.000    999.000
    SAFE               0.000      0.000    999.000    999.000
    GREEN              0.000      0.000    999.000    999.000
    BLUE               0.000      0.000    999.000    999.000
    NOI                0.000      0.000    999.000    999.000

 Intercepts
    PCOH1              4.813      0.066     73.157      0.000
    PCOH2              5.277      0.066     79.952      0.000
    PCOH3              5.120      0.076     67.803      0.000
    PPSS1              1.962      0.017    114.179      0.000
    PPSS2              2.125      0.019    111.426      0.000
    PPSS3              2.452      0.024    100.225      0.000
    PPSS4              2.685      0.025    106.245      0.000
    PPSS5              1.527      0.016     96.689      0.000
    PPHQ1              0.571      0.008     72.398      0.000
    PPHQ2              0.584      0.008     76.090      0.000
    PPHQ3              1.219      0.012    102.956      0.000
    PPHQ4              0.801      0.009     88.208      0.000
    PPHQ5              0.864      0.010     83.957      0.000
    PPLEA1             5.962      0.080     74.078      0.000
    PPLEA2             5.484      0.086     63.915      0.000
    PSAFE1             5.134      0.060     86.035      0.000
    PSAFE2             5.425      0.066     82.218      0.000
    PSAFE3             6.102      0.094     64.669      0.000
    PGREEN1            3.512      0.040     88.699      0.000
    PGREEN2            2.879      0.025    115.961      0.000
    RIVER              2.784      0.034     81.622      0.000
    LAKE               2.831      0.032     88.399      0.000
    BEACH              7.305      0.302     24.160      0.000
    TRAFFIC            2.721      0.024    111.848      0.000
    INSIDE             2.187      0.021    103.368      0.000
    OUTSIDE            2.400      0.022    110.052      0.000

 Variances
    COH                1.000      0.000    999.000    999.000
    PSS                1.000      0.000    999.000    999.000
    PHQ                1.000      0.000    999.000    999.000
    PLEA               1.000      0.000    999.000    999.000
    SAFE               1.000      0.000    999.000    999.000
    GREEN              1.000      0.000    999.000    999.000
    BLUE               1.000      0.000    999.000    999.000
    NOI                1.000      0.000    999.000    999.000

 Residual Variances
    PCOH1              0.322      0.014     23.558      0.000
    PCOH2              0.248      0.013     18.785      0.000
    PCOH3              0.502      0.014     35.380      0.000
    PPSS1              0.374      0.012     32.334      0.000
    PPSS2              0.319      0.011     28.941      0.000
    PPSS3              0.346      0.010     35.095      0.000
    PPSS4              0.287      0.009     33.421      0.000
    PPSS5              0.367      0.010     35.663      0.000
    PPHQ1              0.304      0.011     26.423      0.000
    PPHQ2              0.318      0.012     26.552      0.000
    PPHQ3              0.464      0.012     40.065      0.000
    PPHQ4              0.379      0.013     29.671      0.000
    PPHQ5              0.531      0.016     33.275      0.000
    PPLEA1             0.650      0.016     40.780      0.000
    PPLEA2             0.367      0.020     18.255      0.000
    PSAFE1             0.264      0.015     17.656      0.000
    PSAFE2             0.473      0.015     32.347      0.000
    PSAFE3             0.521      0.017     31.068      0.000
    PGREEN1            0.521      0.035     14.714      0.000
    PGREEN2            0.657      0.028     23.548      0.000
    RIVER              0.784      0.020     38.386      0.000
    LAKE               0.491      0.038     12.900      0.000
    BEACH              0.958      0.009    107.460      0.000
    TRAFFIC            0.907      0.010     88.212      0.000
    INSIDE             0.324      0.020     16.498      0.000
    OUTSIDE            0.415      0.018     23.488      0.000


STD Standardization

                                                    Two-Tailed
                    Estimate       S.E.  Est./S.E.    P-Value

 COH      BY
    PCOH1              0.636      0.012     54.263      0.000
    PCOH2              0.634      0.010     63.404      0.000
    PCOH3              0.557      0.012     46.604      0.000

 PSS      BY
    PPSS1              0.656      0.010     66.694      0.000
    PPSS2              0.639      0.009     71.166      0.000
    PPSS3              0.606      0.009     68.127      0.000
    PPSS4              0.646      0.008     78.727      0.000
    PPSS5              0.679      0.009     71.717      0.000

 PHQ      BY
    PPHQ1              0.435      0.011     41.154      0.000
    PPHQ2              0.480      0.011     44.526      0.000
    PPHQ3              0.594      0.010     58.398      0.000
    PPHQ4              0.565      0.011     51.361      0.000
    PPHQ5              0.525      0.012     44.501      0.000

 PLEA     BY
    PPLEA1             0.335      0.009     37.028      0.000
    PPLEA2             0.484      0.011     43.741      0.000

 SAFE     BY
    PSAFE1             0.529      0.009     61.268      0.000
    PSAFE2             0.433      0.008     51.547      0.000
    PSAFE3             0.395      0.009     41.542      0.000

 GREEN    BY
    PGREEN1            0.437      0.017     25.440      0.000
    PGREEN2            0.407      0.018     23.207      0.000

 BLUE     BY
    RIVER              0.462      0.022     20.820      0.000
    LAKE               0.708      0.027     26.208      0.000
    BEACH              0.107      0.012      8.894      0.000

 NOI      BY
    TRAFFIC            0.244      0.014     17.443      0.000
    INSIDE             0.585      0.013     44.893      0.000
    OUTSIDE            0.553      0.012     45.528      0.000

 PSS      WITH
    COH               -0.310      0.016    -19.549      0.000

 PHQ      WITH
    COH               -0.311      0.017    -18.417      0.000
    PSS                0.803      0.007    112.673      0.000

 PLEA     WITH
    COH                0.609      0.016     36.945      0.000
    PSS               -0.231      0.017    -13.865      0.000
    PHQ               -0.222      0.018    -12.451      0.000

 SAFE     WITH
    COH                0.440      0.016     27.814      0.000
    PSS               -0.247      0.015    -15.953      0.000
    PHQ               -0.186      0.017    -10.965      0.000
    PLEA               0.646      0.016     39.859      0.000

 GREEN    WITH
    COH               -0.094      0.021     -4.603      0.000
    PSS                0.054      0.018      2.980      0.003
    PHQ                0.040      0.019      2.046      0.041
    PLEA              -0.171      0.024     -7.094      0.000
    SAFE              -0.137      0.020     -6.903      0.000

 BLUE     WITH
    COH               -0.027      0.020     -1.338      0.181
    PSS                0.009      0.019      0.484      0.628
    PHQ               -0.018      0.019     -0.966      0.334
    PLEA              -0.077      0.023     -3.308      0.001
    SAFE              -0.076      0.020     -3.725      0.000
    GREEN              0.505      0.027     18.859      0.000

 NOI      WITH
    COH               -0.438      0.017    -26.312      0.000
    PSS                0.245      0.017     14.761      0.000
    PHQ                0.266      0.018     15.147      0.000
    PLEA              -0.473      0.019    -25.541      0.000
    SAFE              -0.393      0.018    -21.421      0.000
    GREEN              0.055      0.022      2.429      0.015
    BLUE               0.029      0.021      1.366      0.172

 Means
    COH                0.000      0.000    999.000    999.000
    PSS                0.000      0.000    999.000    999.000
    PHQ                0.000      0.000    999.000    999.000
    PLEA               0.000      0.000    999.000    999.000
    SAFE               0.000      0.000    999.000    999.000
    GREEN              0.000      0.000    999.000    999.000
    BLUE               0.000      0.000    999.000    999.000
    NOI                0.000      0.000    999.000    999.000

 Intercepts
    PCOH1              3.714      0.012    297.134      0.000
    PCOH2              3.860      0.011    347.620      0.000
    PCOH3              4.039      0.012    339.995      0.000
    PPSS1              1.628      0.011    146.841      0.000
    PPSS2              1.646      0.010    159.393      0.000
    PPSS3              1.838      0.010    180.077      0.000
    PPSS4              2.056      0.010    197.664      0.000
    PPSS5              1.302      0.012    110.728      0.000
    PPHQ1              0.298      0.007     42.284      0.000
    PPHQ2              0.340      0.008     43.957      0.000
    PPHQ3              0.989      0.011     89.268      0.000
    PPHQ4              0.574      0.010     58.387      0.000
    PPHQ5              0.662      0.010     64.227      0.000
    PPLEA1             3.376      0.009    357.608      0.000
    PPLEA2             3.332      0.012    283.382      0.000
    PSAFE1             3.167      0.010    315.208      0.000
    PSAFE2             3.233      0.009    376.347      0.000
    PSAFE3             3.480      0.009    367.624      0.000
    PGREEN1            2.216      0.011    197.084      0.000
    PGREEN2            1.997      0.011    187.357      0.000
    RIVER              2.764      0.019    145.509      0.000
    LAKE               2.811      0.016    176.421      0.000
    BEACH              3.809      0.012    313.601      0.000
    TRAFFIC            2.174      0.013    171.564      0.000
    INSIDE             1.556      0.011    143.064      0.000
    OUTSIDE            1.735      0.011    164.805      0.000

 Variances
    COH                1.000      0.000    999.000    999.000
    PSS                1.000      0.000    999.000    999.000
    PHQ                1.000      0.000    999.000    999.000
    PLEA               1.000      0.000    999.000    999.000
    SAFE               1.000      0.000    999.000    999.000
    GREEN              1.000      0.000    999.000    999.000
    BLUE               1.000      0.000    999.000    999.000
    NOI                1.000      0.000    999.000    999.000

 Residual Variances
    PCOH1              0.192      0.007     25.900      0.000
    PCOH2              0.133      0.007     19.071      0.000
    PCOH3              0.312      0.011     29.669      0.000
    PPSS1              0.257      0.008     33.451      0.000
    PPSS2              0.191      0.007     29.069      0.000
    PPSS3              0.195      0.005     38.384      0.000
    PPSS4              0.168      0.005     35.372      0.000
    PPSS5              0.267      0.007     37.662      0.000
    PPHQ1              0.083      0.003     23.811      0.000
    PPHQ2              0.108      0.004     26.381      0.000
    PPHQ3              0.305      0.008     40.039      0.000
    PPHQ4              0.194      0.006     30.984      0.000
    PPHQ5              0.312      0.011     29.306      0.000
    PPLEA1             0.208      0.007     31.681      0.000
    PPLEA2             0.135      0.007     18.281      0.000
    PSAFE1             0.100      0.005     18.583      0.000
    PSAFE2             0.168      0.006     29.445      0.000
    PSAFE3             0.170      0.006     26.252      0.000
    PGREEN1            0.207      0.014     14.432      0.000
    PGREEN2            0.316      0.014     22.995      0.000
    RIVER              0.773      0.024     32.681      0.000
    LAKE               0.484      0.038     12.641      0.000
    BEACH              0.260      0.020     12.940      0.000
    TRAFFIC            0.579      0.010     58.879      0.000
    INSIDE             0.164      0.010     16.997      0.000
    OUTSIDE            0.217      0.009     25.083      0.000


R-SQUARE

    Observed                                        Two-Tailed
    Variable        Estimate       S.E.  Est./S.E.    P-Value

    PCOH1              0.678      0.014     49.690      0.000
    PCOH2              0.752      0.013     56.965      0.000
    PCOH3              0.498      0.014     35.108      0.000
    PPSS1              0.626      0.012     54.223      0.000
    PPSS2              0.681      0.011     61.799      0.000
    PPSS3              0.654      0.010     66.253      0.000
    PPSS4              0.713      0.009     82.913      0.000
    PPSS5              0.633      0.010     61.481      0.000
    PPHQ1              0.696      0.011     60.617      0.000
    PPHQ2              0.682      0.012     56.964      0.000
    PPHQ3              0.536      0.012     46.290      0.000
    PPHQ4              0.621      0.013     48.715      0.000
    PPHQ5              0.469      0.016     29.413      0.000
    PPLEA1             0.350      0.016     21.951      0.000
    PPLEA2             0.633      0.020     31.549      0.000
    PSAFE1             0.736      0.015     49.337      0.000
    PSAFE2             0.527      0.015     36.005      0.000
    PSAFE3             0.479      0.017     28.509      0.000
    PGREEN1            0.479      0.035     13.553      0.000
    PGREEN2            0.343      0.028     12.320      0.000
    RIVER              0.216      0.020     10.593      0.000
    LAKE               0.509      0.038     13.374      0.000
    BEACH              0.042      0.009      4.750      0.000
    TRAFFIC            0.093      0.010      9.075      0.000
    INSIDE             0.676      0.020     34.463      0.000
    OUTSIDE            0.585      0.018     33.127      0.000


QUALITY OF NUMERICAL RESULTS

     Condition Number for the Information Matrix              0.179E-02
       (ratio of smallest to largest eigenvalue)


MODEL MODIFICATION INDICES

NOTE:  Modification indices for direct effects of observed dependent variables
regressed on covariates may not be included.  To include these, request
MODINDICES (ALL).

Minimum M.I. value for printing the modification index    10.000

                                   M.I.     E.P.C.  Std E.P.C.  StdYX E.P.C.

BY Statements

COH      BY PPHQ5                 10.395    -0.031     -0.031       -0.040
COH      BY PSAFE2                80.984    -0.076     -0.076       -0.128
COH      BY PSAFE3               165.475     0.106      0.106        0.186
COH      BY PGREEN1               18.558    -0.050     -0.050       -0.080
COH      BY PGREEN2               18.562     0.047      0.047        0.068
COH      BY TRAFFIC               65.893    -0.110     -0.110       -0.138
COH      BY OUTSIDE               16.503     0.058      0.058        0.080
PSS      BY PCOH1                 10.271    -0.028     -0.028       -0.036
PSS      BY PPHQ4                 12.104    -0.052     -0.052       -0.072
PSS      BY PSAFE2                11.645     0.024      0.024        0.041
PSS      BY PSAFE3                10.605    -0.023     -0.023       -0.040
PSS      BY TRAFFIC               39.648     0.074      0.074        0.093
PHQ      BY PPSS2                 25.445    -0.075     -0.075       -0.097
PHQ      BY PPSS3                 41.974    -0.095     -0.095       -0.127
PHQ      BY PPSS4                 51.147     0.103      0.103        0.135
PHQ      BY PSAFE2                23.431     0.034      0.034        0.057
PHQ      BY PSAFE3                11.855    -0.024     -0.024       -0.042
PHQ      BY TRAFFIC               14.352     0.045      0.045        0.057
PLEA     BY PCOH1                 96.275     0.135      0.135        0.174
PLEA     BY PCOH2                 42.254    -0.086     -0.086       -0.118
PLEA     BY PCOH3                 13.983    -0.054     -0.054       -0.068
PLEA     BY PSAFE1                60.564    -0.112     -0.112       -0.182
PLEA     BY PSAFE2                59.997    -0.098     -0.098       -0.164
PLEA     BY PSAFE3               280.221     0.201      0.201        0.352
PLEA     BY PGREEN1               51.701    -0.094     -0.094       -0.149
PLEA     BY PGREEN2               51.708     0.088      0.088        0.126
PLEA     BY TRAFFIC              416.306    -0.309     -0.309       -0.387
PLEA     BY INSIDE                12.127     0.064      0.064        0.090
PLEA     BY OUTSIDE               45.913     0.117      0.117        0.162
SAFE     BY PCOH1                 51.041     0.072      0.072        0.094
SAFE     BY PCOH3                 25.572    -0.056     -0.056       -0.071
SAFE     BY PPSS3                 11.826    -0.027     -0.027       -0.036
SAFE     BY PGREEN1               17.056    -0.051     -0.051       -0.080
SAFE     BY PGREEN2               17.057     0.047      0.047        0.068
SAFE     BY TRAFFIC              620.128    -0.332     -0.332       -0.416
SAFE     BY INSIDE                58.326     0.103      0.103        0.145
GREEN    BY PSAFE2                24.296    -0.042     -0.042       -0.070
GREEN    BY TRAFFIC               92.627     0.132      0.132        0.166
BLUE     BY PSAFE2                20.696    -0.039     -0.039       -0.065
BLUE     BY PGREEN1               35.367    -0.276     -0.276       -0.438
BLUE     BY PGREEN2               35.353     0.257      0.257        0.371
BLUE     BY TRAFFIC               26.325     0.072      0.072        0.090
NOI      BY PCOH1                 59.167    -0.080     -0.080       -0.104
NOI      BY PCOH2                 31.598     0.056      0.056        0.077
NOI      BY PPSS1                 24.084    -0.045     -0.045       -0.054
NOI      BY PPHQ1                 16.830    -0.023     -0.023       -0.044
NOI      BY PPHQ2                 10.651    -0.021     -0.021       -0.035
NOI      BY PPHQ3                 39.384     0.062      0.062        0.076
NOI      BY PPLEA1                28.091     0.059      0.059        0.104
NOI      BY PPLEA2                28.097    -0.085     -0.085       -0.140
NOI      BY PSAFE2                10.278     0.027      0.027        0.046
NOI      BY PSAFE3                24.096    -0.041     -0.041       -0.071
NOI      BY PGREEN1               24.663     0.060      0.060        0.094
NOI      BY PGREEN2               24.667    -0.055     -0.055       -0.080

WITH Statements

PCOH2    WITH PCOH1               14.066    -0.034     -0.034       -0.213
PCOH3    WITH PCOH1               65.772    -0.054     -0.054       -0.222
PCOH3    WITH PCOH2              131.935     0.078      0.078        0.385
PPSS3    WITH PPSS1               31.738     0.022      0.022        0.100
PPSS3    WITH PPSS2               50.226     0.025      0.025        0.131
PPSS4    WITH PPSS2               30.708    -0.020     -0.020       -0.109
PPSS4    WITH PPSS3               14.919    -0.013     -0.013       -0.074
PPSS5    WITH PPSS1               44.842    -0.031     -0.031       -0.117
PPSS5    WITH PPSS2               27.050     0.021      0.021        0.094
PPSS5    WITH PPSS3               13.394    -0.015     -0.015       -0.065
PPHQ1    WITH PCOH3               10.435    -0.009     -0.009       -0.055
PPHQ1    WITH PPSS1               51.773     0.018      0.018        0.123
PPHQ2    WITH PPSS1               22.899     0.013      0.013        0.081
PPHQ2    WITH PPHQ1              230.639     0.031      0.031        0.326
PPHQ3    WITH PPSS1               40.783    -0.029     -0.029       -0.102
PPHQ3    WITH PPSS4               67.821     0.031      0.031        0.137
PPHQ3    WITH PPHQ1               84.255    -0.027     -0.027       -0.169
PPHQ3    WITH PPHQ2              132.155    -0.038     -0.038       -0.209
PPHQ4    WITH PPSS1               21.859    -0.017     -0.017       -0.077
PPHQ4    WITH PPSS3               10.893    -0.011     -0.011       -0.055
PPHQ4    WITH PPHQ1              132.007    -0.029     -0.029       -0.228
PPHQ4    WITH PPHQ3              288.674     0.071      0.071        0.292
PPHQ5    WITH PPHQ1               18.812     0.012      0.012        0.077
PPHQ5    WITH PPHQ2               56.700    -0.024     -0.024       -0.132
PPLEA2   WITH PCOH1               12.331     0.013      0.013        0.079
PPLEA2   WITH PCOH2               18.671    -0.015     -0.015       -0.110
PSAFE1   WITH PPLEA1              10.108    -0.010     -0.010       -0.067
PSAFE1   WITH PPLEA2              14.147    -0.012     -0.012       -0.105
PSAFE2   WITH PCOH1               19.033    -0.014     -0.014       -0.080
PSAFE2   WITH PCOH3               10.146    -0.012     -0.012       -0.053
PSAFE2   WITH PPLEA2              23.479    -0.015     -0.015       -0.101
PSAFE2   WITH PSAFE1             261.863     0.093      0.093        0.718
PSAFE3   WITH PCOH1               41.618     0.021      0.021        0.116
PSAFE3   WITH PPLEA2              92.910     0.030      0.030        0.196
PSAFE3   WITH PSAFE1              56.940    -0.038     -0.038       -0.293
PSAFE3   WITH PSAFE2              58.483    -0.030     -0.030       -0.178
PGREEN1  WITH PPLEA2              18.312    -0.019     -0.019       -0.113
PGREEN2  WITH PPLEA2              43.193     0.030      0.030        0.143
PGREEN2  WITH PSAFE2              26.513    -0.021     -0.021       -0.089
PGREEN2  WITH PSAFE3              10.542     0.013      0.013        0.055
LAKE     WITH PSAFE2              10.212    -0.019     -0.019       -0.067
LAKE     WITH PGREEN1             31.860    -0.074     -0.074       -0.233
LAKE     WITH PGREEN2             16.986     0.053      0.053        0.134
TRAFFIC  WITH PCOH2               12.653     0.018      0.018        0.065
TRAFFIC  WITH PPLEA2              37.209    -0.031     -0.031       -0.112
TRAFFIC  WITH PSAFE1              32.202    -0.026     -0.026       -0.107
TRAFFIC  WITH PSAFE2             177.436    -0.065     -0.065       -0.207
TRAFFIC  WITH PGREEN1             26.314     0.031      0.031        0.090
INSIDE   WITH PSAFE2              33.765     0.020      0.020        0.119
INSIDE   WITH TRAFFIC             62.705    -0.057     -0.057       -0.186
OUTSIDE  WITH PPHQ3               12.824     0.016      0.016        0.063
OUTSIDE  WITH PPLEA1              22.210     0.018      0.018        0.085
OUTSIDE  WITH TRAFFIC             19.632    -0.031     -0.031       -0.087
OUTSIDE  WITH INSIDE             368.581     0.493      0.493        2.617


TECHNICAL 4 OUTPUT


     ESTIMATES DERIVED FROM THE MODEL


           ESTIMATED MEANS FOR THE LATENT VARIABLES
              COH           PSS           PHQ           PLEA          SAFE
              ________      ________      ________      ________      ________
                0.000         0.000         0.000         0.000         0.000


           ESTIMATED MEANS FOR THE LATENT VARIABLES
              GREEN         BLUE          NOI
              ________      ________      ________
                0.000         0.000         0.000


           S.E. FOR ESTIMATED MEANS FOR THE LATENT VARIABLES
              COH           PSS           PHQ           PLEA          SAFE
              ________      ________      ________      ________      ________
                0.000         0.000         0.000         0.000         0.000


           S.E. FOR ESTIMATED MEANS FOR THE LATENT VARIABLES
              GREEN         BLUE          NOI
              ________      ________      ________
                0.000         0.000         0.000


           EST./S.E. FOR ESTIMATED MEANS FOR THE LATENT VARIABLES
              COH           PSS           PHQ           PLEA          SAFE
              ________      ________      ________      ________      ________
                0.000         0.000         0.000         0.000         0.000


           EST./S.E. FOR ESTIMATED MEANS FOR THE LATENT VARIABLES
              GREEN         BLUE          NOI
              ________      ________      ________
                0.000         0.000         0.000


           TWO-TAILED P-VALUE FOR ESTIMATED MEANS FOR THE LATENT VARIABLES
              COH           PSS           PHQ           PLEA          SAFE
              ________      ________      ________      ________      ________
                1.000         1.000         1.000         1.000         1.000


           TWO-TAILED P-VALUE FOR ESTIMATED MEANS FOR THE LATENT VARIABLES
              GREEN         BLUE          NOI
              ________      ________      ________
                1.000         1.000         1.000


           ESTIMATED COVARIANCE MATRIX FOR THE LATENT VARIABLES
              COH           PSS           PHQ           PLEA          SAFE
              ________      ________      ________      ________      ________
 COH            1.000
 PSS           -0.310         1.000
 PHQ           -0.311         0.803         1.000
 PLEA           0.609        -0.231        -0.222         1.000
 SAFE           0.440        -0.247        -0.186         0.646         1.000
 GREEN         -0.094         0.054         0.040        -0.171        -0.137
 BLUE          -0.027         0.009        -0.018        -0.077        -0.076
 NOI           -0.438         0.245         0.266        -0.473        -0.393


           ESTIMATED COVARIANCE MATRIX FOR THE LATENT VARIABLES
              GREEN         BLUE          NOI
              ________      ________      ________
 GREEN          1.000
 BLUE           0.505         1.000
 NOI            0.055         0.029         1.000


           S.E. FOR ESTIMATED COVARIANCE MATRIX FOR THE LATENT VARIABLES
              COH           PSS           PHQ           PLEA          SAFE
              ________      ________      ________      ________      ________
 COH            0.000
 PSS            0.016         0.000
 PHQ            0.017         0.007         0.000
 PLEA           0.016         0.017         0.018         0.000
 SAFE           0.016         0.015         0.017         0.016         0.000
 GREEN          0.021         0.018         0.019         0.024         0.020
 BLUE           0.020         0.019         0.019         0.023         0.020
 NOI            0.017         0.017         0.018         0.019         0.018


           S.E. FOR ESTIMATED COVARIANCE MATRIX FOR THE LATENT VARIABLES
              GREEN         BLUE          NOI
              ________      ________      ________
 GREEN          0.000
 BLUE           0.027         0.000
 NOI            0.022         0.021         0.000


           EST./S.E. FOR ESTIMATED COVARIANCE MATRIX FOR THE LATENT VARIABLES
              COH           PSS           PHQ           PLEA          SAFE
              ________      ________      ________      ________      ________
 COH      ***********
 PSS          -19.549   ***********
 PHQ          -18.417       112.673   ***********
 PLEA          36.945       -13.865       -12.451   ***********
 SAFE          27.814       -15.953       -10.965        39.859   ***********
 GREEN         -4.603         2.980         2.046        -7.094        -6.903
 BLUE          -1.338         0.484        -0.966        -3.308        -3.725
 NOI          -26.312        14.761        15.147       -25.541       -21.421


           EST./S.E. FOR ESTIMATED COVARIANCE MATRIX FOR THE LATENT VARIABLES
              GREEN         BLUE          NOI
              ________      ________      ________
 GREEN    ***********
 BLUE          18.859   ***********
 NOI            2.429         1.366   ***********


           TWO-TAILED P-VALUE FOR ESTIMATED COVARIANCE MATRIX FOR THE LATENT VARIABLES
              COH           PSS           PHQ           PLEA          SAFE
              ________      ________      ________      ________      ________
 COH            0.000
 PSS            0.000         0.000
 PHQ            0.000         0.000         0.000
 PLEA           0.000         0.000         0.000         0.000
 SAFE           0.000         0.000         0.000         0.000         0.000
 GREEN          0.000         0.003         0.041         0.000         0.000
 BLUE           0.181         0.628         0.334         0.001         0.000
 NOI            0.000         0.000         0.000         0.000         0.000


           TWO-TAILED P-VALUE FOR ESTIMATED COVARIANCE MATRIX FOR THE LATENT VARIABLES
              GREEN         BLUE          NOI
              ________      ________      ________
 GREEN          0.000
 BLUE           0.000         0.000
 NOI            0.015         0.172         0.000


           ESTIMATED CORRELATION MATRIX FOR THE LATENT VARIABLES
              COH           PSS           PHQ           PLEA          SAFE
              ________      ________      ________      ________      ________
 COH            1.000
 PSS           -0.310         1.000
 PHQ           -0.311         0.803         1.000
 PLEA           0.609        -0.231        -0.222         1.000
 SAFE           0.440        -0.247        -0.186         0.646         1.000
 GREEN         -0.094         0.054         0.040        -0.171        -0.137
 BLUE          -0.027         0.009        -0.018        -0.077        -0.076
 NOI           -0.438         0.245         0.266        -0.473        -0.393


           ESTIMATED CORRELATION MATRIX FOR THE LATENT VARIABLES
              GREEN         BLUE          NOI
              ________      ________      ________
 GREEN          1.000
 BLUE           0.505         1.000
 NOI            0.055         0.029         1.000


           S.E. FOR ESTIMATED CORRELATION MATRIX FOR THE LATENT VARIABLES
              COH           PSS           PHQ           PLEA          SAFE
              ________      ________      ________      ________      ________
 COH            0.000
 PSS            0.016         0.000
 PHQ            0.017         0.007         0.000
 PLEA           0.016         0.017         0.018         0.000
 SAFE           0.016         0.015         0.017         0.016         0.000
 GREEN          0.021         0.018         0.019         0.024         0.020
 BLUE           0.020         0.019         0.019         0.023         0.020
 NOI            0.017         0.017         0.018         0.019         0.018


           S.E. FOR ESTIMATED CORRELATION MATRIX FOR THE LATENT VARIABLES
              GREEN         BLUE          NOI
              ________      ________      ________
 GREEN          0.000
 BLUE           0.027         0.000
 NOI            0.022         0.021         0.000


           EST./S.E. FOR ESTIMATED CORRELATION MATRIX FOR THE LATENT VARIABLES
              COH           PSS           PHQ           PLEA          SAFE
              ________      ________      ________      ________      ________
 COH          999.000
 PSS          -19.549       999.000
 PHQ          -18.417       112.673       999.000
 PLEA          36.945       -13.865       -12.451       999.000
 SAFE          27.814       -15.953       -10.965        39.859       999.000
 GREEN         -4.603         2.980         2.046        -7.094        -6.903
 BLUE          -1.338         0.484        -0.966        -3.308        -3.725
 NOI          -26.312        14.761        15.147       -25.541       -21.421


           EST./S.E. FOR ESTIMATED CORRELATION MATRIX FOR THE LATENT VARIABLES
              GREEN         BLUE          NOI
              ________      ________      ________
 GREEN        999.000
 BLUE          18.859       999.000
 NOI            2.429         1.366       999.000


           TWO-TAILED P-VALUE FOR ESTIMATED CORRELATION MATRIX FOR THE LATENT VARIABLES
              COH           PSS           PHQ           PLEA          SAFE
              ________      ________      ________      ________      ________
 COH            0.000
 PSS            0.000         0.000
 PHQ            0.000         0.000         0.000
 PLEA           0.000         0.000         0.000         0.000
 SAFE           0.000         0.000         0.000         0.000         0.000
 GREEN          0.000         0.003         0.041         0.000         0.000
 BLUE           0.181         0.628         0.334         0.001         0.000
 NOI            0.000         0.000         0.000         0.000         0.000


           TWO-TAILED P-VALUE FOR ESTIMATED CORRELATION MATRIX FOR THE LATENT VARIABLES
              GREEN         BLUE          NOI
              ________      ________      ________
 GREEN          0.000
 BLUE           0.000         0.000
 NOI            0.015         0.172         0.000


     Beginning Time:  11:38:33
        Ending Time:  11:38:41
       Elapsed Time:  00:00:08



MUTHEN & MUTHEN
3463 Stoner Ave.
Los Angeles, CA  90066

Tel: (310) 391-9971
Fax: (310) 391-8971
Web: www.StatModel.com
Support: Support@StatModel.com

Copyright (c) 1998-2017 Muthen & Muthen
