Mplus VERSION 8
MUTHEN & MUTHEN
01/23/2020   1:35 PM

INPUT INSTRUCTIONS

  DATA:
  FILE = "cfa_full_816b5611ffa75d204df536a3b6bcd665.dat";

  VARIABLE:
  NAMES = Pcoh1 Pcoh2 Pcoh3 Ppss1 Ppss2 Ppss3 Ppss4 Ppss5 Pphq1 Pphq2 Pphq3 Pphq4
       Pphq5 Pplea1 Pplea2 Psafe1 Psafe2 Psafe3 Pgreen1 Pgreen2 river lake beach
       traffic inside outside clus;
   MISSING=.;
   CLUSTER = clus;

  ANALYSIS:
  TYPE = COMPLEX;

  MODEL:
  coh BY Pcoh1*;

  coh BY Pcoh2;

  coh BY Pcoh3;

  [coh@0];

  coh@1;

  pss BY Ppss1*;

  pss BY Ppss2;

  pss BY Ppss3;

  pss BY Ppss4;

  pss BY Ppss5;

  [pss@0];

  pss@1;

  phq BY Pphq1*;

  phq BY Pphq2;

  phq BY Pphq3;

  phq BY Pphq4;

  phq BY Pphq5;

  [phq@0];

  phq@1;

  plea BY Pplea1*;

  plea BY Pplea2;

  [plea@0];

  plea@1;

  safe BY Psafe1*;

  safe BY Psafe2;

  safe BY Psafe3;

  [safe@0];

  safe@1;

  green BY Pgreen1*;

  green BY Pgreen2;

  [green@0];

  green@1;

  blue BY river*;

  blue BY lake;

  blue BY beach;

  [blue@0];

  blue@1;

  noi BY traffic*;

  noi BY inside;

  noi BY outside;

  [noi@0];

  noi@1;

  OUTPUT:
  standardized tech4 modindices;



*** WARNING
  Data set contains cases with missing on all variables.
  These cases were not included in the analysis.
  Number of cases with missing on all variables:  16
   1 WARNING(S) FOUND IN THE INPUT INSTRUCTIONS




SUMMARY OF ANALYSIS

Number of groups                                                 1
Number of observations                                       11489

Number of dependent variables                                   26
Number of independent variables                                  0
Number of continuous latent variables                            8

Observed dependent variables

  Continuous
   PCOH1       PCOH2       PCOH3       PPSS1       PPSS2       PPSS3
   PPSS4       PPSS5       PPHQ1       PPHQ2       PPHQ3       PPHQ4
   PPHQ5       PPLEA1      PPLEA2      PSAFE1      PSAFE2      PSAFE3
   PGREEN1     PGREEN2     RIVER       LAKE        BEACH       TRAFFIC
   INSIDE      OUTSIDE

Continuous latent variables
   COH         PSS         PHQ         PLEA        SAFE        GREEN
   BLUE        NOI

Variables with special functions

  Cluster variable      CLUS

Estimator                                                      MLR
Information matrix                                        OBSERVED
Maximum number of iterations                                  1000
Convergence criterion                                    0.500D-04
Maximum number of steepest descent iterations                   20
Maximum number of iterations for H1                           2000
Convergence criterion for H1                             0.100D-03

Input data file(s)
  cfa_full_816b5611ffa75d204df536a3b6bcd665.dat

Input data format  FREE


SUMMARY OF DATA

     Number of missing data patterns           316
     Number of clusters        2775



COVARIANCE COVERAGE OF DATA

Minimum covariance coverage value   0.100


     PROPORTION OF DATA PRESENT


           Covariance Coverage
              PCOH1         PCOH2         PCOH3         PPSS1         PPSS2
              ________      ________      ________      ________      ________
 PCOH1          0.979
 PCOH2          0.977         0.990
 PCOH3          0.963         0.970         0.972
 PPSS1          0.970         0.981         0.963         0.988
 PPSS2          0.972         0.983         0.965         0.987         0.991
 PPSS3          0.970         0.981         0.963         0.987         0.988
 PPSS4          0.973         0.984         0.966         0.988         0.991
 PPSS5          0.973         0.984         0.966         0.988         0.991
 PPHQ1          0.973         0.985         0.966         0.986         0.989
 PPHQ2          0.972         0.983         0.965         0.985         0.988
 PPHQ3          0.973         0.984         0.966         0.986         0.989
 PPHQ4          0.973         0.984         0.966         0.986         0.989
 PPHQ5          0.969         0.980         0.962         0.982         0.985
 PPLEA1         0.977         0.989         0.970         0.987         0.989
 PPLEA2         0.977         0.989         0.970         0.987         0.989
 PSAFE1         0.976         0.987         0.968         0.985         0.987
 PSAFE2         0.976         0.988         0.969         0.986         0.988
 PSAFE3         0.973         0.984         0.966         0.982         0.984
 PGREEN1        0.972         0.983         0.964         0.981         0.983
 PGREEN2        0.970         0.981         0.963         0.979         0.981
 RIVER          0.933         0.942         0.926         0.941         0.943
 LAKE           0.928         0.937         0.921         0.936         0.938
 BEACH          0.937         0.947         0.929         0.945         0.947
 TRAFFIC        0.972         0.984         0.966         0.983         0.985
 INSIDE         0.974         0.985         0.967         0.983         0.986
 OUTSIDE        0.971         0.982         0.964         0.980         0.983


           Covariance Coverage
              PPSS3         PPSS4         PPSS5         PPHQ1         PPHQ2
              ________      ________      ________      ________      ________
 PPSS3          0.989
 PPSS4          0.989         0.992
 PPSS5          0.988         0.991         0.992
 PPHQ1          0.987         0.990         0.990         0.993
 PPHQ2          0.986         0.989         0.988         0.991         0.992
 PPHQ3          0.987         0.990         0.990         0.992         0.991
 PPHQ4          0.987         0.990         0.989         0.992         0.991
 PPHQ5          0.983         0.985         0.985         0.988         0.987
 PPLEA1         0.987         0.990         0.990         0.991         0.990
 PPLEA2         0.987         0.990         0.990         0.991         0.990
 PSAFE1         0.985         0.989         0.988         0.989         0.988
 PSAFE2         0.986         0.989         0.989         0.990         0.988
 PSAFE3         0.983         0.986         0.986         0.986         0.985
 PGREEN1        0.981         0.984         0.984         0.985         0.984
 PGREEN2        0.979         0.982         0.982         0.983         0.982
 RIVER          0.942         0.944         0.944         0.945         0.944
 LAKE           0.937         0.939         0.939         0.940         0.939
 BEACH          0.946         0.948         0.948         0.949         0.948
 TRAFFIC        0.983         0.986         0.986         0.987         0.985
 INSIDE         0.984         0.987         0.987         0.988         0.986
 OUTSIDE        0.981         0.984         0.984         0.985         0.983


           Covariance Coverage
              PPHQ3         PPHQ4         PPHQ5         PPLEA1        PPLEA2
              ________      ________      ________      ________      ________
 PPHQ3          0.993
 PPHQ4          0.992         0.993
 PPHQ5          0.988         0.988         0.988
 PPLEA1         0.991         0.991         0.987         0.997
 PPLEA2         0.991         0.991         0.987         0.997         0.997
 PSAFE1         0.989         0.989         0.985         0.994         0.994
 PSAFE2         0.990         0.989         0.985         0.995         0.995
 PSAFE3         0.986         0.986         0.982         0.991         0.991
 PGREEN1        0.985         0.984         0.981         0.989         0.989
 PGREEN2        0.983         0.983         0.979         0.987         0.987
 RIVER          0.944         0.944         0.941         0.948         0.948
 LAKE           0.939         0.939         0.936         0.942         0.943
 BEACH          0.949         0.948         0.945         0.952         0.952
 TRAFFIC        0.986         0.986         0.982         0.991         0.991
 INSIDE         0.987         0.987         0.983         0.991         0.991
 OUTSIDE        0.984         0.984         0.980         0.988         0.988


           Covariance Coverage
              PSAFE1        PSAFE2        PSAFE3        PGREEN1       PGREEN2
              ________      ________      ________      ________      ________
 PSAFE1         0.995
 PSAFE2         0.994         0.996
 PSAFE3         0.990         0.991         0.992
 PGREEN1        0.987         0.988         0.984         0.990
 PGREEN2        0.985         0.986         0.982         0.985         0.989
 RIVER          0.946         0.947         0.944         0.948         0.946
 LAKE           0.941         0.942         0.939         0.942         0.941
 BEACH          0.951         0.951         0.949         0.951         0.950
 TRAFFIC        0.989         0.989         0.985         0.984         0.982
 INSIDE         0.989         0.990         0.986         0.985         0.983
 OUTSIDE        0.986         0.987         0.983         0.982         0.980


           Covariance Coverage
              RIVER         LAKE          BEACH         TRAFFIC       INSIDE
              ________      ________      ________      ________      ________
 RIVER          0.949
 LAKE           0.926         0.944
 BEACH          0.922         0.921         0.953
 TRAFFIC        0.944         0.938         0.948         0.993
 INSIDE         0.944         0.939         0.948         0.987         0.994
 OUTSIDE        0.941         0.936         0.946         0.984         0.988


           Covariance Coverage
              OUTSIDE
              ________
 OUTSIDE        0.990



UNIVARIATE SAMPLE STATISTICS


     UNIVARIATE HIGHER-ORDER MOMENT DESCRIPTIVE STATISTICS

         Variable/         Mean/     Skewness/   Minimum/ % with                Percentiles
        Sample Size      Variance    Kurtosis    Maximum  Min/Max      20%/60%    40%/80%    Median

     PCOH1                 3.724      -0.585       1.000    0.58%       3.000      3.500      4.000
           11244.000       0.590       0.530       5.000    8.71%       4.000      4.500
     PCOH2                 3.853      -0.608       1.000    0.42%       3.500      4.000      4.000
           11378.000       0.547       0.645       5.000   11.84%       4.000      4.500
     PCOH3                 4.042      -0.882       1.000    0.99%       4.000      4.000      4.000
           11162.000       0.625       1.425       5.000   27.78%       4.000      5.000
     PPSS1                 1.627       0.596       0.000    0.71%       1.000      1.500      1.500
           11354.000       0.680      -0.031       5.000    0.03%       1.500      2.500
     PPSS2                 1.642       0.504       0.000    0.41%       1.000      1.500      1.500
           11384.000       0.603      -0.085       4.500    0.20%       2.000      2.500
     PPSS3                 1.836       0.340       0.000    0.23%       1.000      1.500      2.000
           11362.000       0.569       0.040       5.000    0.02%       2.000      2.500
     PPSS4                 2.055       0.287       0.000    0.14%       1.500      2.000      2.000
           11398.000       0.583      -0.078       4.500    0.36%       2.000      2.500
     PPSS5                 1.294       0.394       0.000   12.80%       0.500      1.000      1.000
           11397.000       0.737      -0.211       4.000    0.61%       1.500      2.000
     PPHQ1                 0.298       2.563       0.000   64.27%       0.000      0.000      0.000
           11412.000       0.284       7.717       3.000    0.91%       0.000      0.500
     PPHQ2                 0.340       2.208       0.000   64.31%       0.000      0.000      0.000
           11392.000       0.352       5.079       3.000    1.02%       0.000      0.500
     PPHQ3                 0.982       0.870       0.000   19.47%       0.500      0.500      1.000
           11405.000       0.665       0.158       3.000    5.38%       1.000      1.500
     PPHQ4                 0.569       1.453       0.000   45.94%       0.000      0.000      0.500
           11403.000       0.524       1.671       3.000    1.96%       0.500      1.000
     PPHQ5                 0.655       1.206       0.000   49.01%       0.000      0.000      1.000
           11353.000       0.597       1.284       3.000    4.04%       1.000      1.000
     PPLEA1                3.378      -0.855       1.000    0.35%       3.000      3.500      3.500
           11458.000       0.326       0.689       4.000   31.32%       3.500      4.000
     PPLEA2                3.331      -0.964       1.000    0.67%       3.000      3.500      3.500
           11460.000       0.377       0.928       4.000   29.25%       3.500      4.000
     PSAFE1                3.167      -0.446       1.000    0.57%       2.500      3.000      3.000
           11432.000       0.387       0.018       4.000   22.16%       3.500      4.000
     PSAFE2                3.238      -0.589       1.000    0.69%       3.000      3.000      3.000
           11439.000       0.357       0.588       4.000   25.08%       3.500      4.000
     PSAFE3                3.494      -1.073       1.000    0.54%       3.000      3.500      3.500
           11395.000       0.320       1.467       4.000   46.05%       4.000      4.000
     PGREEN1               2.220       0.308       1.000    5.97%       1.500      2.000      2.000
           11378.000       0.389       0.330       4.000    2.11%       2.500      2.500
     PGREEN2               2.002       0.419       1.000   15.18%       1.500      2.000      2.000
           11358.000       0.473      -0.286       4.000    1.13%       2.000      2.500
     RIVER                 2.761      -0.347       1.000   13.89%       2.000      3.000      3.000
           10905.000       0.995      -0.935       4.000   26.75%       3.000      4.000
     LAKE                  2.803      -0.389       1.000   13.02%       2.000      3.000      3.000
           10841.000       0.992      -0.909       4.000   28.68%       3.000      4.000
     BEACH                 3.798      -2.984       1.000    1.02%       4.000      4.000      4.000
           10953.000       0.288       9.216       4.000   85.15%       4.000      4.000
     TRAFFIC               2.155       0.115       1.000   22.35%       1.000      2.000      2.000
           11408.000       0.648      -0.712       4.000    3.51%       2.000      3.000
     INSIDE                1.561       1.265       1.000   54.78%       1.000      1.000      1.000
           11417.000       0.511       1.492       4.000    2.38%       2.000      2.000
     OUTSIDE               1.732       0.875       1.000   40.46%       1.000      1.000      2.000
           11379.000       0.523       0.796       4.000    2.65%       2.000      2.000


THE MODEL ESTIMATION TERMINATED NORMALLY



MODEL FIT INFORMATION

Number of Free Parameters                      106

Loglikelihood

          H0 Value                     -256589.266
          H0 Scaling Correction Factor      1.5793
            for MLR
          H1 Value                     -253796.138
          H1 Scaling Correction Factor      1.2568
            for MLR

Information Criteria

          Akaike (AIC)                  513390.533
          Bayesian (BIC)                514169.542
          Sample-Size Adjusted BIC      513832.687
            (n* = (n + 2) / 24)

Chi-Square Test of Model Fit

          Value                           4940.912*
          Degrees of Freedom                   271
          P-Value                           0.0000
          Scaling Correction Factor         1.1306
            for MLR

*   The chi-square value for MLM, MLMV, MLR, ULSMV, WLSM and WLSMV cannot be used
    for chi-square difference testing in the regular way.  MLM, MLR and WLSM
    chi-square difference testing is described on the Mplus website.  MLMV, WLSMV,
    and ULSMV difference testing is done using the DIFFTEST option.

RMSEA (Root Mean Square Error Of Approximation)

          Estimate                           0.039
          90 Percent C.I.                    0.038  0.040
          Probability RMSEA <= .05           1.000

CFI/TLI

          CFI                                0.957
          TLI                                0.948

Chi-Square Test of Model Fit for the Baseline Model

          Value                         108153.538
          Degrees of Freedom                   325
          P-Value                           0.0000

SRMR (Standardized Root Mean Square Residual)

          Value                              0.035



MODEL RESULTS

                                                    Two-Tailed
                    Estimate       S.E.  Est./S.E.    P-Value

 COH      BY
    PCOH1              0.638      0.008     79.278      0.000
    PCOH2              0.638      0.007     87.742      0.000
    PCOH3              0.555      0.009     64.857      0.000

 PSS      BY
    PPSS1              0.658      0.007     95.056      0.000
    PPSS2              0.639      0.006     98.777      0.000
    PPSS3              0.612      0.006     96.999      0.000
    PPSS4              0.644      0.006    108.678      0.000
    PPSS5              0.687      0.007     99.163      0.000

 PHQ      BY
    PPHQ1              0.447      0.008     54.507      0.000
    PPHQ2              0.498      0.008     61.339      0.000
    PPHQ3              0.598      0.007     81.035      0.000
    PPHQ4              0.579      0.008     73.313      0.000
    PPHQ5              0.538      0.008     63.730      0.000

 PLEA     BY
    PPLEA1             0.349      0.007     52.634      0.000
    PPLEA2             0.491      0.008     60.033      0.000

 SAFE     BY
    PSAFE1             0.530      0.006     87.447      0.000
    PSAFE2             0.436      0.006     70.155      0.000
    PSAFE3             0.391      0.007     58.524      0.000

 GREEN    BY
    PGREEN1            0.406      0.013     31.764      0.000
    PGREEN2            0.412      0.013     30.688      0.000

 BLUE     BY
    RIVER              0.453      0.016     27.759      0.000
    LAKE               0.724      0.021     35.122      0.000
    BEACH              0.107      0.009     11.420      0.000

 NOI      BY
    TRAFFIC            0.248      0.010     24.339      0.000
    INSIDE             0.592      0.009     63.425      0.000
    OUTSIDE            0.545      0.009     62.272      0.000

 PSS      WITH
    COH               -0.296      0.011    -26.274      0.000

 PHQ      WITH
    COH               -0.296      0.012    -24.560      0.000
    PSS                0.801      0.005    158.846      0.000

 PLEA     WITH
    COH                0.594      0.012     49.384      0.000
    PSS               -0.233      0.012    -19.760      0.000
    PHQ               -0.225      0.012    -18.195      0.000

 SAFE     WITH
    COH                0.437      0.011     38.421      0.000
    PSS               -0.243      0.011    -21.924      0.000
    PHQ               -0.199      0.012    -16.117      0.000
    PLEA               0.640      0.012     54.895      0.000

 GREEN    WITH
    COH               -0.088      0.015     -5.772      0.000
    PSS                0.050      0.013      3.762      0.000
    PHQ                0.039      0.014      2.787      0.005
    PLEA              -0.160      0.019     -8.407      0.000
    SAFE              -0.125      0.015     -8.192      0.000

 BLUE     WITH
    COH               -0.035      0.014     -2.500      0.012
    PSS               -0.008      0.013     -0.583      0.560
    PHQ               -0.029      0.014     -2.107      0.035
    PLEA              -0.078      0.016     -5.042      0.000
    SAFE              -0.066      0.015     -4.546      0.000
    GREEN              0.507      0.019     27.267      0.000

 NOI      WITH
    COH               -0.444      0.012    -36.751      0.000
    PSS                0.245      0.012     20.769      0.000
    PHQ                0.269      0.013     21.173      0.000
    PLEA              -0.465      0.014    -34.240      0.000
    SAFE              -0.372      0.013    -27.696      0.000
    GREEN              0.041      0.017      2.449      0.014
    BLUE               0.026      0.015      1.711      0.087

 Means
    COH                0.000      0.000    999.000    999.000
    PSS                0.000      0.000    999.000    999.000
    PHQ                0.000      0.000    999.000    999.000
    PLEA               0.000      0.000    999.000    999.000
    SAFE               0.000      0.000    999.000    999.000
    GREEN              0.000      0.000    999.000    999.000
    BLUE               0.000      0.000    999.000    999.000
    NOI                0.000      0.000    999.000    999.000

 Intercepts
    PCOH1              3.716      0.009    423.052      0.000
    PCOH2              3.851      0.008    484.154      0.000
    PCOH3              4.034      0.008    475.917      0.000
    PPSS1              1.627      0.008    204.444      0.000
    PPSS2              1.643      0.007    221.723      0.000
    PPSS3              1.836      0.007    254.188      0.000
    PPSS4              2.056      0.007    276.474      0.000
    PPSS5              1.295      0.008    153.584      0.000
    PPHQ1              0.298      0.005     56.635      0.000
    PPHQ2              0.341      0.006     59.611      0.000
    PPHQ3              0.983      0.008    121.846      0.000
    PPHQ4              0.570      0.007     81.069      0.000
    PPHQ5              0.657      0.007     88.647      0.000
    PPLEA1             3.378      0.007    484.208      0.000
    PPLEA2             3.330      0.009    391.140      0.000
    PSAFE1             3.166      0.007    440.716      0.000
    PSAFE2             3.237      0.006    520.896      0.000
    PSAFE3             3.492      0.007    528.272      0.000
    PGREEN1            2.220      0.008    280.780      0.000
    PGREEN2            2.002      0.008    262.744      0.000
    RIVER              2.759      0.014    203.829      0.000
    LAKE               2.802      0.011    244.195      0.000
    BEACH              3.798      0.009    418.680      0.000
    TRAFFIC            2.156      0.009    230.838      0.000
    INSIDE             1.562      0.008    198.845      0.000
    OUTSIDE            1.735      0.008    231.175      0.000

 Variances
    COH                1.000      0.000    999.000    999.000
    PSS                1.000      0.000    999.000    999.000
    PHQ                1.000      0.000    999.000    999.000
    PLEA               1.000      0.000    999.000    999.000
    SAFE               1.000      0.000    999.000    999.000
    GREEN              1.000      0.000    999.000    999.000
    BLUE               1.000      0.000    999.000    999.000
    NOI                1.000      0.000    999.000    999.000

 Residual Variances
    PCOH1              0.187      0.006     33.658      0.000
    PCOH2              0.141      0.005     26.978      0.000
    PCOH3              0.321      0.007     43.360      0.000
    PPSS1              0.248      0.006     44.173      0.000
    PPSS2              0.195      0.005     41.783      0.000
    PPSS3              0.195      0.004     49.878      0.000
    PPSS4              0.169      0.003     48.725      0.000
    PPSS5              0.266      0.005     50.795      0.000
    PPHQ1              0.084      0.003     31.724      0.000
    PPHQ2              0.104      0.003     36.021      0.000
    PPHQ3              0.308      0.006     54.965      0.000
    PPHQ4              0.190      0.004     44.053      0.000
    PPHQ5              0.310      0.007     42.166      0.000
    PPLEA1             0.205      0.005     42.249      0.000
    PPLEA2             0.137      0.005     25.644      0.000
    PSAFE1             0.106      0.004     27.991      0.000
    PSAFE2             0.167      0.004     40.816      0.000
    PSAFE3             0.168      0.004     39.352      0.000
    PGREEN1            0.224      0.010     22.167      0.000
    PGREEN2            0.304      0.011     28.775      0.000
    RIVER              0.791      0.017     46.225      0.000
    LAKE               0.469      0.030     15.777      0.000
    BEACH              0.277      0.015     18.713      0.000
    TRAFFIC            0.587      0.007     82.651      0.000
    INSIDE             0.160      0.007     23.036      0.000
    OUTSIDE            0.227      0.006     36.657      0.000


STANDARDIZED MODEL RESULTS


STDYX Standardization

                                                    Two-Tailed
                    Estimate       S.E.  Est./S.E.    P-Value

 COH      BY
    PCOH1              0.827      0.006    137.314      0.000
    PCOH2              0.862      0.006    154.065      0.000
    PCOH3              0.700      0.007     96.076      0.000

 PSS      BY
    PPSS1              0.798      0.005    153.616      0.000
    PPSS2              0.823      0.005    171.551      0.000
    PPSS3              0.811      0.004    180.624      0.000
    PPSS4              0.843      0.004    225.522      0.000
    PPSS5              0.800      0.005    172.357      0.000

 PHQ      BY
    PPHQ1              0.839      0.005    172.355      0.000
    PPHQ2              0.839      0.005    167.191      0.000
    PPHQ3              0.733      0.006    127.771      0.000
    PPHQ4              0.799      0.006    144.908      0.000
    PPHQ5              0.695      0.008     87.861      0.000

 PLEA     BY
    PPLEA1             0.610      0.010     63.074      0.000
    PPLEA2             0.799      0.009     89.879      0.000

 SAFE     BY
    PSAFE1             0.852      0.006    142.420      0.000
    PSAFE2             0.729      0.007     99.584      0.000
    PSAFE3             0.690      0.008     82.884      0.000

 GREEN    BY
    PGREEN1            0.651      0.019     33.623      0.000
    PGREEN2            0.598      0.018     32.432      0.000

 BLUE     BY
    RIVER              0.454      0.016     28.201      0.000
    LAKE               0.726      0.020     35.751      0.000
    BEACH              0.200      0.016     12.167      0.000

 NOI      BY
    TRAFFIC            0.308      0.012     25.388      0.000
    INSIDE             0.828      0.008     97.573      0.000
    OUTSIDE            0.753      0.008     90.580      0.000

 PSS      WITH
    COH               -0.296      0.011    -26.274      0.000

 PHQ      WITH
    COH               -0.296      0.012    -24.560      0.000
    PSS                0.801      0.005    158.846      0.000

 PLEA     WITH
    COH                0.594      0.012     49.384      0.000
    PSS               -0.233      0.012    -19.760      0.000
    PHQ               -0.225      0.012    -18.195      0.000

 SAFE     WITH
    COH                0.437      0.011     38.421      0.000
    PSS               -0.243      0.011    -21.924      0.000
    PHQ               -0.199      0.012    -16.117      0.000
    PLEA               0.640      0.012     54.895      0.000

 GREEN    WITH
    COH               -0.088      0.015     -5.772      0.000
    PSS                0.050      0.013      3.762      0.000
    PHQ                0.039      0.014      2.787      0.005
    PLEA              -0.160      0.019     -8.407      0.000
    SAFE              -0.125      0.015     -8.192      0.000

 BLUE     WITH
    COH               -0.035      0.014     -2.500      0.012
    PSS               -0.008      0.013     -0.583      0.560
    PHQ               -0.029      0.014     -2.107      0.035
    PLEA              -0.078      0.016     -5.042      0.000
    SAFE              -0.066      0.015     -4.546      0.000
    GREEN              0.507      0.019     27.267      0.000

 NOI      WITH
    COH               -0.444      0.012    -36.751      0.000
    PSS                0.245      0.012     20.769      0.000
    PHQ                0.269      0.013     21.173      0.000
    PLEA              -0.465      0.014    -34.240      0.000
    SAFE              -0.372      0.013    -27.696      0.000
    GREEN              0.041      0.017      2.449      0.014
    BLUE               0.026      0.015      1.711      0.087

 Means
    COH                0.000      0.000    999.000    999.000
    PSS                0.000      0.000    999.000    999.000
    PHQ                0.000      0.000    999.000    999.000
    PLEA               0.000      0.000    999.000    999.000
    SAFE               0.000      0.000    999.000    999.000
    GREEN              0.000      0.000    999.000    999.000
    BLUE               0.000      0.000    999.000    999.000
    NOI                0.000      0.000    999.000    999.000

 Intercepts
    PCOH1              4.822      0.045    107.641      0.000
    PCOH2              5.203      0.047    111.435      0.000
    PCOH3              5.088      0.052     98.012      0.000
    PPSS1              1.972      0.012    160.930      0.000
    PPSS2              2.114      0.014    156.521      0.000
    PPSS3              2.432      0.017    143.681      0.000
    PPSS4              2.690      0.018    148.471      0.000
    PPSS5              1.508      0.011    132.957      0.000
    PPHQ1              0.560      0.005    104.098      0.000
    PPHQ2              0.574      0.005    106.084      0.000
    PPHQ3              1.204      0.008    145.242      0.000
    PPHQ4              0.787      0.006    122.564      0.000
    PPHQ5              0.849      0.007    118.026      0.000
    PPLEA1             5.912      0.059    100.827      0.000
    PPLEA2             5.419      0.063     85.341      0.000
    PSAFE1             5.087      0.043    119.101      0.000
    PSAFE2             5.417      0.048    111.848      0.000
    PSAFE3             6.161      0.067     91.705      0.000
    PGREEN1            3.561      0.030    120.507      0.000
    PGREEN2            2.910      0.018    159.502      0.000
    RIVER              2.765      0.024    114.220      0.000
    LAKE               2.812      0.022    125.530      0.000
    BEACH              7.073      0.204     34.625      0.000
    TRAFFIC            2.677      0.017    157.721      0.000
    INSIDE             2.184      0.015    146.521      0.000
    OUTSIDE            2.398      0.016    148.173      0.000

 Variances
    COH                1.000      0.000    999.000    999.000
    PSS                1.000      0.000    999.000    999.000
    PHQ                1.000      0.000    999.000    999.000
    PLEA               1.000      0.000    999.000    999.000
    SAFE               1.000      0.000    999.000    999.000
    GREEN              1.000      0.000    999.000    999.000
    BLUE               1.000      0.000    999.000    999.000
    NOI                1.000      0.000    999.000    999.000

 Residual Variances
    PCOH1              0.316      0.010     31.659      0.000
    PCOH2              0.257      0.010     26.631      0.000
    PCOH3              0.510      0.010     50.057      0.000
    PPSS1              0.364      0.008     43.899      0.000
    PPSS2              0.322      0.008     40.830      0.000
    PPSS3              0.343      0.007     47.064      0.000
    PPSS4              0.290      0.006     45.999      0.000
    PPSS5              0.360      0.007     48.510      0.000
    PPHQ1              0.296      0.008     36.288      0.000
    PPHQ2              0.295      0.008     35.045      0.000
    PPHQ3              0.462      0.008     54.894      0.000
    PPHQ4              0.362      0.009     41.025      0.000
    PPHQ5              0.517      0.011     47.107      0.000
    PPLEA1             0.627      0.012     53.101      0.000
    PPLEA2             0.362      0.014     25.487      0.000
    PSAFE1             0.274      0.010     26.916      0.000
    PSAFE2             0.469      0.011     43.913      0.000
    PSAFE3             0.524      0.011     45.694      0.000
    PGREEN1            0.576      0.025     22.808      0.000
    PGREEN2            0.642      0.022     29.058      0.000
    RIVER              0.794      0.015     54.367      0.000
    LAKE               0.473      0.029     16.028      0.000
    BEACH              0.960      0.007    146.423      0.000
    TRAFFIC            0.905      0.007    121.337      0.000
    INSIDE             0.314      0.014     22.308      0.000
    OUTSIDE            0.433      0.013     34.619      0.000


STDY Standardization

                                                    Two-Tailed
                    Estimate       S.E.  Est./S.E.    P-Value

 COH      BY
    PCOH1              0.827      0.006    137.314      0.000
    PCOH2              0.862      0.006    154.065      0.000
    PCOH3              0.700      0.007     96.076      0.000

 PSS      BY
    PPSS1              0.798      0.005    153.616      0.000
    PPSS2              0.823      0.005    171.551      0.000
    PPSS3              0.811      0.004    180.624      0.000
    PPSS4              0.843      0.004    225.522      0.000
    PPSS5              0.800      0.005    172.357      0.000

 PHQ      BY
    PPHQ1              0.839      0.005    172.355      0.000
    PPHQ2              0.839      0.005    167.191      0.000
    PPHQ3              0.733      0.006    127.771      0.000
    PPHQ4              0.799      0.006    144.908      0.000
    PPHQ5              0.695      0.008     87.861      0.000

 PLEA     BY
    PPLEA1             0.610      0.010     63.074      0.000
    PPLEA2             0.799      0.009     89.879      0.000

 SAFE     BY
    PSAFE1             0.852      0.006    142.420      0.000
    PSAFE2             0.729      0.007     99.584      0.000
    PSAFE3             0.690      0.008     82.884      0.000

 GREEN    BY
    PGREEN1            0.651      0.019     33.623      0.000
    PGREEN2            0.598      0.018     32.432      0.000

 BLUE     BY
    RIVER              0.454      0.016     28.201      0.000
    LAKE               0.726      0.020     35.751      0.000
    BEACH              0.200      0.016     12.167      0.000

 NOI      BY
    TRAFFIC            0.308      0.012     25.388      0.000
    INSIDE             0.828      0.008     97.573      0.000
    OUTSIDE            0.753      0.008     90.580      0.000

 PSS      WITH
    COH               -0.296      0.011    -26.274      0.000

 PHQ      WITH
    COH               -0.296      0.012    -24.560      0.000
    PSS                0.801      0.005    158.846      0.000

 PLEA     WITH
    COH                0.594      0.012     49.384      0.000
    PSS               -0.233      0.012    -19.760      0.000
    PHQ               -0.225      0.012    -18.195      0.000

 SAFE     WITH
    COH                0.437      0.011     38.421      0.000
    PSS               -0.243      0.011    -21.924      0.000
    PHQ               -0.199      0.012    -16.117      0.000
    PLEA               0.640      0.012     54.895      0.000

 GREEN    WITH
    COH               -0.088      0.015     -5.772      0.000
    PSS                0.050      0.013      3.762      0.000
    PHQ                0.039      0.014      2.787      0.005
    PLEA              -0.160      0.019     -8.407      0.000
    SAFE              -0.125      0.015     -8.192      0.000

 BLUE     WITH
    COH               -0.035      0.014     -2.500      0.012
    PSS               -0.008      0.013     -0.583      0.560
    PHQ               -0.029      0.014     -2.107      0.035
    PLEA              -0.078      0.016     -5.042      0.000
    SAFE              -0.066      0.015     -4.546      0.000
    GREEN              0.507      0.019     27.267      0.000

 NOI      WITH
    COH               -0.444      0.012    -36.751      0.000
    PSS                0.245      0.012     20.769      0.000
    PHQ                0.269      0.013     21.173      0.000
    PLEA              -0.465      0.014    -34.240      0.000
    SAFE              -0.372      0.013    -27.696      0.000
    GREEN              0.041      0.017      2.449      0.014
    BLUE               0.026      0.015      1.711      0.087

 Means
    COH                0.000      0.000    999.000    999.000
    PSS                0.000      0.000    999.000    999.000
    PHQ                0.000      0.000    999.000    999.000
    PLEA               0.000      0.000    999.000    999.000
    SAFE               0.000      0.000    999.000    999.000
    GREEN              0.000      0.000    999.000    999.000
    BLUE               0.000      0.000    999.000    999.000
    NOI                0.000      0.000    999.000    999.000

 Intercepts
    PCOH1              4.822      0.045    107.641      0.000
    PCOH2              5.203      0.047    111.435      0.000
    PCOH3              5.088      0.052     98.012      0.000
    PPSS1              1.972      0.012    160.930      0.000
    PPSS2              2.114      0.014    156.521      0.000
    PPSS3              2.432      0.017    143.681      0.000
    PPSS4              2.690      0.018    148.471      0.000
    PPSS5              1.508      0.011    132.957      0.000
    PPHQ1              0.560      0.005    104.098      0.000
    PPHQ2              0.574      0.005    106.084      0.000
    PPHQ3              1.204      0.008    145.242      0.000
    PPHQ4              0.787      0.006    122.564      0.000
    PPHQ5              0.849      0.007    118.026      0.000
    PPLEA1             5.912      0.059    100.827      0.000
    PPLEA2             5.419      0.063     85.341      0.000
    PSAFE1             5.087      0.043    119.101      0.000
    PSAFE2             5.417      0.048    111.848      0.000
    PSAFE3             6.161      0.067     91.705      0.000
    PGREEN1            3.561      0.030    120.507      0.000
    PGREEN2            2.910      0.018    159.502      0.000
    RIVER              2.765      0.024    114.220      0.000
    LAKE               2.812      0.022    125.530      0.000
    BEACH              7.073      0.204     34.625      0.000
    TRAFFIC            2.677      0.017    157.721      0.000
    INSIDE             2.184      0.015    146.521      0.000
    OUTSIDE            2.398      0.016    148.173      0.000

 Variances
    COH                1.000      0.000    999.000    999.000
    PSS                1.000      0.000    999.000    999.000
    PHQ                1.000      0.000    999.000    999.000
    PLEA               1.000      0.000    999.000    999.000
    SAFE               1.000      0.000    999.000    999.000
    GREEN              1.000      0.000    999.000    999.000
    BLUE               1.000      0.000    999.000    999.000
    NOI                1.000      0.000    999.000    999.000

 Residual Variances
    PCOH1              0.316      0.010     31.659      0.000
    PCOH2              0.257      0.010     26.631      0.000
    PCOH3              0.510      0.010     50.057      0.000
    PPSS1              0.364      0.008     43.899      0.000
    PPSS2              0.322      0.008     40.830      0.000
    PPSS3              0.343      0.007     47.064      0.000
    PPSS4              0.290      0.006     45.999      0.000
    PPSS5              0.360      0.007     48.510      0.000
    PPHQ1              0.296      0.008     36.288      0.000
    PPHQ2              0.295      0.008     35.045      0.000
    PPHQ3              0.462      0.008     54.894      0.000
    PPHQ4              0.362      0.009     41.025      0.000
    PPHQ5              0.517      0.011     47.107      0.000
    PPLEA1             0.627      0.012     53.101      0.000
    PPLEA2             0.362      0.014     25.487      0.000
    PSAFE1             0.274      0.010     26.916      0.000
    PSAFE2             0.469      0.011     43.913      0.000
    PSAFE3             0.524      0.011     45.694      0.000
    PGREEN1            0.576      0.025     22.808      0.000
    PGREEN2            0.642      0.022     29.058      0.000
    RIVER              0.794      0.015     54.367      0.000
    LAKE               0.473      0.029     16.028      0.000
    BEACH              0.960      0.007    146.423      0.000
    TRAFFIC            0.905      0.007    121.337      0.000
    INSIDE             0.314      0.014     22.308      0.000
    OUTSIDE            0.433      0.013     34.619      0.000


STD Standardization

                                                    Two-Tailed
                    Estimate       S.E.  Est./S.E.    P-Value

 COH      BY
    PCOH1              0.638      0.008     79.278      0.000
    PCOH2              0.638      0.007     87.742      0.000
    PCOH3              0.555      0.009     64.857      0.000

 PSS      BY
    PPSS1              0.658      0.007     95.056      0.000
    PPSS2              0.639      0.006     98.777      0.000
    PPSS3              0.612      0.006     96.999      0.000
    PPSS4              0.644      0.006    108.678      0.000
    PPSS5              0.687      0.007     99.163      0.000

 PHQ      BY
    PPHQ1              0.447      0.008     54.507      0.000
    PPHQ2              0.498      0.008     61.339      0.000
    PPHQ3              0.598      0.007     81.035      0.000
    PPHQ4              0.579      0.008     73.313      0.000
    PPHQ5              0.538      0.008     63.730      0.000

 PLEA     BY
    PPLEA1             0.349      0.007     52.634      0.000
    PPLEA2             0.491      0.008     60.033      0.000

 SAFE     BY
    PSAFE1             0.530      0.006     87.447      0.000
    PSAFE2             0.436      0.006     70.155      0.000
    PSAFE3             0.391      0.007     58.524      0.000

 GREEN    BY
    PGREEN1            0.406      0.013     31.764      0.000
    PGREEN2            0.412      0.013     30.688      0.000

 BLUE     BY
    RIVER              0.453      0.016     27.759      0.000
    LAKE               0.724      0.021     35.122      0.000
    BEACH              0.107      0.009     11.420      0.000

 NOI      BY
    TRAFFIC            0.248      0.010     24.339      0.000
    INSIDE             0.592      0.009     63.425      0.000
    OUTSIDE            0.545      0.009     62.272      0.000

 PSS      WITH
    COH               -0.296      0.011    -26.274      0.000

 PHQ      WITH
    COH               -0.296      0.012    -24.560      0.000
    PSS                0.801      0.005    158.846      0.000

 PLEA     WITH
    COH                0.594      0.012     49.384      0.000
    PSS               -0.233      0.012    -19.760      0.000
    PHQ               -0.225      0.012    -18.195      0.000

 SAFE     WITH
    COH                0.437      0.011     38.421      0.000
    PSS               -0.243      0.011    -21.924      0.000
    PHQ               -0.199      0.012    -16.117      0.000
    PLEA               0.640      0.012     54.895      0.000

 GREEN    WITH
    COH               -0.088      0.015     -5.772      0.000
    PSS                0.050      0.013      3.762      0.000
    PHQ                0.039      0.014      2.787      0.005
    PLEA              -0.160      0.019     -8.407      0.000
    SAFE              -0.125      0.015     -8.192      0.000

 BLUE     WITH
    COH               -0.035      0.014     -2.500      0.012
    PSS               -0.008      0.013     -0.583      0.560
    PHQ               -0.029      0.014     -2.107      0.035
    PLEA              -0.078      0.016     -5.042      0.000
    SAFE              -0.066      0.015     -4.546      0.000
    GREEN              0.507      0.019     27.267      0.000

 NOI      WITH
    COH               -0.444      0.012    -36.751      0.000
    PSS                0.245      0.012     20.769      0.000
    PHQ                0.269      0.013     21.173      0.000
    PLEA              -0.465      0.014    -34.240      0.000
    SAFE              -0.372      0.013    -27.696      0.000
    GREEN              0.041      0.017      2.449      0.014
    BLUE               0.026      0.015      1.711      0.087

 Means
    COH                0.000      0.000    999.000    999.000
    PSS                0.000      0.000    999.000    999.000
    PHQ                0.000      0.000    999.000    999.000
    PLEA               0.000      0.000    999.000    999.000
    SAFE               0.000      0.000    999.000    999.000
    GREEN              0.000      0.000    999.000    999.000
    BLUE               0.000      0.000    999.000    999.000
    NOI                0.000      0.000    999.000    999.000

 Intercepts
    PCOH1              3.716      0.009    423.052      0.000
    PCOH2              3.851      0.008    484.154      0.000
    PCOH3              4.034      0.008    475.917      0.000
    PPSS1              1.627      0.008    204.444      0.000
    PPSS2              1.643      0.007    221.723      0.000
    PPSS3              1.836      0.007    254.188      0.000
    PPSS4              2.056      0.007    276.474      0.000
    PPSS5              1.295      0.008    153.584      0.000
    PPHQ1              0.298      0.005     56.635      0.000
    PPHQ2              0.341      0.006     59.611      0.000
    PPHQ3              0.983      0.008    121.846      0.000
    PPHQ4              0.570      0.007     81.069      0.000
    PPHQ5              0.657      0.007     88.647      0.000
    PPLEA1             3.378      0.007    484.208      0.000
    PPLEA2             3.330      0.009    391.140      0.000
    PSAFE1             3.166      0.007    440.716      0.000
    PSAFE2             3.237      0.006    520.896      0.000
    PSAFE3             3.492      0.007    528.272      0.000
    PGREEN1            2.220      0.008    280.780      0.000
    PGREEN2            2.002      0.008    262.744      0.000
    RIVER              2.759      0.014    203.829      0.000
    LAKE               2.802      0.011    244.195      0.000
    BEACH              3.798      0.009    418.680      0.000
    TRAFFIC            2.156      0.009    230.838      0.000
    INSIDE             1.562      0.008    198.845      0.000
    OUTSIDE            1.735      0.008    231.175      0.000

 Variances
    COH                1.000      0.000    999.000    999.000
    PSS                1.000      0.000    999.000    999.000
    PHQ                1.000      0.000    999.000    999.000
    PLEA               1.000      0.000    999.000    999.000
    SAFE               1.000      0.000    999.000    999.000
    GREEN              1.000      0.000    999.000    999.000
    BLUE               1.000      0.000    999.000    999.000
    NOI                1.000      0.000    999.000    999.000

 Residual Variances
    PCOH1              0.187      0.006     33.658      0.000
    PCOH2              0.141      0.005     26.978      0.000
    PCOH3              0.321      0.007     43.360      0.000
    PPSS1              0.248      0.006     44.173      0.000
    PPSS2              0.195      0.005     41.783      0.000
    PPSS3              0.195      0.004     49.878      0.000
    PPSS4              0.169      0.003     48.725      0.000
    PPSS5              0.266      0.005     50.795      0.000
    PPHQ1              0.084      0.003     31.724      0.000
    PPHQ2              0.104      0.003     36.021      0.000
    PPHQ3              0.308      0.006     54.965      0.000
    PPHQ4              0.190      0.004     44.053      0.000
    PPHQ5              0.310      0.007     42.166      0.000
    PPLEA1             0.205      0.005     42.249      0.000
    PPLEA2             0.137      0.005     25.644      0.000
    PSAFE1             0.106      0.004     27.991      0.000
    PSAFE2             0.167      0.004     40.816      0.000
    PSAFE3             0.168      0.004     39.352      0.000
    PGREEN1            0.224      0.010     22.167      0.000
    PGREEN2            0.304      0.011     28.775      0.000
    RIVER              0.791      0.017     46.225      0.000
    LAKE               0.469      0.030     15.777      0.000
    BEACH              0.277      0.015     18.713      0.000
    TRAFFIC            0.587      0.007     82.651      0.000
    INSIDE             0.160      0.007     23.036      0.000
    OUTSIDE            0.227      0.006     36.657      0.000


R-SQUARE

    Observed                                        Two-Tailed
    Variable        Estimate       S.E.  Est./S.E.    P-Value

    PCOH1              0.684      0.010     68.657      0.000
    PCOH2              0.743      0.010     77.032      0.000
    PCOH3              0.490      0.010     48.038      0.000
    PPSS1              0.636      0.008     76.808      0.000
    PPSS2              0.678      0.008     85.775      0.000
    PPSS3              0.657      0.007     90.312      0.000
    PPSS4              0.710      0.006    112.761      0.000
    PPSS5              0.640      0.007     86.179      0.000
    PPHQ1              0.704      0.008     86.178      0.000
    PPHQ2              0.705      0.008     83.595      0.000
    PPHQ3              0.538      0.008     63.886      0.000
    PPHQ4              0.638      0.009     72.454      0.000
    PPHQ5              0.483      0.011     43.931      0.000
    PPLEA1             0.373      0.012     31.537      0.000
    PPLEA2             0.638      0.014     44.939      0.000
    PSAFE1             0.726      0.010     71.210      0.000
    PSAFE2             0.531      0.011     49.792      0.000
    PSAFE3             0.476      0.011     41.442      0.000
    PGREEN1            0.424      0.025     16.812      0.000
    PGREEN2            0.358      0.022     16.216      0.000
    RIVER              0.206      0.015     14.100      0.000
    LAKE               0.527      0.029     17.876      0.000
    BEACH              0.040      0.007      6.084      0.000
    TRAFFIC            0.095      0.007     12.694      0.000
    INSIDE             0.686      0.014     48.787      0.000
    OUTSIDE            0.567      0.013     45.290      0.000


QUALITY OF NUMERICAL RESULTS

     Condition Number for the Information Matrix              0.166E-02
       (ratio of smallest to largest eigenvalue)


MODEL MODIFICATION INDICES

NOTE:  Modification indices for direct effects of observed dependent variables
regressed on covariates may not be included.  To include these, request
MODINDICES (ALL).

Minimum M.I. value for printing the modification index    10.000

                                   M.I.     E.P.C.  Std E.P.C.  StdYX E.P.C.

BY Statements

COH      BY PPHQ2                 13.594     0.016      0.016        0.027
COH      BY PPHQ5                 29.654    -0.037     -0.037       -0.047
COH      BY PSAFE2               140.514    -0.072     -0.072       -0.121
COH      BY PSAFE3               249.491     0.093      0.093        0.163
COH      BY PGREEN1               39.345    -0.050     -0.050       -0.080
COH      BY PGREEN2               39.349     0.051      0.051        0.074
COH      BY TRAFFIC              168.195    -0.128     -0.128       -0.158
COH      BY OUTSIDE               36.858     0.063      0.063        0.087
PSS      BY PCOH1                 20.070    -0.028     -0.028       -0.036
PSS      BY PCOH2                 10.269     0.019      0.019        0.026
PSS      BY PPHQ4                 20.440    -0.047     -0.047       -0.065
PSS      BY PSAFE2                18.962     0.022      0.022        0.037
PSS      BY PSAFE3                17.567    -0.021     -0.021       -0.037
PSS      BY TRAFFIC               69.494     0.071      0.071        0.088
PSS      BY OUTSIDE               13.706    -0.026     -0.026       -0.036
PHQ      BY PCOH1                 13.256    -0.022     -0.022       -0.029
PHQ      BY PCOH2                 12.970     0.021      0.021        0.029
PHQ      BY PPSS2                 26.910    -0.055     -0.055       -0.071
PHQ      BY PPSS3                 91.512    -0.100     -0.100       -0.132
PHQ      BY PPSS4                 71.950     0.086      0.086        0.113
PHQ      BY PPSS5                 17.693     0.050      0.050        0.059
PHQ      BY PSAFE2                32.521     0.029      0.029        0.049
PHQ      BY PSAFE3                18.229    -0.021     -0.021       -0.037
PHQ      BY TRAFFIC               43.162     0.056      0.056        0.070
PHQ      BY OUTSIDE               15.117    -0.028     -0.028       -0.038
PLEA     BY PCOH1                201.973     0.137      0.137        0.178
PLEA     BY PCOH2                 98.935    -0.094     -0.094       -0.127
PLEA     BY PCOH3                 23.938    -0.050     -0.050       -0.063
PLEA     BY PPSS1                 12.676     0.023      0.023        0.028
PLEA     BY PPHQ1                 16.147     0.016      0.016        0.030
PLEA     BY PPHQ3                 12.546    -0.025     -0.025       -0.031
PLEA     BY PPHQ5                 18.666    -0.030     -0.030       -0.039
PLEA     BY PSAFE1                47.682    -0.071     -0.071       -0.114
PLEA     BY PSAFE2               120.455    -0.098     -0.098       -0.165
PLEA     BY PSAFE3               367.985     0.162      0.162        0.286
PLEA     BY PGREEN1              124.308    -0.098     -0.098       -0.158
PLEA     BY PGREEN2              124.321     0.100      0.100        0.145
PLEA     BY TRAFFIC              820.083    -0.310     -0.310       -0.385
PLEA     BY INSIDE                32.949     0.074      0.074        0.104
PLEA     BY OUTSIDE               73.608     0.102      0.102        0.141
SAFE     BY PCOH1                129.430     0.083      0.083        0.108
SAFE     BY PCOH2                 37.215    -0.043     -0.043       -0.058
SAFE     BY PCOH3                 40.935    -0.051     -0.051       -0.064
SAFE     BY PPHQ3                 12.126    -0.023     -0.023       -0.028
SAFE     BY PGREEN1               44.590    -0.055     -0.055       -0.089
SAFE     BY PGREEN2               44.596     0.056      0.056        0.081
SAFE     BY TRAFFIC             1212.802    -0.331     -0.331       -0.411
SAFE     BY INSIDE               109.577     0.100      0.100        0.140
SAFE     BY OUTSIDE               17.812     0.037      0.037        0.052
GREEN    BY PPLEA1                10.341    -0.022     -0.022       -0.039
GREEN    BY PPLEA2                10.342     0.031      0.031        0.051
GREEN    BY PSAFE1                18.541     0.028      0.028        0.045
GREEN    BY PSAFE2                46.481    -0.042     -0.042       -0.070
GREEN    BY TRAFFIC              153.855     0.125      0.125        0.155
BLUE     BY PSAFE1                11.794     0.022      0.022        0.035
BLUE     BY PSAFE2                38.372    -0.038     -0.038       -0.063
BLUE     BY PGREEN1               78.579    -0.295     -0.295       -0.473
BLUE     BY PGREEN2               78.621     0.299      0.299        0.435
BLUE     BY TRAFFIC               38.379     0.062      0.062        0.078
NOI      BY PCOH1                122.164    -0.083     -0.083       -0.108
NOI      BY PCOH2                 53.909     0.054      0.054        0.072
NOI      BY PCOH3                 19.197     0.036      0.036        0.046
NOI      BY PPSS1                 68.356    -0.053     -0.053       -0.064
NOI      BY PPSS4                 11.111     0.018      0.018        0.024
NOI      BY PPSS5                 16.506     0.027      0.027        0.031
NOI      BY PPHQ1                 26.456    -0.021     -0.021       -0.039
NOI      BY PPHQ2                 19.337    -0.020     -0.020       -0.033
NOI      BY PPHQ3                 66.718     0.057      0.057        0.070
NOI      BY PPLEA1                28.547     0.042      0.042        0.074
NOI      BY PPLEA2                28.543    -0.060     -0.060       -0.097
NOI      BY PSAFE2                14.925     0.023      0.023        0.039
NOI      BY PSAFE3                42.556    -0.038     -0.038       -0.067
NOI      BY PGREEN1               53.795     0.060      0.060        0.096
NOI      BY PGREEN2               53.801    -0.061     -0.061       -0.088

WITH Statements

PCOH2    WITH PCOH1               32.543    -0.038     -0.038       -0.237
PCOH3    WITH PCOH1              138.281    -0.058     -0.058       -0.236
PCOH3    WITH PCOH2              281.874     0.084      0.084        0.394
PPSS3    WITH PPSS1               67.609     0.023      0.023        0.105
PPSS3    WITH PPSS2               92.132     0.025      0.025        0.127
PPSS4    WITH PPSS2               66.744    -0.021     -0.021       -0.114
PPSS4    WITH PPSS3               14.333    -0.009     -0.009       -0.052
PPSS5    WITH PPSS1               72.508    -0.027     -0.027       -0.107
PPSS5    WITH PPSS2               45.781     0.020      0.020        0.088
PPSS5    WITH PPSS3               36.901    -0.018     -0.018       -0.077
PPSS5    WITH PPSS4               11.284     0.010      0.010        0.045
PPHQ1    WITH PPSS1               76.089     0.015      0.015        0.107
PPHQ2    WITH PPSS1               47.823     0.014      0.014        0.085
PPHQ2    WITH PPSS3               10.393    -0.006     -0.006       -0.040
PPHQ2    WITH PPSS4               10.344    -0.005     -0.005       -0.041
PPHQ2    WITH PPHQ1              423.121     0.030      0.030        0.320
PPHQ3    WITH PPSS1               83.951    -0.029     -0.029       -0.105
PPHQ3    WITH PPSS2               16.354    -0.011     -0.011       -0.047
PPHQ3    WITH PPSS4              147.891     0.033      0.033        0.144
PPHQ3    WITH PPSS5               19.582     0.014      0.014        0.051
PPHQ3    WITH PPHQ1              162.087    -0.027     -0.027       -0.166
PPHQ3    WITH PPHQ2              256.085    -0.037     -0.037       -0.210
PPHQ4    WITH PPSS1               35.354    -0.015     -0.015       -0.070
PPHQ4    WITH PPSS5               12.376     0.009      0.009        0.042
PPHQ4    WITH PPHQ1              261.759    -0.029     -0.029       -0.230
PPHQ4    WITH PPHQ2               14.198     0.008      0.008        0.054
PPHQ4    WITH PPHQ3              515.154     0.067      0.067        0.279
PPHQ5    WITH PPHQ1               38.016     0.013      0.013        0.078
PPHQ5    WITH PPHQ2              120.790    -0.025     -0.025       -0.140
PPHQ5    WITH PPHQ3               35.121     0.021      0.021        0.068
PPLEA2   WITH PCOH1               33.003     0.015      0.015        0.094
PPLEA2   WITH PCOH2               33.092    -0.014     -0.014       -0.103
PPLEA2   WITH PPSS1               10.160     0.008      0.008        0.045
PSAFE1   WITH PCOH2               13.942    -0.008     -0.008       -0.064
PSAFE1   WITH PPLEA1              16.878    -0.009     -0.009       -0.062
PSAFE2   WITH PCOH1               23.842    -0.011     -0.011       -0.065
PSAFE2   WITH PCOH3               19.339    -0.012     -0.012       -0.053
PSAFE2   WITH PPLEA2              47.469    -0.016     -0.016       -0.104
PSAFE2   WITH PSAFE1             368.205     0.081      0.081        0.610
PSAFE3   WITH PCOH1               63.874     0.018      0.018        0.103
PSAFE3   WITH PPSS1               10.746    -0.008     -0.008       -0.038
PSAFE3   WITH PPLEA1              22.129     0.010      0.010        0.056
PSAFE3   WITH PPLEA2              82.719     0.020      0.020        0.133
PSAFE3   WITH PSAFE1             124.700    -0.041     -0.041       -0.304
PSAFE3   WITH PSAFE2              47.234    -0.020     -0.020       -0.117
PGREEN1  WITH PPLEA2              45.041    -0.021     -0.021       -0.119
PGREEN2  WITH PCOH1               11.024     0.011      0.011        0.046
PGREEN2  WITH PCOH2               13.161    -0.011     -0.011       -0.054
PGREEN2  WITH PPLEA2              96.176     0.032      0.032        0.158
PGREEN2  WITH PSAFE2              53.581    -0.021     -0.021       -0.093
PGREEN2  WITH PSAFE3              17.569     0.012      0.012        0.052
RIVER    WITH PPLEA1              18.549     0.020      0.020        0.050
LAKE     WITH PCOH1               10.495     0.016      0.016        0.054
LAKE     WITH PPLEA1              11.141    -0.016     -0.016       -0.051
LAKE     WITH PSAFE2              10.483    -0.014     -0.014       -0.050
LAKE     WITH PSAFE3              12.215     0.015      0.015        0.052
LAKE     WITH PGREEN1             40.945    -0.060     -0.060       -0.186
LAKE     WITH PGREEN2             37.961     0.060      0.060        0.159
BEACH    WITH PPLEA1              24.937     0.013      0.013        0.055
TRAFFIC  WITH PCOH2               15.325     0.015      0.015        0.051
TRAFFIC  WITH PPLEA2              61.947    -0.029     -0.029       -0.103
TRAFFIC  WITH PSAFE1              80.410    -0.030     -0.030       -0.120
TRAFFIC  WITH PSAFE2             335.134    -0.064     -0.064       -0.204
TRAFFIC  WITH PGREEN1             44.014     0.029      0.029        0.080
INSIDE   WITH PCOH1               21.956    -0.013     -0.013       -0.077
INSIDE   WITH PCOH2               10.542     0.009      0.009        0.058
INSIDE   WITH PSAFE2              54.406     0.018      0.018        0.111
INSIDE   WITH TRAFFIC            132.216    -0.061     -0.061       -0.200
OUTSIDE  WITH PCOH3               11.062     0.011      0.011        0.042
OUTSIDE  WITH PPSS1               22.232    -0.014     -0.014       -0.060
OUTSIDE  WITH PPHQ1               12.189    -0.006     -0.006       -0.046
OUTSIDE  WITH PPHQ3               28.017     0.017      0.017        0.065
OUTSIDE  WITH PPLEA1              20.087     0.012      0.012        0.057
OUTSIDE  WITH PSAFE2              15.867    -0.010     -0.010       -0.052
OUTSIDE  WITH TRAFFIC             32.291    -0.029     -0.029       -0.079
OUTSIDE  WITH INSIDE             704.391     0.486      0.486        2.550


TECHNICAL 4 OUTPUT


     ESTIMATES DERIVED FROM THE MODEL


           ESTIMATED MEANS FOR THE LATENT VARIABLES
              COH           PSS           PHQ           PLEA          SAFE
              ________      ________      ________      ________      ________
                0.000         0.000         0.000         0.000         0.000


           ESTIMATED MEANS FOR THE LATENT VARIABLES
              GREEN         BLUE          NOI
              ________      ________      ________
                0.000         0.000         0.000


           S.E. FOR ESTIMATED MEANS FOR THE LATENT VARIABLES
              COH           PSS           PHQ           PLEA          SAFE
              ________      ________      ________      ________      ________
                0.000         0.000         0.000         0.000         0.000


           S.E. FOR ESTIMATED MEANS FOR THE LATENT VARIABLES
              GREEN         BLUE          NOI
              ________      ________      ________
                0.000         0.000         0.000


           EST./S.E. FOR ESTIMATED MEANS FOR THE LATENT VARIABLES
              COH           PSS           PHQ           PLEA          SAFE
              ________      ________      ________      ________      ________
                0.000         0.000         0.000         0.000         0.000


           EST./S.E. FOR ESTIMATED MEANS FOR THE LATENT VARIABLES
              GREEN         BLUE          NOI
              ________      ________      ________
                0.000         0.000         0.000


           TWO-TAILED P-VALUE FOR ESTIMATED MEANS FOR THE LATENT VARIABLES
              COH           PSS           PHQ           PLEA          SAFE
              ________      ________      ________      ________      ________
                1.000         1.000         1.000         1.000         1.000


           TWO-TAILED P-VALUE FOR ESTIMATED MEANS FOR THE LATENT VARIABLES
              GREEN         BLUE          NOI
              ________      ________      ________
                1.000         1.000         1.000


           ESTIMATED COVARIANCE MATRIX FOR THE LATENT VARIABLES
              COH           PSS           PHQ           PLEA          SAFE
              ________      ________      ________      ________      ________
 COH            1.000
 PSS           -0.296         1.000
 PHQ           -0.296         0.801         1.000
 PLEA           0.594        -0.233        -0.225         1.000
 SAFE           0.437        -0.243        -0.199         0.640         1.000
 GREEN         -0.088         0.050         0.039        -0.160        -0.125
 BLUE          -0.035        -0.008        -0.029        -0.078        -0.066
 NOI           -0.444         0.245         0.269        -0.465        -0.372


           ESTIMATED COVARIANCE MATRIX FOR THE LATENT VARIABLES
              GREEN         BLUE          NOI
              ________      ________      ________
 GREEN          1.000
 BLUE           0.507         1.000
 NOI            0.041         0.026         1.000


           S.E. FOR ESTIMATED COVARIANCE MATRIX FOR THE LATENT VARIABLES
              COH           PSS           PHQ           PLEA          SAFE
              ________      ________      ________      ________      ________
 COH            0.000
 PSS            0.011         0.000
 PHQ            0.012         0.005         0.000
 PLEA           0.012         0.012         0.012         0.000
 SAFE           0.011         0.011         0.012         0.012         0.000
 GREEN          0.015         0.013         0.014         0.019         0.015
 BLUE           0.014         0.013         0.014         0.016         0.015
 NOI            0.012         0.012         0.013         0.014         0.013


           S.E. FOR ESTIMATED COVARIANCE MATRIX FOR THE LATENT VARIABLES
              GREEN         BLUE          NOI
              ________      ________      ________
 GREEN          0.000
 BLUE           0.019         0.000
 NOI            0.017         0.015         0.000


           EST./S.E. FOR ESTIMATED COVARIANCE MATRIX FOR THE LATENT VARIABLES
              COH           PSS           PHQ           PLEA          SAFE
              ________      ________      ________      ________      ________
 COH      ***********
 PSS          -26.274   ***********
 PHQ          -24.560       158.846   ***********
 PLEA          49.384       -19.760       -18.195   ***********
 SAFE          38.421       -21.924       -16.117        54.895   ***********
 GREEN         -5.772         3.762         2.787        -8.407        -8.192
 BLUE          -2.500        -0.583        -2.107        -5.042        -4.546
 NOI          -36.751        20.769        21.173       -34.240       -27.696


           EST./S.E. FOR ESTIMATED COVARIANCE MATRIX FOR THE LATENT VARIABLES
              GREEN         BLUE          NOI
              ________      ________      ________
 GREEN    ***********
 BLUE          27.267   ***********
 NOI            2.449         1.711   ***********


           TWO-TAILED P-VALUE FOR ESTIMATED COVARIANCE MATRIX FOR THE LATENT VARIABLES
              COH           PSS           PHQ           PLEA          SAFE
              ________      ________      ________      ________      ________
 COH            0.000
 PSS            0.000         0.000
 PHQ            0.000         0.000         0.000
 PLEA           0.000         0.000         0.000         0.000
 SAFE           0.000         0.000         0.000         0.000         0.000
 GREEN          0.000         0.000         0.005         0.000         0.000
 BLUE           0.012         0.560         0.035         0.000         0.000
 NOI            0.000         0.000         0.000         0.000         0.000


           TWO-TAILED P-VALUE FOR ESTIMATED COVARIANCE MATRIX FOR THE LATENT VARIABLES
              GREEN         BLUE          NOI
              ________      ________      ________
 GREEN          0.000
 BLUE           0.000         0.000
 NOI            0.014         0.087         0.000


           ESTIMATED CORRELATION MATRIX FOR THE LATENT VARIABLES
              COH           PSS           PHQ           PLEA          SAFE
              ________      ________      ________      ________      ________
 COH            1.000
 PSS           -0.296         1.000
 PHQ           -0.296         0.801         1.000
 PLEA           0.594        -0.233        -0.225         1.000
 SAFE           0.437        -0.243        -0.199         0.640         1.000
 GREEN         -0.088         0.050         0.039        -0.160        -0.125
 BLUE          -0.035        -0.008        -0.029        -0.078        -0.066
 NOI           -0.444         0.245         0.269        -0.465        -0.372


           ESTIMATED CORRELATION MATRIX FOR THE LATENT VARIABLES
              GREEN         BLUE          NOI
              ________      ________      ________
 GREEN          1.000
 BLUE           0.507         1.000
 NOI            0.041         0.026         1.000


           S.E. FOR ESTIMATED CORRELATION MATRIX FOR THE LATENT VARIABLES
              COH           PSS           PHQ           PLEA          SAFE
              ________      ________      ________      ________      ________
 COH            0.000
 PSS            0.011         0.000
 PHQ            0.012         0.005         0.000
 PLEA           0.012         0.012         0.012         0.000
 SAFE           0.011         0.011         0.012         0.012         0.000
 GREEN          0.015         0.013         0.014         0.019         0.015
 BLUE           0.014         0.013         0.014         0.016         0.015
 NOI            0.012         0.012         0.013         0.014         0.013


           S.E. FOR ESTIMATED CORRELATION MATRIX FOR THE LATENT VARIABLES
              GREEN         BLUE          NOI
              ________      ________      ________
 GREEN          0.000
 BLUE           0.019         0.000
 NOI            0.017         0.015         0.000


           EST./S.E. FOR ESTIMATED CORRELATION MATRIX FOR THE LATENT VARIABLES
              COH           PSS           PHQ           PLEA          SAFE
              ________      ________      ________      ________      ________
 COH          999.000
 PSS          -26.274       999.000
 PHQ          -24.560       158.846       999.000
 PLEA          49.384       -19.760       -18.195       999.000
 SAFE          38.421       -21.924       -16.117        54.895       999.000
 GREEN         -5.772         3.762         2.787        -8.407        -8.192
 BLUE          -2.500        -0.583        -2.107        -5.042        -4.546
 NOI          -36.751        20.769        21.173       -34.240       -27.696


           EST./S.E. FOR ESTIMATED CORRELATION MATRIX FOR THE LATENT VARIABLES
              GREEN         BLUE          NOI
              ________      ________      ________
 GREEN        999.000
 BLUE          27.267       999.000
 NOI            2.449         1.711       999.000


           TWO-TAILED P-VALUE FOR ESTIMATED CORRELATION MATRIX FOR THE LATENT VARIABLES
              COH           PSS           PHQ           PLEA          SAFE
              ________      ________      ________      ________      ________
 COH            0.000
 PSS            0.000         0.000
 PHQ            0.000         0.000         0.000
 PLEA           0.000         0.000         0.000         0.000
 SAFE           0.000         0.000         0.000         0.000         0.000
 GREEN          0.000         0.000         0.005         0.000         0.000
 BLUE           0.012         0.560         0.035         0.000         0.000
 NOI            0.000         0.000         0.000         0.000         0.000


           TWO-TAILED P-VALUE FOR ESTIMATED CORRELATION MATRIX FOR THE LATENT VARIABLES
              GREEN         BLUE          NOI
              ________      ________      ________
 GREEN          0.000
 BLUE           0.000         0.000
 NOI            0.014         0.087         0.000


     Beginning Time:  13:35:07
        Ending Time:  13:35:20
       Elapsed Time:  00:00:13



MUTHEN & MUTHEN
3463 Stoner Ave.
Los Angeles, CA  90066

Tel: (310) 391-9971
Fax: (310) 391-8971
Web: www.StatModel.com
Support: Support@StatModel.com

Copyright (c) 1998-2017 Muthen & Muthen
