Mplus VERSION 8
MUTHEN & MUTHEN
10/05/2019  10:56 AM

INPUT INSTRUCTIONS

  DATA:
  FILE = "sem_mod_work_update_6d896da3ed8e111ba275322f20274eb8.dat";

  VARIABLE:
  NAMES = Pcoh1 Pcoh2 Pcoh3 Ppss1 Ppss2 Ppss3 Ppss4 Ppss5 Pphq1 Pphq2 Pphq3 Pphq4
       Pphq5 Pplea1 Pplea2 Psafe1 Psafe2 Psafe3 Pgreen1 Pgreen2 river lake beach
       traffic inside outside phys clus age eduM eduH inc2 inc3 inc4 inc5 hous2c
       houssp houso marS marW marN work;
   MISSING=.;
   CLUSTER = clus;
  ANALYSIS:
  TYPE = complex random;
  MODEL:
  coh BY Pcoh1*;

  coh BY Pcoh2;

  coh BY Pcoh3;

  [coh@0];

  coh@1;

  pss BY Ppss1*;

  pss BY Ppss2;

  pss BY Ppss3;

  pss BY Ppss4;

  pss BY Ppss5;

  [pss@0];

  pss@1;

  phq BY Pphq1*;

  phq BY Pphq2;

  phq BY Pphq3;

  phq BY Pphq4;

  phq BY Pphq5;

  [phq@0];

  phq@1;

  plea BY Pplea1*;

  plea BY Pplea2;

  [plea@0];

  plea@1;

  safe BY Psafe1*;

  safe BY Psafe2;

  safe BY Psafe3;

  [safe@0];

  safe@1;

  green BY Pgreen1*;

  green BY Pgreen2;

  [green@0];

  green@1;

  blue BY river*;

  blue BY lake;

  blue BY beach;

  [blue@0];

  blue@1;

  noi BY traffic*;

  noi BY inside;

  noi BY outside;

  [noi@0];

  noi@1;

  phq ON age;
  phq ON eduM;
  phq ON eduH;
  phq ON inc2;
  phq ON inc3;
  phq ON inc4;
  phq ON inc5;
  phq ON hous2c;
  phq ON houssp;
  phq ON houso;
  phq ON marS;
  phq ON marW;
  phq ON marN;
  pss ON age;
  pss ON eduM;
  pss ON eduH;
  pss ON inc2;
  pss ON inc3;
  pss ON inc4;
  pss ON inc5;
  pss ON hous2c;
  pss ON houssp;
  pss ON houso;
  pss ON marS;
  pss ON marW;
  pss ON marN;
  phys ON age;
  phys ON eduM;
  phys ON eduH;
  phys ON inc2;
  phys ON inc3;
  phys ON inc4;
  phys ON inc5;
  phys ON hous2c;
  phys ON houssp;
  phys ON houso;
  phys ON marS;
  phys ON marW;
  phys ON marN;

  Iblue | work XWITH blue;

  phq ON noi;
  phq ON plea;
  phq ON safe;
  phq ON coh;
  phq ON green;
  phq ON blue;
  phq ON work;
  phq ON Iblue;
  pss ON noi;
  pss ON plea;
  pss ON safe;
  pss ON coh;
  pss ON green;
  pss ON blue;
  pss ON work;
  phys ON noi;
  phys ON plea;
  phys ON safe;
  phys ON coh;
  phys ON green;
  phys ON blue;
  phys ON work;
  phq ON pss;
  phq ON phys;
  OUTPUT:
  standardized tech4 modindices;



*** WARNING in OUTPUT command
  STANDARDIZED (STD, STDY, STDYX) options for TYPE=RANDOM require ALGORITHM=INTEGRATION.
  Request for STANDARDIZED (STD, STDY, STDYX) is ignored.
*** WARNING in OUTPUT command
  TECH4 option for TYPE=RANDOM requires ALGORITHM=INTEGRATION.
  Request for TECH4 is ignored.
*** WARNING
  Data set contains cases with missing on x-variables.
  These cases were not included in the analysis.
  Number of cases with missing on x-variables:  148
*** WARNING
  Data set contains cases with missing on all variables except
  x-variables.  These cases were not included in the analysis.
  Number of cases with missing on all variables except x-variables:  3
   4 WARNING(S) FOUND IN THE INPUT INSTRUCTIONS




SUMMARY OF ANALYSIS

Number of groups                                                 1
Number of observations                                        5724

Number of dependent variables                                   27
Number of independent variables                                 14
Number of continuous latent variables                            9

Observed dependent variables

  Continuous
   PCOH1       PCOH2       PCOH3       PPSS1       PPSS2       PPSS3
   PPSS4       PPSS5       PPHQ1       PPHQ2       PPHQ3       PPHQ4
   PPHQ5       PPLEA1      PPLEA2      PSAFE1      PSAFE2      PSAFE3
   PGREEN1     PGREEN2     RIVER       LAKE        BEACH       TRAFFIC
   INSIDE      OUTSIDE     PHYS

Observed independent variables
   AGE         EDUM        EDUH        INC2        INC3        INC4
   INC5        HOUS2C      HOUSSP      HOUSO       MARS        MARW
   MARN        WORK

Continuous latent variables
   COH         PSS         PHQ         PLEA        SAFE        GREEN
   BLUE        NOI         IBLUE

Variables with special functions

  Cluster variable      CLUS

Estimator                                                      MLR
Information matrix                                        OBSERVED
Maximum number of iterations                                   100
Convergence criterion                                    0.100D-05
Maximum number of EM iterations                                500
Convergence criteria for the EM algorithm
  Loglikelihood change                                   0.100D-02
  Relative loglikelihood change                          0.100D-05
  Derivative                                             0.100D-03
Minimum variance                                         0.100D-03
Maximum number of steepest descent iterations                   20
Maximum number of iterations for H1                           2000
Convergence criterion for H1                             0.100D-03
Optimization algorithm                                         EMA

Input data file(s)
  sem_mod_work_update_6d896da3ed8e111ba275322f20274eb8.dat
Input data format  FREE


SUMMARY OF DATA

     Number of missing data patterns           212
     Number of clusters        1380



COVARIANCE COVERAGE OF DATA

Minimum covariance coverage value   0.100


     PROPORTION OF DATA PRESENT


           Covariance Coverage
              PCOH1         PCOH2         PCOH3         PPSS1         PPSS2
              ________      ________      ________      ________      ________
 PCOH1          0.981
 PCOH2          0.979         0.991
 PCOH3          0.964         0.970         0.972
 PPSS1          0.972         0.981         0.963         0.989
 PPSS2          0.974         0.984         0.965         0.988         0.991
 PPSS3          0.973         0.983         0.964         0.988         0.989
 PPSS4          0.975         0.985         0.966         0.988         0.991
 PPSS5          0.975         0.985         0.966         0.988         0.991
 PPHQ1          0.976         0.985         0.967         0.986         0.989
 PPHQ2          0.974         0.984         0.965         0.986         0.988
 PPHQ3          0.975         0.985         0.966         0.987         0.989
 PPHQ4          0.975         0.985         0.966         0.986         0.989
 PPHQ5          0.971         0.981         0.963         0.982         0.984
 PPLEA1         0.979         0.990         0.971         0.988         0.990
 PPLEA2         0.979         0.990         0.971         0.987         0.990
 PSAFE1         0.978         0.988         0.969         0.985         0.988
 PSAFE2         0.978         0.988         0.969         0.986         0.988
 PSAFE3         0.975         0.984         0.965         0.982         0.984
 PGREEN1        0.975         0.985         0.966         0.983         0.985
 PGREEN2        0.973         0.983         0.964         0.980         0.982
 RIVER          0.937         0.946         0.928         0.944         0.946
 LAKE           0.933         0.942         0.924         0.940         0.941
 BEACH          0.938         0.947         0.929         0.945         0.947
 TRAFFIC        0.974         0.984         0.965         0.982         0.985
 INSIDE         0.976         0.986         0.967         0.984         0.986
 OUTSIDE        0.974         0.983         0.965         0.981         0.984
 PHYS           0.935         0.945         0.927         0.945         0.947
 AGE            0.981         0.991         0.972         0.989         0.991
 EDUM           0.981         0.991         0.972         0.989         0.991
 EDUH           0.981         0.991         0.972         0.989         0.991
 INC2           0.981         0.991         0.972         0.989         0.991
 INC3           0.981         0.991         0.972         0.989         0.991
 INC4           0.981         0.991         0.972         0.989         0.991
 INC5           0.981         0.991         0.972         0.989         0.991
 HOUS2C         0.981         0.991         0.972         0.989         0.991
 HOUSSP         0.981         0.991         0.972         0.989         0.991
 HOUSO          0.981         0.991         0.972         0.989         0.991
 MARS           0.981         0.991         0.972         0.989         0.991
 MARW           0.981         0.991         0.972         0.989         0.991
 MARN           0.981         0.991         0.972         0.989         0.991
 WORK           0.981         0.991         0.972         0.989         0.991


           Covariance Coverage
              PPSS3         PPSS4         PPSS5         PPHQ1         PPHQ2
              ________      ________      ________      ________      ________
 PPSS3          0.990
 PPSS4          0.990         0.992
 PPSS5          0.990         0.991         0.992
 PPHQ1          0.988         0.990         0.990         0.993
 PPHQ2          0.987         0.988         0.988         0.991         0.992
 PPHQ3          0.988         0.990         0.990         0.992         0.991
 PPHQ4          0.988         0.989         0.990         0.992         0.991
 PPHQ5          0.984         0.985         0.985         0.988         0.987
 PPLEA1         0.989         0.991         0.991         0.992         0.991
 PPLEA2         0.989         0.991         0.991         0.992         0.990
 PSAFE1         0.987         0.989         0.989         0.990         0.988
 PSAFE2         0.987         0.989         0.989         0.990         0.989
 PSAFE3         0.984         0.985         0.985         0.986         0.985
 PGREEN1        0.984         0.986         0.986         0.986         0.985
 PGREEN2        0.981         0.984         0.983         0.984         0.982
 RIVER          0.945         0.947         0.947         0.947         0.947
 LAKE           0.941         0.942         0.942         0.943         0.942
 BEACH          0.946         0.948         0.948         0.949         0.948
 TRAFFIC        0.984         0.985         0.986         0.986         0.985
 INSIDE         0.985         0.987         0.987         0.988         0.987
 OUTSIDE        0.983         0.985         0.985         0.986         0.984
 PHYS           0.946         0.947         0.947         0.949         0.948
 AGE            0.990         0.992         0.992         0.993         0.992
 EDUM           0.990         0.992         0.992         0.993         0.992
 EDUH           0.990         0.992         0.992         0.993         0.992
 INC2           0.990         0.992         0.992         0.993         0.992
 INC3           0.990         0.992         0.992         0.993         0.992
 INC4           0.990         0.992         0.992         0.993         0.992
 INC5           0.990         0.992         0.992         0.993         0.992
 HOUS2C         0.990         0.992         0.992         0.993         0.992
 HOUSSP         0.990         0.992         0.992         0.993         0.992
 HOUSO          0.990         0.992         0.992         0.993         0.992
 MARS           0.990         0.992         0.992         0.993         0.992
 MARW           0.990         0.992         0.992         0.993         0.992
 MARN           0.990         0.992         0.992         0.993         0.992
 WORK           0.990         0.992         0.992         0.993         0.992


           Covariance Coverage
              PPHQ3         PPHQ4         PPHQ5         PPLEA1        PPLEA2
              ________      ________      ________      ________      ________
 PPHQ3          0.993
 PPHQ4          0.992         0.993
 PPHQ5          0.988         0.988         0.989
 PPLEA1         0.992         0.991         0.988         0.998
 PPLEA2         0.991         0.991         0.987         0.997         0.998
 PSAFE1         0.989         0.989         0.985         0.995         0.995
 PSAFE2         0.990         0.990         0.985         0.995         0.995
 PSAFE3         0.985         0.985         0.981         0.991         0.991
 PGREEN1        0.986         0.986         0.982         0.991         0.991
 PGREEN2        0.983         0.983         0.980         0.988         0.989
 RIVER          0.947         0.947         0.944         0.951         0.951
 LAKE           0.942         0.942         0.939         0.946         0.947
 BEACH          0.948         0.948         0.945         0.953         0.953
 TRAFFIC        0.986         0.986         0.982         0.991         0.991
 INSIDE         0.988         0.988         0.984         0.992         0.992
 OUTSIDE        0.985         0.985         0.981         0.990         0.990
 PHYS           0.949         0.949         0.946         0.951         0.950
 AGE            0.993         0.993         0.989         0.998         0.998
 EDUM           0.993         0.993         0.989         0.998         0.998
 EDUH           0.993         0.993         0.989         0.998         0.998
 INC2           0.993         0.993         0.989         0.998         0.998
 INC3           0.993         0.993         0.989         0.998         0.998
 INC4           0.993         0.993         0.989         0.998         0.998
 INC5           0.993         0.993         0.989         0.998         0.998
 HOUS2C         0.993         0.993         0.989         0.998         0.998
 HOUSSP         0.993         0.993         0.989         0.998         0.998
 HOUSO          0.993         0.993         0.989         0.998         0.998
 MARS           0.993         0.993         0.989         0.998         0.998
 MARW           0.993         0.993         0.989         0.998         0.998
 MARN           0.993         0.993         0.989         0.998         0.998
 WORK           0.993         0.993         0.989         0.998         0.998


           Covariance Coverage
              PSAFE1        PSAFE2        PSAFE3        PGREEN1       PGREEN2
              ________      ________      ________      ________      ________
 PSAFE1         0.996
 PSAFE2         0.994         0.996
 PSAFE3         0.990         0.991         0.992
 PGREEN1        0.990         0.990         0.985         0.992
 PGREEN2        0.987         0.987         0.983         0.988         0.990
 RIVER          0.950         0.950         0.947         0.951         0.950
 LAKE           0.945         0.945         0.943         0.947         0.946
 BEACH          0.952         0.952         0.949         0.952         0.951
 TRAFFIC        0.989         0.989         0.985         0.985         0.983
 INSIDE         0.990         0.990         0.986         0.987         0.984
 OUTSIDE        0.988         0.988         0.984         0.985         0.982
 PHYS           0.949         0.949         0.946         0.946         0.944
 AGE            0.996         0.996         0.992         0.992         0.990
 EDUM           0.996         0.996         0.992         0.992         0.990
 EDUH           0.996         0.996         0.992         0.992         0.990
 INC2           0.996         0.996         0.992         0.992         0.990
 INC3           0.996         0.996         0.992         0.992         0.990
 INC4           0.996         0.996         0.992         0.992         0.990
 INC5           0.996         0.996         0.992         0.992         0.990
 HOUS2C         0.996         0.996         0.992         0.992         0.990
 HOUSSP         0.996         0.996         0.992         0.992         0.990
 HOUSO          0.996         0.996         0.992         0.992         0.990
 MARS           0.996         0.996         0.992         0.992         0.990
 MARW           0.996         0.996         0.992         0.992         0.990
 MARN           0.996         0.996         0.992         0.992         0.990
 WORK           0.996         0.996         0.992         0.992         0.990


           Covariance Coverage
              RIVER         LAKE          BEACH         TRAFFIC       INSIDE
              ________      ________      ________      ________      ________
 RIVER          0.952
 LAKE           0.930         0.948
 BEACH          0.923         0.922         0.954
 TRAFFIC        0.946         0.941         0.948         0.993
 INSIDE         0.947         0.942         0.949         0.987         0.994
 OUTSIDE        0.945         0.940         0.948         0.985         0.989
 PHYS           0.911         0.906         0.912         0.947         0.947
 AGE            0.952         0.948         0.954         0.993         0.994
 EDUM           0.952         0.948         0.954         0.993         0.994
 EDUH           0.952         0.948         0.954         0.993         0.994
 INC2           0.952         0.948         0.954         0.993         0.994
 INC3           0.952         0.948         0.954         0.993         0.994
 INC4           0.952         0.948         0.954         0.993         0.994
 INC5           0.952         0.948         0.954         0.993         0.994
 HOUS2C         0.952         0.948         0.954         0.993         0.994
 HOUSSP         0.952         0.948         0.954         0.993         0.994
 HOUSO          0.952         0.948         0.954         0.993         0.994
 MARS           0.952         0.948         0.954         0.993         0.994
 MARW           0.952         0.948         0.954         0.993         0.994
 MARN           0.952         0.948         0.954         0.993         0.994
 WORK           0.952         0.948         0.954         0.993         0.994


           Covariance Coverage
              OUTSIDE       PHYS          AGE           EDUM          EDUH
              ________      ________      ________      ________      ________
 OUTSIDE        0.991
 PHYS           0.945         0.952
 AGE            0.991         0.952         1.000
 EDUM           0.991         0.952         1.000         1.000
 EDUH           0.991         0.952         1.000         1.000         1.000
 INC2           0.991         0.952         1.000         1.000         1.000
 INC3           0.991         0.952         1.000         1.000         1.000
 INC4           0.991         0.952         1.000         1.000         1.000
 INC5           0.991         0.952         1.000         1.000         1.000
 HOUS2C         0.991         0.952         1.000         1.000         1.000
 HOUSSP         0.991         0.952         1.000         1.000         1.000
 HOUSO          0.991         0.952         1.000         1.000         1.000
 MARS           0.991         0.952         1.000         1.000         1.000
 MARW           0.991         0.952         1.000         1.000         1.000
 MARN           0.991         0.952         1.000         1.000         1.000
 WORK           0.991         0.952         1.000         1.000         1.000


           Covariance Coverage
              INC2          INC3          INC4          INC5          HOUS2C
              ________      ________      ________      ________      ________
 INC2           1.000
 INC3           1.000         1.000
 INC4           1.000         1.000         1.000
 INC5           1.000         1.000         1.000         1.000
 HOUS2C         1.000         1.000         1.000         1.000         1.000
 HOUSSP         1.000         1.000         1.000         1.000         1.000
 HOUSO          1.000         1.000         1.000         1.000         1.000
 MARS           1.000         1.000         1.000         1.000         1.000
 MARW           1.000         1.000         1.000         1.000         1.000
 MARN           1.000         1.000         1.000         1.000         1.000
 WORK           1.000         1.000         1.000         1.000         1.000


           Covariance Coverage
              HOUSSP        HOUSO         MARS          MARW          MARN
              ________      ________      ________      ________      ________
 HOUSSP         1.000
 HOUSO          1.000         1.000
 MARS           1.000         1.000         1.000
 MARW           1.000         1.000         1.000         1.000
 MARN           1.000         1.000         1.000         1.000         1.000
 WORK           1.000         1.000         1.000         1.000         1.000


           Covariance Coverage
              WORK
              ________
 WORK           1.000



UNIVARIATE SAMPLE STATISTICS


     UNIVARIATE HIGHER-ORDER MOMENT DESCRIPTIVE STATISTICS

         Variable/         Mean/     Skewness/   Minimum/ % with                Percentiles
        Sample Size      Variance    Kurtosis    Maximum  Min/Max      20%/60%    40%/80%    Median

     PCOH1                 3.725      -0.612       1.000    0.66%       3.000      3.500      4.000
            5613.000       0.587       0.650       5.000    8.61%       4.000      4.500
     PCOH2                 3.865      -0.595       1.000    0.37%       3.500      4.000      4.000
            5673.000       0.533       0.659       5.000   11.93%       4.000      4.500
     PCOH3                 4.052      -0.909       1.000    1.01%       4.000      4.000      4.000
            5562.000       0.614       1.578       5.000   27.89%       4.000      5.000
     PPSS1                 1.624       0.599       0.000    0.62%       1.000      1.500      1.500
            5660.000       0.686      -0.060       5.000    0.02%       1.500      2.500
     PPSS2                 1.641       0.528       0.000    0.33%       1.000      1.500      1.500
            5674.000       0.594       0.024       4.500    0.21%       2.000      2.500
     PPSS3                 1.835       0.328       0.000    0.19%       1.000      1.500      2.000
            5668.000       0.557       0.028       4.500    0.26%       2.000      2.500
     PPSS4                 2.052       0.291       0.000    0.07%       1.500      2.000      2.000
            5679.000       0.585      -0.092       4.500    0.35%       2.000      2.500
     PPSS5                 1.297       0.360       0.000   12.39%       0.500      1.000      1.000
            5680.000       0.721      -0.268       4.000    0.46%       1.500      2.000
     PPHQ1                 0.294       2.520       0.000   63.99%       0.000      0.000      0.000
            5685.000       0.269       7.573       3.000    0.72%       0.000      0.500
     PPHQ2                 0.333       2.181       0.000   64.14%       0.000      0.000      0.000
            5677.000       0.330       5.071       3.000    0.85%       0.000      0.500
     PPHQ3                 0.987       0.861       0.000   18.90%       0.500      0.500      1.000
            5683.000       0.655       0.164       3.000    5.23%       1.000      1.500
     PPHQ4                 0.569       1.426       0.000   45.27%       0.000      0.000      0.500
            5682.000       0.506       1.630       3.000    1.71%       0.500      1.000
     PPHQ5                 0.656       1.176       0.000   48.33%       0.000      0.000      1.000
            5659.000       0.579       1.275       3.000    3.73%       1.000      1.000
     PPLEA1                3.378      -0.805       1.000    0.28%       3.000      3.500      3.500
            5712.000       0.316       0.572       4.000   30.86%       3.500      4.000
     PPLEA2                3.332      -0.914       1.000    0.56%       3.000      3.500      3.500
            5712.000       0.367       0.802       4.000   29.04%       3.500      4.000
     PSAFE1                3.171      -0.425       1.000    0.46%       2.500      3.000      3.000
            5700.000       0.376      -0.024       4.000   21.70%       3.500      4.000
     PSAFE2                3.234      -0.525       1.000    0.58%       3.000      3.000      3.000
            5701.000       0.352       0.415       4.000   24.89%       3.500      4.000
     PSAFE3                3.483      -1.048       1.000    0.56%       3.000      3.500      3.500
            5677.000       0.322       1.431       4.000   44.87%       4.000      4.000
     PGREEN1               2.217       0.304       1.000    6.09%       1.500      2.000      2.000
            5681.000       0.396       0.237       4.000    2.01%       2.500      2.500
     PGREEN2               1.997       0.424       1.000   15.70%       1.500      2.000      2.000
            5667.000       0.481      -0.327       4.000    1.09%       2.000      2.500
     RIVER                 2.768      -0.348       1.000   13.41%       2.000      3.000      3.000
            5452.000       0.982      -0.919       4.000   26.80%       3.000      4.000
     LAKE                  2.812      -0.394       1.000   12.63%       2.000      3.000      3.000
            5424.000       0.984      -0.896       4.000   28.91%       3.000      4.000
     BEACH                 3.811      -3.125       1.000    0.99%       4.000      4.000      4.000
            5461.000       0.271      10.296       4.000   85.95%       4.000      4.000
     TRAFFIC               2.172       0.077       1.000   21.22%       1.000      2.000      2.000
            5683.000       0.632      -0.705       4.000    3.29%       2.000      3.000
     INSIDE                1.552       1.285       1.000   55.07%       1.000      1.000      1.000
            5689.000       0.499       1.617       4.000    2.34%       2.000      2.000
     OUTSIDE               1.732       0.871       1.000   40.11%       1.000      1.000      2.000
            5674.000       0.515       0.839       4.000    2.61%       2.000      2.000
     PHYS                  5.129      -0.183       1.000    5.63%       3.000      4.000      5.000
            5450.000       4.795      -1.118       8.000   22.09%       6.000      8.000
     AGE                  44.606      -0.352      18.000    2.03%      29.000     42.000     47.000
            5724.000     196.946      -1.125      65.000    2.34%      51.000     59.000
     EDUM                  0.365       0.563       0.000   63.54%       0.000      0.000      0.000
            5724.000       0.232      -1.683       1.000   36.46%       0.000      1.000
     EDUH                  0.432       0.273       0.000   56.76%       0.000      0.000      0.000
            5724.000       0.245      -1.925       1.000   43.24%       1.000      1.000
     INC2                  0.110       2.495       0.000   89.01%       0.000      0.000      0.000
            5724.000       0.098       4.224       1.000   10.99%       0.000      0.000
     INC3                  0.189       1.586       0.000   81.06%       0.000      0.000      0.000
            5724.000       0.154       0.514       1.000   18.94%       0.000      0.000
     INC4                  0.253       1.138       0.000   74.72%       0.000      0.000      0.000
            5724.000       0.189      -0.706       1.000   25.28%       0.000      1.000
     INC5                  0.338       0.686       0.000   66.23%       0.000      0.000      0.000
            5724.000       0.224      -1.529       1.000   33.77%       0.000      1.000
     HOUS2C                0.307       0.836       0.000   69.29%       0.000      0.000      0.000
            5724.000       0.213      -1.301       1.000   30.71%       0.000      1.000
     HOUSSP                0.062       3.638       0.000   93.82%       0.000      0.000      0.000
            5724.000       0.058      11.235       1.000    6.18%       0.000      0.000
     HOUSO                 0.175       1.712       0.000   82.51%       0.000      0.000      0.000
            5724.000       0.144       0.930       1.000   17.49%       0.000      0.000
     MARS                  0.084       2.990       0.000   91.56%       0.000      0.000      0.000
            5724.000       0.077       6.943       1.000    8.44%       0.000      0.000
     MARW                  0.014       8.335       0.000   98.62%       0.000      0.000      0.000
            5724.000       0.014      67.470       1.000    1.38%       0.000      0.000
     MARN                  0.382       0.485       0.000   61.79%       0.000      0.000      0.000
            5724.000       0.236      -1.764       1.000   38.21%       0.000      1.000
     WORK                  3.144      -0.292       1.000   28.51%       1.000      3.000      4.000
            5724.000       2.448      -1.456       5.000   25.23%       4.000      5.000


THE MODEL ESTIMATION TERMINATED NORMALLY



MODEL FIT INFORMATION

Number of Free Parameters                      158

Loglikelihood

          H0 Value                     -138312.035
          H0 Scaling Correction Factor      1.3961
            for MLR

Information Criteria

          Akaike (AIC)                  276940.071
          Bayesian (BIC)                277991.154
          Sample-Size Adjusted BIC      277489.076
            (n* = (n + 2) / 24)



MODEL RESULTS

                                                    Two-Tailed
                    Estimate       S.E.  Est./S.E.    P-Value

 COH      BY
    PCOH1              0.634      0.012     53.222      0.000
    PCOH2              0.634      0.010     62.152      0.000
    PCOH3              0.557      0.012     46.286      0.000

 PSS      BY
    PPSS1              0.591      0.009     62.603      0.000
    PPSS2              0.571      0.008     67.985      0.000
    PPSS3              0.541      0.009     63.575      0.000
    PPSS4              0.579      0.008     75.214      0.000
    PPSS5              0.607      0.009     67.251      0.000

 PHQ      BY
    PPHQ1              0.249      0.007     36.785      0.000
    PPHQ2              0.273      0.007     39.226      0.000
    PPHQ3              0.343      0.007     47.305      0.000
    PPHQ4              0.324      0.008     41.426      0.000
    PPHQ5              0.302      0.008     38.116      0.000

 PLEA     BY
    PPLEA1             0.333      0.009     36.701      0.000
    PPLEA2             0.482      0.011     43.273      0.000

 SAFE     BY
    PSAFE1             0.528      0.009     60.811      0.000
    PSAFE2             0.432      0.008     52.247      0.000
    PSAFE3             0.391      0.010     40.443      0.000

 GREEN    BY
    PGREEN1            0.438      0.017     25.336      0.000
    PGREEN2            0.405      0.018     23.137      0.000

 BLUE     BY
    RIVER              0.466      0.023     20.559      0.000
    LAKE               0.698      0.027     25.674      0.000
    BEACH              0.105      0.012      8.586      0.000

 NOI      BY
    TRAFFIC            0.236      0.014     16.851      0.000
    INSIDE             0.581      0.013     45.283      0.000
    OUTSIDE            0.553      0.012     46.144      0.000

 PHQ        ON
    NOI                0.114      0.026      4.453      0.000
    PLEA              -0.003      0.041     -0.076      0.940
    SAFE               0.101      0.033      3.047      0.002
    COH               -0.081      0.030     -2.713      0.007
    GREEN              0.019      0.033      0.579      0.563
    BLUE              -0.009      0.086     -0.102      0.919
    IBLUE             -0.012      0.020     -0.595      0.552
    PSS                1.190      0.033     35.643      0.000

 PSS        ON
    NOI                0.127      0.022      5.640      0.000
    PLEA               0.088      0.033      2.679      0.007
    SAFE              -0.152      0.026     -5.829      0.000
    COH               -0.210      0.024     -8.616      0.000
    GREEN              0.026      0.027      0.985      0.325
    BLUE               0.007      0.027      0.270      0.787

 PHQ        ON
    AGE               -0.002      0.002     -1.178      0.239
    EDUM               0.092      0.054      1.709      0.087
    EDUH               0.150      0.052      2.896      0.004
    INC2              -0.145      0.084     -1.723      0.085
    INC3              -0.228      0.068     -3.362      0.001
    INC4              -0.255      0.068     -3.771      0.000
    INC5              -0.152      0.065     -2.320      0.020
    HOUS2C             0.029      0.039      0.744      0.457
    HOUSSP             0.012      0.072      0.161      0.872
    HOUSO              0.015      0.046      0.329      0.742
    MARS               0.239      0.072      3.344      0.001
    MARW              -0.058      0.146     -0.398      0.691
    MARN               0.104      0.043      2.431      0.015
    WORK              -0.066      0.012     -5.554      0.000
    PHYS              -0.042      0.009     -4.892      0.000

 PSS        ON
    AGE               -0.012      0.001     -8.975      0.000
    EDUM              -0.185      0.043     -4.256      0.000
    EDUH              -0.334      0.042     -7.910      0.000
    INC2               0.075      0.065      1.149      0.251
    INC3              -0.018      0.060     -0.305      0.760
    INC4              -0.042      0.057     -0.751      0.453
    INC5              -0.180      0.055     -3.281      0.001
    HOUS2C             0.000      0.033      0.008      0.994
    HOUSSP            -0.033      0.060     -0.542      0.588
    HOUSO             -0.019      0.040     -0.483      0.629
    MARS               0.308      0.055      5.555      0.000
    MARW               0.364      0.135      2.701      0.007
    MARN               0.065      0.038      1.709      0.088
    WORK              -0.091      0.010     -9.208      0.000

 PHYS       ON
    NOI                0.107      0.044      2.437      0.015
    PLEA               0.007      0.070      0.098      0.922
    SAFE              -0.012      0.051     -0.226      0.821
    COH                0.131      0.049      2.684      0.007
    GREEN             -0.068      0.053     -1.274      0.203
    BLUE              -0.147      0.054     -2.712      0.007

 PHYS       ON
    AGE                0.021      0.003      7.826      0.000
    EDUM              -0.036      0.086     -0.421      0.674
    EDUH              -0.041      0.088     -0.467      0.640
    INC2              -0.180      0.132     -1.364      0.173
    INC3              -0.267      0.118     -2.257      0.024
    INC4              -0.208      0.114     -1.831      0.067
    INC5              -0.191      0.113     -1.688      0.091
    HOUS2C            -0.039      0.068     -0.575      0.565
    HOUSSP            -0.069      0.121     -0.574      0.566
    HOUSO             -0.100      0.081     -1.228      0.220
    MARS               0.010      0.117      0.085      0.932
    MARW               0.533      0.266      2.001      0.045
    MARN               0.191      0.079      2.416      0.016
    WORK              -0.122      0.020     -5.941      0.000

 PLEA     WITH
    COH                0.612      0.017     36.146      0.000

 SAFE     WITH
    COH                0.438      0.016     27.099      0.000
    PLEA               0.639      0.016     39.304      0.000

 GREEN    WITH
    COH               -0.097      0.020     -4.761      0.000
    PLEA              -0.172      0.024     -7.076      0.000
    SAFE              -0.139      0.020     -6.945      0.000

 BLUE     WITH
    COH               -0.037      0.021     -1.784      0.074
    PLEA              -0.079      0.024     -3.362      0.001
    SAFE              -0.077      0.021     -3.725      0.000
    GREEN              0.510      0.027     18.735      0.000

 NOI      WITH
    COH               -0.442      0.017    -26.073      0.000
    PLEA              -0.473      0.019    -25.059      0.000
    SAFE              -0.396      0.019    -21.316      0.000
    GREEN              0.057      0.023      2.533      0.011
    BLUE               0.031      0.022      1.429      0.153

 Means
    COH                0.000      0.000    999.000    999.000
    PLEA               0.000      0.000    999.000    999.000
    SAFE               0.000      0.000    999.000    999.000
    GREEN              0.000      0.000    999.000    999.000
    BLUE               0.000      0.000    999.000    999.000
    NOI                0.000      0.000    999.000    999.000

 Intercepts
    PCOH1              3.719      0.013    296.860      0.000
    PCOH2              3.864      0.011    346.643      0.000
    PCOH3              4.044      0.012    340.131      0.000
    PPSS1              2.242      0.055     40.844      0.000
    PPSS2              2.239      0.053     42.039      0.000
    PPSS3              2.400      0.050     47.962      0.000
    PPSS4              2.658      0.053     49.768      0.000
    PPSS5              1.932      0.057     33.647      0.000
    PPHQ1              0.733      0.040     18.125      0.000
    PPHQ2              0.815      0.044     18.426      0.000
    PPHQ3              1.590      0.054     29.554      0.000
    PPHQ4              1.139      0.051     22.273      0.000
    PPHQ5              1.187      0.048     24.776      0.000
    PPLEA1             3.378      0.009    356.976      0.000
    PPLEA2             3.331      0.012    281.038      0.000
    PSAFE1             3.169      0.010    312.529      0.000
    PSAFE2             3.233      0.009    371.793      0.000
    PSAFE3             3.481      0.010    362.688      0.000
    PGREEN1            2.217      0.011    197.572      0.000
    PGREEN2            1.998      0.011    186.083      0.000
    RIVER              2.766      0.019    145.114      0.000
    LAKE               2.811      0.016    175.747      0.000
    BEACH              3.811      0.012    310.673      0.000
    TRAFFIC            2.172      0.013    170.249      0.000
    INSIDE             1.554      0.011    143.906      0.000
    OUTSIDE            1.735      0.010    165.417      0.000
    PHYS               4.732      0.194     24.423      0.000
    PSS                0.000      0.000    999.000    999.000
    PHQ                0.000      0.000    999.000    999.000

 Variances
    COH                1.000      0.000    999.000    999.000
    PLEA               1.000      0.000    999.000    999.000
    SAFE               1.000      0.000    999.000    999.000
    GREEN              1.000      0.000    999.000    999.000
    BLUE               1.000      0.000    999.000    999.000
    NOI                1.000      0.000    999.000    999.000

 Residual Variances
    PCOH1              0.189      0.007     25.446      0.000
    PCOH2              0.131      0.007     18.463      0.000
    PCOH3              0.308      0.010     29.782      0.000
    PPSS1              0.252      0.008     32.685      0.000
    PPSS2              0.190      0.007     28.825      0.000
    PPSS3              0.194      0.005     37.739      0.000
    PPSS4              0.168      0.005     34.547      0.000
    PPSS5              0.263      0.007     37.005      0.000
    PPHQ1              0.082      0.004     23.364      0.000
    PPHQ2              0.107      0.004     26.098      0.000
    PPHQ3              0.303      0.008     39.518      0.000
    PPHQ4              0.192      0.006     30.994      0.000
    PPHQ5              0.305      0.010     29.267      0.000
    PPLEA1             0.205      0.007     31.304      0.000
    PPLEA2             0.134      0.007     18.101      0.000
    PSAFE1             0.097      0.005     18.066      0.000
    PSAFE2             0.165      0.006     29.635      0.000
    PSAFE3             0.170      0.007     25.893      0.000
    PGREEN1            0.204      0.014     14.103      0.000
    PGREEN2            0.318      0.014     23.165      0.000
    RIVER              0.766      0.024     31.839      0.000
    LAKE               0.497      0.038     13.142      0.000
    BEACH              0.260      0.020     12.663      0.000
    TRAFFIC            0.577      0.010     58.662      0.000
    INSIDE             0.163      0.009     17.943      0.000
    OUTSIDE            0.210      0.009     24.477      0.000
    PHYS               4.625      0.064     72.695      0.000
    PSS                1.000      0.000    999.000    999.000
    PHQ                1.000      0.000    999.000    999.000


QUALITY OF NUMERICAL RESULTS

     Condition Number for the Information Matrix              0.183E-07
       (ratio of smallest to largest eigenvalue)


MODEL MODIFICATION INDICES

NOTE:  Modification indices for direct effects of observed dependent variables
regressed on covariates may not be included.  To include these, request
MODINDICES (ALL).

Minimum M.I. value for printing the modification index    10.000

                                   M.I.     E.P.C.


BY Statements

COH      BY PPHQ5                 12.047    -0.031
COH      BY PSAFE2                80.939    -0.070
COH      BY PSAFE3               235.824     0.134
COH      BY PGREEN1               34.188    -0.085
COH      BY PGREEN2               19.249     0.044
COH      BY TRAFFIC               77.158    -0.117
COH      BY OUTSIDE               14.128     0.043
PSS      BY PCOH1                 20.956    -0.034
PSS      BY PPHQ4                 15.979    -0.050
PSS      BY PSAFE2                11.350     0.020
PSS      BY PSAFE3                13.464    -0.022
PSS      BY TRAFFIC               44.442     0.067
PHQ      BY PCOH1                 13.180    -0.018
PHQ      BY PPSS2                 27.154    -0.042
PHQ      BY PPSS3                 55.699    -0.060
PHQ      BY PPSS4                 71.915     0.067
PHQ      BY PPLEA2                14.735    -0.025
PHQ      BY PSAFE2                26.189     0.020
PHQ      BY PSAFE3                12.327    -0.013
PHQ      BY LAKE                  10.746    -0.048
PHQ      BY TRAFFIC               14.083     0.025
PLEA     BY PCOH1                285.440     0.337
PLEA     BY PCOH2                 41.539    -0.071
PLEA     BY PCOH3                 16.037    -0.054
PLEA     BY PSAFE1                42.573    -0.073
PLEA     BY PSAFE2                65.475    -0.091
PLEA     BY PSAFE3               830.445     0.523
PLEA     BY PGREEN1              999.000     0.000
PLEA     BY PGREEN2               51.830     0.078
PLEA     BY TRAFFIC              543.463    -0.366
PLEA     BY OUTSIDE               40.355     0.087
SAFE     BY PCOH1                 79.962     0.097
SAFE     BY PCOH3                 29.060    -0.056
SAFE     BY PPSS3                 13.016    -0.026
SAFE     BY PGREEN1               37.221    -0.099
SAFE     BY PGREEN2               17.524     0.043
SAFE     BY TRAFFIC              795.187    -0.383
SAFE     BY INSIDE                45.961     0.075
GREEN    BY PSAFE2                24.909    -0.040
GREEN    BY TRAFFIC              110.822     0.145
BLUE     BY PSAFE2                19.069    -0.036
BLUE     BY PGREEN1               15.404    -0.104
BLUE     BY PGREEN2              999.000     0.000
BLUE     BY TRAFFIC               31.459     0.081
NOI      BY PCOH1                114.099    -0.125
NOI      BY PCOH2                 34.291     0.051
NOI      BY PPSS1                 25.577    -0.044
NOI      BY PPHQ1                 17.189    -0.022
NOI      BY PPHQ2                 13.357    -0.022
NOI      BY PPHQ3                 42.608     0.061
NOI      BY PPLEA1                24.986     0.050
NOI      BY PPLEA2                63.945    -0.185
NOI      BY PSAFE2                10.199     0.025
NOI      BY PSAFE3                31.205    -0.047
NOI      BY PGREEN1               54.920     0.115
NOI      BY PGREEN2               29.795    -0.057
IBLUE    BY PSAFE2                12.653    -0.008
IBLUE    BY PGREEN2               49.119     0.090
IBLUE    BY TRAFFIC               23.412     0.020

ON/BY Statements

PHYS     ON PSS      /
PSS      BY PHYS                  19.825    -0.139
PHYS     ON PHQ      /
PHQ      BY PHYS                  19.879    -0.117
COH      ON PSS      /
PSS      BY COH                  176.529    -0.728
COH      ON PHQ      /
PHQ      BY COH                  195.978    -0.479
PSS      ON PHQ      /
PHQ      BY PSS                   19.688     0.704
PLEA     ON PSS      /
PSS      BY PLEA                  36.454    -0.309
PLEA     ON PHQ      /
PHQ      BY PLEA                  93.882    -0.476
SAFE     ON PHQ      /
PHQ      BY SAFE                  17.083     0.243

ON Statements

COH      ON PHYS                 999.000     0.000
COH      ON AGE                   32.025     0.005
COH      ON INC2                  18.832    -0.170
COH      ON INC5                  32.137     0.153
COH      ON MARN                  53.763    -0.187
COH      ON WORK                  21.645     0.036
PSS      ON PHYS                  19.828    -0.030
PLEA     ON PHYS                 999.000     0.000
PLEA     ON AGE                   63.568     0.008
PLEA     ON INC5                  29.534     0.152
PLEA     ON MARN                  67.044    -0.228
SAFE     ON PHYS                 999.000     0.000
SAFE     ON AGE                  127.285    -0.011
SAFE     ON EDUH                  29.879     0.139
SAFE     ON MARN                  39.938     0.167
SAFE     ON WORK                  13.777     0.030
GREEN    ON PHYS                  30.909     0.640
NOI      ON EDUH                  18.455     0.120

WITH Statements

PCOH3    WITH PCOH1               45.785    -0.034
PCOH3    WITH PCOH2              999.000     0.000
PPSS3    WITH PPSS1               32.789     0.021
PPSS3    WITH PPSS2               59.540     0.026
PPSS4    WITH PPSS2               33.023    -0.019
PPSS4    WITH PPSS3               12.326    -0.011
PPSS5    WITH PPSS1               52.586    -0.031
PPSS5    WITH PPSS2               34.838     0.023
PPSS5    WITH PPSS3               12.448    -0.013
PPHQ1    WITH PPSS1               56.794     0.018
PPHQ2    WITH PPSS1               30.410     0.015
PPHQ2    WITH PPHQ1              261.928     0.031
PPHQ3    WITH PPSS1               46.051    -0.029
PPHQ3    WITH PPSS4               80.109     0.032
PPHQ3    WITH PPHQ1               92.470    -0.027
PPHQ3    WITH PPHQ2              149.460    -0.038
PPHQ4    WITH PPSS1               23.729    -0.017
PPHQ4    WITH PPSS3               11.503    -0.010
PPHQ4    WITH PPHQ1              146.228    -0.029
PPHQ4    WITH PPHQ3              306.720     0.069
PPHQ5    WITH PPHQ1               29.100     0.014
PPHQ5    WITH PPHQ2               61.055    -0.023
PPLEA2   WITH PCOH1               19.455     0.016
PPLEA2   WITH PCOH2               25.776    -0.016
PSAFE1   WITH PPLEA1              13.696    -0.011
PSAFE1   WITH PPLEA2              10.708    -0.010
PSAFE2   WITH PCOH1               18.088    -0.013
PSAFE2   WITH PCOH3               10.904    -0.012
PSAFE2   WITH PPLEA2              29.504    -0.016
PSAFE2   WITH PSAFE1             999.000     0.000
PSAFE3   WITH PCOH1               45.728     0.021
PSAFE3   WITH PCOH3               10.411    -0.012
PSAFE3   WITH PPLEA1              10.243     0.009
PSAFE3   WITH PPLEA2             113.610     0.033
PSAFE3   WITH PSAFE1              34.856    -0.021
PSAFE3   WITH PSAFE2              48.633    -0.023
PGREEN1  WITH PPLEA2              34.450    -0.030
PGREEN2  WITH PPLEA2              52.657     0.031
PGREEN2  WITH PSAFE2              31.725    -0.022
PGREEN2  WITH PSAFE3              12.963     0.013
LAKE     WITH PSAFE2              10.562    -0.019
LAKE     WITH PGREEN1             17.580    -0.037
LAKE     WITH PGREEN2            126.106     0.327
LAKE     WITH RIVER              999.000     0.000
BEACH    WITH RIVER               10.030    -0.023
TRAFFIC  WITH PCOH2               14.549     0.019
TRAFFIC  WITH PPLEA2              48.254    -0.035
TRAFFIC  WITH PSAFE1              47.099    -0.032
TRAFFIC  WITH PSAFE2             195.823    -0.065
TRAFFIC  WITH PGREEN1             32.230     0.034
INSIDE   WITH PSAFE2              34.073     0.019
INSIDE   WITH TRAFFIC             55.388    -0.048
OUTSIDE  WITH PPHQ3               14.827     0.016
OUTSIDE  WITH PPLEA1              18.871     0.016
OUTSIDE  WITH TRAFFIC             29.457    -0.037
OUTSIDE  WITH INSIDE             999.000     0.000
PHYS     WITH PSS                 19.825    -0.139
AGE      WITH SAFE                57.844    -1.042
EDUM     WITH SAFE                13.144     0.015
EDUM     WITH NOI                 14.747     0.018
EDUH     WITH SAFE                33.238     0.025
EDUH     WITH NOI                 40.553     0.030
INC3     WITH COH                 10.377     0.010
INC4     WITH COH                 19.721     0.014
INC4     WITH PLEA                20.382     0.015
INC5     WITH COH                 24.652     0.017
INC5     WITH PLEA                32.940     0.020
MARS     WITH COH                 14.270    -0.012
MARN     WITH COH                 23.573    -0.023
MARN     WITH PLEA                12.980    -0.017
WORK     WITH PLEA                13.940    -0.070


DIAGRAM INFORMATION

  Use View Diagram under the Diagram menu in the Mplus Editor to view the diagram.
  If running Mplus from the Mplus Diagrammer, the diagram opens automatically.

  Diagram output
    c:\git_repositories\hroberts_cbs\sem_mod_work_update.dgm

     Beginning Time:  10:56:37
        Ending Time:  13:22:46
       Elapsed Time:  02:26:09



MUTHEN & MUTHEN
3463 Stoner Ave.
Los Angeles, CA  90066

Tel: (310) 391-9971
Fax: (310) 391-8971
Web: www.StatModel.com
Support: Support@StatModel.com

Copyright (c) 1998-2017 Muthen & Muthen
